#
# There is insufficient memory for the Java Runtime Environment to continue.
# Native memory allocation (malloc) failed to allocate 1824016 bytes. Error detail: Chunk::new
# Possible reasons:
#   The system is out of physical RAM or swap space
#   This process is running with CompressedOops enabled, and the Java Heap may be blocking the growth of the native heap
# Possible solutions:
#   Reduce memory load on the system
#   Increase physical memory or swap space
#   Check if swap backing store is full
#   Decrease Java heap size (-Xmx/-Xms)
#   Decrease number of Java threads
#   Decrease Java thread stack sizes (-Xss)
#   Set larger code cache with -XX:ReservedCodeCacheSize=
#   JVM is running with Unscaled Compressed Oops mode in which the Java heap is
#     placed in the first 4GB address space. The Java Heap base address is the
#     maximum limit for the native heap growth. Please use -XX:HeapBaseMinAddress
#     to set the Java Heap base and to place the Java Heap above 4GB virtual address.
# This output file may be truncated or incomplete.
#
#  Out of Memory Error (arena.cpp:168), pid=21136, tid=29944
#
# JRE version: OpenJDK Runtime Environment Temurin-21.0.6+7 (21.0.6+7) (build 21.0.6+7-LTS)
# Java VM: OpenJDK 64-Bit Server VM Temurin-21.0.6+7 (21.0.6+7-LTS, mixed mode, sharing, tiered, compressed oops, compressed class ptrs, parallel gc, windows-amd64)
# No core dump will be written. Minidumps are not enabled by default on client versions of Windows
#

---------------  S U M M A R Y ------------

Command Line: --add-modules=ALL-SYSTEM --add-opens=java.base/java.util=ALL-UNNAMED --add-opens=java.base/java.lang=ALL-UNNAMED --add-opens=java.base/sun.nio.fs=ALL-UNNAMED -Declipse.application=org.eclipse.jdt.ls.core.id1 -Dosgi.bundles.defaultStartLevel=4 -Declipse.product=org.eclipse.jdt.ls.core.product -Djava.import.generatesMetadataFilesAtProjectRoot=false -DDetectVMInstallationsJob.disabled=true -Dfile.encoding=utf8 -XX:+UseParallelGC -XX:GCTimeRatio=4 -XX:AdaptiveSizePolicyWeight=90 -Dsun.zip.disableMemoryMapping=true -Xmx1G -Xms100m -Xlog:disable -javaagent:c:\dev25-Dev-Appli\VSCode-devappli\data\extensions\redhat.java-1.42.2025040208-win32-x64\lombok\lombok-1.18.36.jar -XX:+HeapDumpOnOutOfMemoryError -XX:HeapDumpPath=c:\dev25-Dev-Appli\VSCode-devappli\data\user-data\User\workspaceStorage\8795ce356abd26f64471dffbf105a462\redhat.java -Daether.dependencyCollector.impl=bf c:\dev25-Dev-Appli\VSCode-devappli\data\extensions\redhat.java-1.42.2025040208-win32-x64\server\plugins\org.eclipse.equinox.launcher_1.7.0.v20250331-1702.jar -configuration c:\dev25-Dev-Appli\VSCode-devappli\data\user-data\User\globalStorage\redhat.java\1.42.2025040208\config_win -data c:\dev25-Dev-Appli\VSCode-devappli\data\user-data\User\workspaceStorage\8795ce356abd26f64471dffbf105a462\redhat.java\jdt_ws --pipe=\\.\pipe\lsp-755a349be44b8613ec6268176c8d6597-sock

Host: Intel(R) Core(TM) i7-8650U CPU @ 1.90GHz, 8 cores, 3G,  Windows 11 , 64 bit Build 22621 (10.0.22621.5124)
Time: Fri Apr  4 11:48:28 2025 Paris, Madrid (heure duild 22621 (10.0.22621.5124) elapsed time: 90.579424 seconds (0d 0h 1m 30s)

---------------  T H R E A D  ---------------

Current thread (0x0000026e47d186c0):  JavaThread "C2 CompilerThread0" daemon [_thread_in_native, id=29944, stack(0x0000009f8da00000,0x0000009f8db00000) (1024K)]


Current CompileTask:
C2:90580 11030       4       org.eclipse.jdt.internal.core.search.indexing.BinaryIndexer::extractReferenceFromConstantPool (358 bytes)

Stack: [0x0000009f8da00000,0x0000009f8db00000]
Native frames: (J=compiled Java code, j=interpreted, Vv=VM code, C=native code)
V  [jvm.dll+0x6cdee9]
V  [jvm.dll+0x8a83d1]
V  [jvm.dll+0x8aa8fe]
V  [jvm.dll+0x8aafe3]
V  [jvm.dll+0x27f706]
V  [jvm.dll+0xc500d]
V  [jvm.dll+0xc5543]
V  [jvm.dll+0x3b6752]
V  [jvm.dll+0x382935]
V  [jvm.dll+0x381d9a]
V  [jvm.dll+0x2479f0]
V  [jvm.dll+0x246fcf]
V  [jvm.dll+0x1c75ee]
V  [jvm.dll+0x25685a]
V  [jvm.dll+0x254dfa]
V  [jvm.dll+0x3f0256]
V  [jvm.dll+0x851f8b]
V  [jvm.dll+0x6cc5ed]
C  [ucrtbase.dll+0x29333]
C  [KERNEL32.DLL+0x1259d]
C  [ntdll.dll+0x5af38]


---------------  P R O C E S S  ---------------

Threads class SMR info:
_java_thread_list=0x0000026e914e6ff0, length=60, elements={
0x0000026e3395e920, 0x0000026e47d0cc40, 0x0000026e47d0f730, 0x0000026e47d11490,
0x0000026e47d123a0, 0x0000026e47d132b0, 0x0000026e47d14fb0, 0x0000026e47d186c0,
0x0000026e47d26390, 0x0000026e8a838690, 0x0000026e8a8372e0, 0x0000026e8a838d20,
0x0000026e8a8393b0, 0x0000026e8a837970, 0x0000026e8a839a40, 0x0000026e8a83a0d0,
0x0000026e8a83a760, 0x0000026e8feb2da0, 0x0000026e8feb19f0, 0x0000026e8feb3430,
0x0000026e8feb68b0, 0x0000026e8feb6f40, 0x0000026e8feb3ac0, 0x0000026e8feb0cd0,
0x0000026e8feb75d0, 0x0000026e8feb4150, 0x0000026e8feb2080, 0x0000026e8feb5b90,
0x0000026e8feb7c60, 0x0000026e8feb1360, 0x0000026e8feb82f0, 0x0000026e8feb6220,
0x0000026e8feb2710, 0x0000026e8feb47e0, 0x0000026e8feb4e70, 0x0000026e8feb5500,
0x0000026e9122ebc0, 0x0000026e9122a390, 0x0000026e91229d00, 0x0000026e9122e530,
0x0000026e9122f8e0, 0x0000026e9122b0b0, 0x0000026e9122b740, 0x0000026e9122f250,
0x0000026e91229670, 0x0000026e9122bdd0, 0x0000026e9122c460, 0x0000026e9122caf0,
0x0000026e9122d180, 0x0000026e91230600, 0x0000026e9122d810, 0x0000026e9122dea0,
0x0000026e9155df50, 0x0000026e9155d230, 0x0000026e9155c510, 0x0000026e9155d8c0,
0x0000026e9155f300, 0x0000026e9155cba0, 0x0000026e9261aa70, 0x0000026e926175f0
}

Java Threads: ( => current thread )
  0x0000026e3395e920 JavaThread "main"                              [_thread_blocked, id=20240, stack(0x0000009f8d000000,0x0000009f8d100000) (1024K)]
  0x0000026e47d0cc40 JavaThread "Reference Handler"          daemon [_thread_blocked, id=8964, stack(0x0000009f8d400000,0x0000009f8d500000) (1024K)]
  0x0000026e47d0f730 JavaThread "Finalizer"                  daemon [_thread_blocked, id=21220, stack(0x0000009f8d500000,0x0000009f8d600000) (1024K)]
  0x0000026e47d11490 JavaThread "Signal Dispatcher"          daemon [_thread_blocked, id=10692, stack(0x0000009f8d600000,0x0000009f8d700000) (1024K)]
  0x0000026e47d123a0 JavaThread "Attach Listener"            daemon [_thread_blocked, id=19408, stack(0x0000009f8d700000,0x0000009f8d800000) (1024K)]
  0x0000026e47d132b0 JavaThread "Service Thread"             daemon [_thread_blocked, id=12312, stack(0x0000009f8d800000,0x0000009f8d900000) (1024K)]
  0x0000026e47d14fb0 JavaThread "Monitor Deflation Thread"   daemon [_thread_blocked, id=9344, stack(0x0000009f8d900000,0x0000009f8da00000) (1024K)]
=>0x0000026e47d186c0 JavaThread "C2 CompilerThread0"         daemon [_thread_in_native, id=29944, stack(0x0000009f8da00000,0x0000009f8db00000) (1024K)]
  0x0000026e47d26390 JavaThread "C1 CompilerThread0"         daemon [_thread_in_native, id=14500, stack(0x0000009f8db00000,0x0000009f8dc00000) (1024K)]
  0x0000026e8a838690 JavaThread "Common-Cleaner"             daemon [_thread_blocked, id=28712, stack(0x0000009f8dc00000,0x0000009f8dd00000) (1024K)]
  0x0000026e8a8372e0 JavaThread "Notification Thread"        daemon [_thread_blocked, id=17368, stack(0x0000009f8dd00000,0x0000009f8de00000) (1024K)]
  0x0000026e8a838d20 JavaThread "Active Thread: Equinox Container: 7564fb45-ff7c-4d76-bfc5-8863bbded17d"        [_thread_blocked, id=18112, stack(0x0000009f8e400000,0x0000009f8e500000) (1024K)]
  0x0000026e8a8393b0 JavaThread "Refresh Thread: Equinox Container: 7564fb45-ff7c-4d76-bfc5-8863bbded17d" daemon [_thread_blocked, id=7036, stack(0x0000009f8e500000,0x0000009f8e600000) (1024K)]
  0x0000026e8a837970 JavaThread "Framework Event Dispatcher: Equinox Container: 7564fb45-ff7c-4d76-bfc5-8863bbded17d" daemon [_thread_blocked, id=4860, stack(0x0000009f8e700000,0x0000009f8e800000) (1024K)]
  0x0000026e8a839a40 JavaThread "Start Level: Equinox Container: 7564fb45-ff7c-4d76-bfc5-8863bbded17d" daemon [_thread_blocked, id=3916, stack(0x0000009f8e800000,0x0000009f8e900000) (1024K)]
  0x0000026e8a83a0d0 JavaThread "Bundle File Closer"         daemon [_thread_blocked, id=13228, stack(0x0000009f8e900000,0x0000009f8ea00000) (1024K)]
  0x0000026e8a83a760 JavaThread "SCR Component Actor"        daemon [_thread_blocked, id=24008, stack(0x0000009f8ea00000,0x0000009f8eb00000) (1024K)]
  0x0000026e8feb2da0 JavaThread "Worker-JM"                         [_thread_blocked, id=30140, stack(0x0000009f8ec00000,0x0000009f8ed00000) (1024K)]
  0x0000026e8feb19f0 JavaThread "JNA Cleaner"                daemon [_thread_blocked, id=21216, stack(0x0000009f8ed00000,0x0000009f8ee00000) (1024K)]
  0x0000026e8feb3430 JavaThread "Worker-0: Check JDK Index"         [_thread_blocked, id=19736, stack(0x0000009f8ee00000,0x0000009f8ef00000) (1024K)]
  0x0000026e8feb68b0 JavaThread "Worker-1"                          [_thread_blocked, id=12896, stack(0x0000009f8ef00000,0x0000009f8f000000) (1024K)]
  0x0000026e8feb6f40 JavaThread "Worker-2"                          [_thread_blocked, id=10388, stack(0x0000009f8f000000,0x0000009f8f100000) (1024K)]
  0x0000026e8feb3ac0 JavaThread "Worker-3"                          [_thread_blocked, id=7384, stack(0x0000009f8f100000,0x0000009f8f200000) (1024K)]
  0x0000026e8feb0cd0 JavaThread "Java indexing"              daemon [_thread_in_Java, id=8684, stack(0x0000009f8f200000,0x0000009f8f300000) (1024K)]
  0x0000026e8feb75d0 JavaThread "Worker-4: Initialize Workspace"        [_thread_blocked, id=1212, stack(0x0000009f8f500000,0x0000009f8f600000) (1024K)]
  0x0000026e8feb4150 JavaThread "Worker-5: Java indexing... "        [_thread_blocked, id=7636, stack(0x0000009f8f600000,0x0000009f8f700000) (1024K)]
  0x0000026e8feb2080 JavaThread "Thread-2"                   daemon [_thread_in_native, id=19536, stack(0x0000009f8f700000,0x0000009f8f800000) (1024K)]
  0x0000026e8feb5b90 JavaThread "Thread-3"                   daemon [_thread_in_native, id=19128, stack(0x0000009f8f800000,0x0000009f8f900000) (1024K)]
  0x0000026e8feb7c60 JavaThread "Thread-4"                   daemon [_thread_in_native, id=13300, stack(0x0000009f8f900000,0x0000009f8fa00000) (1024K)]
  0x0000026e8feb1360 JavaThread "Thread-5"                   daemon [_thread_in_native, id=29060, stack(0x0000009f8fa00000,0x0000009f8fb00000) (1024K)]
  0x0000026e8feb82f0 JavaThread "Thread-6"                   daemon [_thread_in_native, id=7364, stack(0x0000009f8fb00000,0x0000009f8fc00000) (1024K)]
  0x0000026e8feb6220 JavaThread "Thread-7"                   daemon [_thread_in_native, id=30628, stack(0x0000009f8fc00000,0x0000009f8fd00000) (1024K)]
  0x0000026e8feb2710 JavaThread "Thread-8"                   daemon [_thread_in_native, id=2564, stack(0x0000009f8fd00000,0x0000009f8fe00000) (1024K)]
  0x0000026e8feb47e0 JavaThread "Thread-9"                   daemon [_thread_in_native, id=6712, stack(0x0000009f8fe00000,0x0000009f8ff00000) (1024K)]
  0x0000026e8feb4e70 JavaThread "Thread-10"                  daemon [_thread_in_native, id=12220, stack(0x0000009f8ff00000,0x0000009f90000000) (1024K)]
  0x0000026e8feb5500 JavaThread "pool-2-thread-1"                   [_thread_blocked, id=23492, stack(0x0000009f90000000,0x0000009f90100000) (1024K)]
  0x0000026e9122ebc0 JavaThread "WorkspaceEventsHandler"            [_thread_blocked, id=26172, stack(0x0000009f90100000,0x0000009f90200000) (1024K)]
  0x0000026e9122a390 JavaThread "pool-1-thread-1"                   [_thread_blocked, id=4196, stack(0x0000009f90200000,0x0000009f90300000) (1024K)]
  0x0000026e91229d00 JavaThread "LocalFile Deleter"          daemon [_thread_blocked, id=10960, stack(0x0000009f8eb00000,0x0000009f8ec00000) (1024K)]
  0x0000026e9122e530 JavaThread "LocalFile Deleter"          daemon [_thread_blocked, id=10956, stack(0x0000009f90300000,0x0000009f90400000) (1024K)]
  0x0000026e9122f8e0 JavaThread "LocalFile Deleter"          daemon [_thread_blocked, id=18808, stack(0x0000009f90400000,0x0000009f90500000) (1024K)]
  0x0000026e9122b0b0 JavaThread "LocalFile Deleter"          daemon [_thread_blocked, id=18572, stack(0x0000009f90500000,0x0000009f90600000) (1024K)]
  0x0000026e9122b740 JavaThread "LocalFile Deleter"          daemon [_thread_blocked, id=14932, stack(0x0000009f90600000,0x0000009f90700000) (1024K)]
  0x0000026e9122f250 JavaThread "LocalFile Deleter"          daemon [_thread_blocked, id=15576, stack(0x0000009f90700000,0x0000009f90800000) (1024K)]
  0x0000026e91229670 JavaThread "LocalFile Deleter"          daemon [_thread_blocked, id=30008, stack(0x0000009f90800000,0x0000009f90900000) (1024K)]
  0x0000026e9122bdd0 JavaThread "LocalFile Deleter"          daemon [_thread_blocked, id=15792, stack(0x0000009f90900000,0x0000009f90a00000) (1024K)]
  0x0000026e9122c460 JavaThread "Compiler Source File Reader" daemon [_thread_blocked, id=27776, stack(0x0000009f90a00000,0x0000009f90b00000) (1024K)]
  0x0000026e9122caf0 JavaThread "Compiler Source File Reader" daemon [_thread_blocked, id=6012, stack(0x0000009f90b00000,0x0000009f90c00000) (1024K)]
  0x0000026e9122d180 JavaThread "Compiler Source File Reader" daemon [_thread_blocked, id=26680, stack(0x0000009f90c00000,0x0000009f90d00000) (1024K)]
  0x0000026e91230600 JavaThread "Compiler Source File Reader" daemon [_thread_blocked, id=30328, stack(0x0000009f90d00000,0x0000009f90e00000) (1024K)]
  0x0000026e9122d810 JavaThread "Compiler Source File Reader" daemon [_thread_blocked, id=4400, stack(0x0000009f90e00000,0x0000009f90f00000) (1024K)]
  0x0000026e9122dea0 JavaThread "Compiler Source File Reader" daemon [_thread_blocked, id=22920, stack(0x0000009f90f00000,0x0000009f91000000) (1024K)]
  0x0000026e9155df50 JavaThread "Compiler Processing Task"   daemon [_thread_blocked, id=20172, stack(0x0000009f91000000,0x0000009f91100000) (1024K)]
  0x0000026e9155d230 JavaThread "Compiler Class File Writer" daemon [_thread_blocked, id=9464, stack(0x0000009f91100000,0x0000009f91200000) (1024K)]
  0x0000026e9155c510 JavaThread "Compiler Class File Writer" daemon [_thread_blocked, id=18440, stack(0x0000009f91200000,0x0000009f91300000) (1024K)]
  0x0000026e9155d8c0 JavaThread "Compiler Class File Writer" daemon [_thread_blocked, id=24772, stack(0x0000009f91300000,0x0000009f91400000) (1024K)]
  0x0000026e9155f300 JavaThread "Compiler Class File Writer" daemon [_thread_blocked, id=20748, stack(0x0000009f91400000,0x0000009f91500000) (1024K)]
  0x0000026e9155cba0 JavaThread "Compiler Class File Writer" daemon [_thread_blocked, id=9844, stack(0x0000009f91500000,0x0000009f91600000) (1024K)]
  0x0000026e9261aa70 JavaThread "Compiler Class File Writer" daemon [_thread_blocked, id=22144, stack(0x0000009f91600000,0x0000009f91700000) (1024K)]
  0x0000026e926175f0 JavaThread "Timer-0"                           [_thread_blocked, id=16240, stack(0x0000009f91700000,0x0000009f91800000) (1024K)]
Total: 60

Other Threads:
  0x0000026e47cf0d20 VMThread "VM Thread"                           [id=5312, stack(0x0000009f8d300000,0x0000009f8d400000) (1024K)]
  0x0000026e339caa30 WatcherThread "VM Periodic Task Thread"        [id=19572, stack(0x0000009f8d200000,0x0000009f8d300000) (1024K)]
  0x0000026e3397cc70 WorkerThread "GC Thread#0"                     [id=26336, stack(0x0000009f8d100000,0x0000009f8d200000) (1024K)]
  0x0000026e8f14d280 WorkerThread "GC Thread#1"                     [id=26260, stack(0x0000009f8de00000,0x0000009f8df00000) (1024K)]
  0x0000026e8f15b800 WorkerThread "GC Thread#2"                     [id=7224, stack(0x0000009f8df00000,0x0000009f8e000000) (1024K)]
  0x0000026e8f15bba0 WorkerThread "GC Thread#3"                     [id=4284, stack(0x0000009f8e000000,0x0000009f8e100000) (1024K)]
  0x0000026e8f15bf40 WorkerThread "GC Thread#4"                     [id=3500, stack(0x0000009f8e100000,0x0000009f8e200000) (1024K)]
  0x0000026e8f15c2e0 WorkerThread "GC Thread#5"                     [id=3360, stack(0x0000009f8e200000,0x0000009f8e300000) (1024K)]
  0x0000026e8f15c680 WorkerThread "GC Thread#6"                     [id=17756, stack(0x0000009f8e300000,0x0000009f8e400000) (1024K)]
  0x0000026e8f7056c0 WorkerThread "GC Thread#7"                     [id=30668, stack(0x0000009f8e600000,0x0000009f8e700000) (1024K)]
Total: 10

Threads with active compile tasks:
C2 CompilerThread0  90677 11030       4       org.eclipse.jdt.internal.core.search.indexing.BinaryIndexer::extractReferenceFromConstantPool (358 bytes)
Total: 1

VM state: not at safepoint (normal execution)

VM Mutex/Monitor currently owned by a thread: None

Heap address: 0x00000000c0000000, size: 1024 MB, Compressed Oops mode: 32-bit

CDS archive(s) mapped at: [0x0000026e48000000-0x0000026e48ba0000-0x0000026e48ba0000), size 12189696, SharedBaseAddress: 0x0000026e48000000, ArchiveRelocationMode: 1.
Compressed class space mapped at: 0x0000026e49000000-0x0000026e89000000, reserved size: 1073741824
Narrow klass base: 0x0000026e48000000, Narrow klass shift: 0, Narrow klass range: 0x100000000

GC Precious Log:
 CardTable entry size: 512
 CPUs: 8 total, 8 available
 Memory: 3974M
 Large Page Support: Disabled
 NUMA Support: Disabled
 Compressed Oops: Enabled (32-bit)
 Alignments: Space 512K, Generation 512K, Heap 2M
 Heap Min Capacity: 100M
 Heap Initial Capacity: 100M
 Heap Max Capacity: 1G
 Pre-touch: Disabled
 Parallel Workers: 8

Heap:
 PSYoungGen      total 2560K, used 2210K [0x00000000eab00000, 0x00000000eaf00000, 0x0000000100000000)
  eden space 2048K, 84% used [0x00000000eab00000,0x00000000eacb3260,0x00000000ead00000)
  from space 512K, 91% used [0x00000000eae80000,0x00000000eaef5808,0x00000000eaf00000)
  to   space 512K, 0% used [0x00000000eae00000,0x00000000eae00000,0x00000000eae80000)
 ParOldGen       total 470016K, used 469680K [0x00000000c0000000, 0x00000000dcb00000, 0x00000000eab00000)
  object space 470016K, 99% used [0x00000000c0000000,0x00000000dcaac068,0x00000000dcb00000)
 Metaspace       used 67544K, committed 68928K, reserved 1114112K
  class space    used 7453K, committed 8064K, reserved 1048576K

Card table byte_map: [0x0000026e33300000,0x0000026e33510000] _byte_map_base: 0x0000026e32d00000

Marking Bits: (ParMarkBitMap*) 0x00007ffd766a3260
 Begin Bits: [0x0000026e45b50000, 0x0000026e46b50000)
 End Bits:   [0x0000026e46b50000, 0x0000026e47b50000)

Polling page: 0x0000026e31980000

Metaspace:

Usage:
  Non-class:     58.68 MB used.
      Class:      7.28 MB used.
       Both:     65.96 MB used.

Virtual space:
  Non-class space:       64.00 MB reserved,      59.44 MB ( 93%) committed,  1 nodes.
      Class space:        1.00 GB reserved,       7.88 MB ( <1%) committed,  1 nodes.
             Both:        1.06 GB reserved,      67.31 MB (  6%) committed. 

Chunk freelists:
   Non-Class:  4.34 MB
       Class:  8.13 MB
        Both:  12.47 MB

MaxMetaspaceSize: unlimited
CompressedClassSpaceSize: 1.00 GB
Initial GC threshold: 21.00 MB
Current GC threshold: 98.12 MB
CDS: on
 - commit_granule_bytes: 65536.
 - commit_granule_words: 8192.
 - virtual_space_node_default_size: 8388608.
 - enlarge_chunks_in_place: 1.
 - use_allocation_guard: 0.


Internal statistics:

num_allocs_failed_limit: 13.
num_arena_births: 1122.
num_arena_deaths: 30.
num_vsnodes_births: 2.
num_vsnodes_deaths: 0.
num_space_committed: 1077.
num_space_uncommitted: 0.
num_chunks_returned_to_freelist: 46.
num_chunks_taken_from_freelist: 4160.
num_chunk_merges: 16.
num_chunk_splits: 2660.
num_chunks_enlarged: 1646.
num_inconsistent_stats: 0.

CodeHeap 'non-profiled nmethods': size=120000Kb used=6662Kb max_used=6662Kb free=113337Kb
 bounds [0x0000026e3e620000, 0x0000026e3ecb0000, 0x0000026e45b50000]
CodeHeap 'profiled nmethods': size=120000Kb used=22371Kb max_used=22371Kb free=97628Kb
 bounds [0x0000026e36b50000, 0x0000026e38130000, 0x0000026e3e080000]
CodeHeap 'non-nmethods': size=5760Kb used=1433Kb max_used=1529Kb free=4326Kb
 bounds [0x0000026e3e080000, 0x0000026e3e2f0000, 0x0000026e3e620000]
 total_blobs=11017 nmethods=10269 adapters=653
 compilation: enabled
              stopped_count=0, restarted_count=0
 full_count=0

Compilation events (20 events):
Event: 89.941 Thread 0x0000026e47d26390 nmethod 11039 0x0000026e38123410 code [0x0000026e381235a0, 0x0000026e381237a8]
Event: 90.003 Thread 0x0000026e47d186c0 nmethod 11024% 0x0000026e3ec87310 code [0x0000026e3ec87f00, 0x0000026e3ec95248]
Event: 90.007 Thread 0x0000026e47d186c0 11031       4       org.eclipse.jdt.internal.compiler.classfmt.ClassFileStruct::utf8At (171 bytes)
Event: 90.023 Thread 0x0000026e47d186c0 nmethod 11031 0x0000026e3ec9e610 code [0x0000026e3ec9e7c0, 0x0000026e3ec9ef68]
Event: 90.023 Thread 0x0000026e47d186c0 11027       4       org.eclipse.jdt.internal.core.index.DiskIndex::writeDocumentNumbers (384 bytes)
Event: 90.058 Thread 0x0000026e47d26390 11041       2       org.eclipse.jdt.internal.compiler.impl.IntConstant::fromValue (213 bytes)
Event: 90.063 Thread 0x0000026e47d26390 nmethod 11041 0x0000026e38123890 code [0x0000026e38123ac0, 0x0000026e38123fc8]
Event: 90.138 Thread 0x0000026e47d186c0 nmethod 11027 0x0000026e3ec9f190 code [0x0000026e3ec9f420, 0x0000026e3eca0e30]
Event: 90.139 Thread 0x0000026e47d186c0 11030       4       org.eclipse.jdt.internal.core.search.indexing.BinaryIndexer::extractReferenceFromConstantPool (358 bytes)
Event: 90.150 Thread 0x0000026e47d26390 11043       2       org.eclipse.jdt.internal.compiler.ast.Annotation::getRetentionPolicy (92 bytes)
Event: 90.150 Thread 0x0000026e47d26390 nmethod 11043 0x0000026e38124090 code [0x0000026e38124280, 0x0000026e38124510]
Event: 90.387 Thread 0x0000026e47d26390 11045       2       org.eclipse.jdt.internal.compiler.classfmt.AnnotationInfo::readRetentionPolicy (302 bytes)
Event: 90.389 Thread 0x0000026e47d26390 nmethod 11045 0x0000026e38124690 code [0x0000026e381248c0, 0x0000026e38124fb0]
Event: 90.428 Thread 0x0000026e47d26390 11046       2       java.util.UUID::toString (17 bytes)
Event: 90.429 Thread 0x0000026e47d26390 nmethod 11046 0x0000026e38125490 code [0x0000026e38125640, 0x0000026e38125770]
Event: 90.429 Thread 0x0000026e47d26390 11047       2       java.lang.System$2::fastUUID (6 bytes)
Event: 90.429 Thread 0x0000026e47d26390 nmethod 11047 0x0000026e38125810 code [0x0000026e381259c0, 0x0000026e38125ae8]
Event: 90.430 Thread 0x0000026e47d26390 11048       2       org.eclipse.core.runtime.Status::matches (13 bytes)
Event: 90.431 Thread 0x0000026e47d26390 nmethod 11048 0x0000026e38125b90 code [0x0000026e38125d40, 0x0000026e38125e88]
Event: 90.568 Thread 0x0000026e47d26390 11050  s!   2       org.eclipse.jdt.internal.core.search.indexing.IndexManager::getIndex (329 bytes)

GC Heap History (20 events):
Event: 90.367 GC heap before
{Heap before GC invocations=688 (full 3):
 PSYoungGen      total 2560K, used 2368K [0x00000000eab00000, 0x00000000eae80000, 0x0000000100000000)
  eden space 2048K, 100% used [0x00000000eab00000,0x00000000ead00000,0x00000000ead00000)
  from space 512K, 62% used [0x00000000eae00000,0x00000000eae50000,0x00000000eae80000)
  to   space 512K, 0% used [0x00000000ead00000,0x00000000ead00000,0x00000000ead80000)
 ParOldGen       total 464896K, used 464400K [0x00000000c0000000, 0x00000000dc600000, 0x00000000eab00000)
  object space 464896K, 99% used [0x00000000c0000000,0x00000000dc584028,0x00000000dc600000)
 Metaspace       used 67537K, committed 68928K, reserved 1114112K
  class space    used 7453K, committed 8064K, reserved 1048576K
}
Event: 90.370 GC heap after
{Heap after GC invocations=688 (full 3):
 PSYoungGen      total 2560K, used 396K [0x00000000eab00000, 0x00000000eae80000, 0x0000000100000000)
  eden space 2048K, 0% used [0x00000000eab00000,0x00000000eab00000,0x00000000ead00000)
  from space 512K, 77% used [0x00000000ead00000,0x00000000ead63008,0x00000000ead80000)
  to   space 512K, 0% used [0x00000000eae00000,0x00000000eae00000,0x00000000eae80000)
 ParOldGen       total 464896K, used 464656K [0x00000000c0000000, 0x00000000dc600000, 0x00000000eab00000)
  object space 464896K, 99% used [0x00000000c0000000,0x00000000dc5c4028,0x00000000dc600000)
 Metaspace       used 67537K, committed 68928K, reserved 1114112K
  class space    used 7453K, committed 8064K, reserved 1048576K
}
Event: 90.383 GC heap before
{Heap before GC invocations=689 (full 3):
 PSYoungGen      total 2560K, used 2444K [0x00000000eab00000, 0x00000000eae80000, 0x0000000100000000)
  eden space 2048K, 100% used [0x00000000eab00000,0x00000000ead00000,0x00000000ead00000)
  from space 512K, 77% used [0x00000000ead00000,0x00000000ead63008,0x00000000ead80000)
  to   space 512K, 0% used [0x00000000eae00000,0x00000000eae00000,0x00000000eae80000)
 ParOldGen       total 464896K, used 464656K [0x00000000c0000000, 0x00000000dc600000, 0x00000000eab00000)
  object space 464896K, 99% used [0x00000000c0000000,0x00000000dc5c4028,0x00000000dc600000)
 Metaspace       used 67537K, committed 68928K, reserved 1114112K
  class space    used 7453K, committed 8064K, reserved 1048576K
}
Event: 90.386 GC heap after
{Heap after GC invocations=689 (full 3):
 PSYoungGen      total 2560K, used 320K [0x00000000eab00000, 0x00000000eae80000, 0x0000000100000000)
  eden space 2048K, 0% used [0x00000000eab00000,0x00000000eab00000,0x00000000ead00000)
  from space 512K, 62% used [0x00000000eae00000,0x00000000eae50000,0x00000000eae80000)
  to   space 512K, 0% used [0x00000000ead00000,0x00000000ead00000,0x00000000ead80000)
 ParOldGen       total 465408K, used 465028K [0x00000000c0000000, 0x00000000dc680000, 0x00000000eab00000)
  object space 465408K, 99% used [0x00000000c0000000,0x00000000dc621030,0x00000000dc680000)
 Metaspace       used 67537K, committed 68928K, reserved 1114112K
  class space    used 7453K, committed 8064K, reserved 1048576K
}
Event: 90.408 GC heap before
{Heap before GC invocations=690 (full 3):
 PSYoungGen      total 2560K, used 2368K [0x00000000eab00000, 0x00000000eae80000, 0x0000000100000000)
  eden space 2048K, 100% used [0x00000000eab00000,0x00000000ead00000,0x00000000ead00000)
  from space 512K, 62% used [0x00000000eae00000,0x00000000eae50000,0x00000000eae80000)
  to   space 512K, 0% used [0x00000000ead00000,0x00000000ead00000,0x00000000ead80000)
 ParOldGen       total 465408K, used 465028K [0x00000000c0000000, 0x00000000dc680000, 0x00000000eab00000)
  object space 465408K, 99% used [0x00000000c0000000,0x00000000dc621030,0x00000000dc680000)
 Metaspace       used 67537K, committed 68928K, reserved 1114112K
  class space    used 7453K, committed 8064K, reserved 1048576K
}
Event: 90.410 GC heap after
{Heap after GC invocations=690 (full 3):
 PSYoungGen      total 2560K, used 493K [0x00000000eab00000, 0x00000000eb000000, 0x0000000100000000)
  eden space 2048K, 0% used [0x00000000eab00000,0x00000000eab00000,0x00000000ead00000)
  from space 512K, 96% used [0x00000000ead00000,0x00000000ead7b600,0x00000000ead80000)
  to   space 1536K, 0% used [0x00000000eae80000,0x00000000eae80000,0x00000000eb000000)
 ParOldGen       total 465920K, used 465584K [0x00000000c0000000, 0x00000000dc700000, 0x00000000eab00000)
  object space 465920K, 99% used [0x00000000c0000000,0x00000000dc6ac230,0x00000000dc700000)
 Metaspace       used 67537K, committed 68928K, reserved 1114112K
  class space    used 7453K, committed 8064K, reserved 1048576K
}
Event: 90.445 GC heap before
{Heap before GC invocations=691 (full 3):
 PSYoungGen      total 2560K, used 2541K [0x00000000eab00000, 0x00000000eb000000, 0x0000000100000000)
  eden space 2048K, 100% used [0x00000000eab00000,0x00000000ead00000,0x00000000ead00000)
  from space 512K, 96% used [0x00000000ead00000,0x00000000ead7b600,0x00000000ead80000)
  to   space 1536K, 0% used [0x00000000eae80000,0x00000000eae80000,0x00000000eb000000)
 ParOldGen       total 465920K, used 465584K [0x00000000c0000000, 0x00000000dc700000, 0x00000000eab00000)
  object space 465920K, 99% used [0x00000000c0000000,0x00000000dc6ac230,0x00000000dc700000)
 Metaspace       used 67538K, committed 68928K, reserved 1114112K
  class space    used 7453K, committed 8064K, reserved 1048576K
}
Event: 90.448 GC heap after
{Heap after GC invocations=691 (full 3):
 PSYoungGen      total 2560K, used 512K [0x00000000eab00000, 0x00000000eaf00000, 0x0000000100000000)
  eden space 2048K, 0% used [0x00000000eab00000,0x00000000eab00000,0x00000000ead00000)
  from space 512K, 100% used [0x00000000eae80000,0x00000000eaf00000,0x00000000eaf00000)
  to   space 1024K, 0% used [0x00000000ead00000,0x00000000ead00000,0x00000000eae00000)
 ParOldGen       total 465920K, used 465744K [0x00000000c0000000, 0x00000000dc700000, 0x00000000eab00000)
  object space 465920K, 99% used [0x00000000c0000000,0x00000000dc6d4230,0x00000000dc700000)
 Metaspace       used 67538K, committed 68928K, reserved 1114112K
  class space    used 7453K, committed 8064K, reserved 1048576K
}
Event: 90.462 GC heap before
{Heap before GC invocations=692 (full 3):
 PSYoungGen      total 2560K, used 2560K [0x00000000eab00000, 0x00000000eaf00000, 0x0000000100000000)
  eden space 2048K, 100% used [0x00000000eab00000,0x00000000ead00000,0x00000000ead00000)
  from space 512K, 100% used [0x00000000eae80000,0x00000000eaf00000,0x00000000eaf00000)
  to   space 1024K, 0% used [0x00000000ead00000,0x00000000ead00000,0x00000000eae00000)
 ParOldGen       total 465920K, used 465744K [0x00000000c0000000, 0x00000000dc700000, 0x00000000eab00000)
  object space 465920K, 99% used [0x00000000c0000000,0x00000000dc6d4230,0x00000000dc700000)
 Metaspace       used 67538K, committed 68928K, reserved 1114112K
  class space    used 7453K, committed 8064K, reserved 1048576K
}
Event: 90.465 GC heap after
{Heap after GC invocations=692 (full 3):
 PSYoungGen      total 3072K, used 416K [0x00000000eab00000, 0x00000000eaf00000, 0x0000000100000000)
  eden space 2048K, 0% used [0x00000000eab00000,0x00000000eab00000,0x00000000ead00000)
  from space 1024K, 40% used [0x00000000ead00000,0x00000000ead68000,0x00000000eae00000)
  to   space 512K, 0% used [0x00000000eae80000,0x00000000eae80000,0x00000000eaf00000)
 ParOldGen       total 466432K, used 466109K [0x00000000c0000000, 0x00000000dc780000, 0x00000000eab00000)
  object space 466432K, 99% used [0x00000000c0000000,0x00000000dc72f778,0x00000000dc780000)
 Metaspace       used 67538K, committed 68928K, reserved 1114112K
  class space    used 7453K, committed 8064K, reserved 1048576K
}
Event: 90.478 GC heap before
{Heap before GC invocations=693 (full 3):
 PSYoungGen      total 3072K, used 2464K [0x00000000eab00000, 0x00000000eaf00000, 0x0000000100000000)
  eden space 2048K, 100% used [0x00000000eab00000,0x00000000ead00000,0x00000000ead00000)
  from space 1024K, 40% used [0x00000000ead00000,0x00000000ead68000,0x00000000eae00000)
  to   space 512K, 0% used [0x00000000eae80000,0x00000000eae80000,0x00000000eaf00000)
 ParOldGen       total 466432K, used 466109K [0x00000000c0000000, 0x00000000dc780000, 0x00000000eab00000)
  object space 466432K, 99% used [0x00000000c0000000,0x00000000dc72f778,0x00000000dc780000)
 Metaspace       used 67538K, committed 68928K, reserved 1114112K
  class space    used 7453K, committed 8064K, reserved 1048576K
}
Event: 90.481 GC heap after
{Heap after GC invocations=693 (full 3):
 PSYoungGen      total 2560K, used 443K [0x00000000eab00000, 0x00000000eaf00000, 0x0000000100000000)
  eden space 2048K, 0% used [0x00000000eab00000,0x00000000eab00000,0x00000000ead00000)
  from space 512K, 86% used [0x00000000eae80000,0x00000000eaeeec08,0x00000000eaf00000)
  to   space 512K, 0% used [0x00000000eae00000,0x00000000eae00000,0x00000000eae80000)
 ParOldGen       total 466944K, used 466445K [0x00000000c0000000, 0x00000000dc800000, 0x00000000eab00000)
  object space 466944K, 99% used [0x00000000c0000000,0x00000000dc783778,0x00000000dc800000)
 Metaspace       used 67538K, committed 68928K, reserved 1114112K
  class space    used 7453K, committed 8064K, reserved 1048576K
}
Event: 90.495 GC heap before
{Heap before GC invocations=694 (full 3):
 PSYoungGen      total 2560K, used 2491K [0x00000000eab00000, 0x00000000eaf00000, 0x0000000100000000)
  eden space 2048K, 100% used [0x00000000eab00000,0x00000000ead00000,0x00000000ead00000)
  from space 512K, 86% used [0x00000000eae80000,0x00000000eaeeec08,0x00000000eaf00000)
  to   space 512K, 0% used [0x00000000eae00000,0x00000000eae00000,0x00000000eae80000)
 ParOldGen       total 466944K, used 466445K [0x00000000c0000000, 0x00000000dc800000, 0x00000000eab00000)
  object space 466944K, 99% used [0x00000000c0000000,0x00000000dc783778,0x00000000dc800000)
 Metaspace       used 67538K, committed 68928K, reserved 1114112K
  class space    used 7453K, committed 8064K, reserved 1048576K
}
Event: 90.497 GC heap after
{Heap after GC invocations=694 (full 3):
 PSYoungGen      total 2560K, used 398K [0x00000000eab00000, 0x00000000eaf00000, 0x0000000100000000)
  eden space 2048K, 0% used [0x00000000eab00000,0x00000000eab00000,0x00000000ead00000)
  from space 512K, 77% used [0x00000000eae00000,0x00000000eae63b80,0x00000000eae80000)
  to   space 512K, 0% used [0x00000000eae80000,0x00000000eae80000,0x00000000eaf00000)
 ParOldGen       total 466944K, used 466768K [0x00000000c0000000, 0x00000000dc800000, 0x00000000eab00000)
  object space 466944K, 99% used [0x00000000c0000000,0x00000000dc7d4380,0x00000000dc800000)
 Metaspace       used 67538K, committed 68928K, reserved 1114112K
  class space    used 7453K, committed 8064K, reserved 1048576K
}
Event: 90.510 GC heap before
{Heap before GC invocations=695 (full 3):
 PSYoungGen      total 2560K, used 2446K [0x00000000eab00000, 0x00000000eaf00000, 0x0000000100000000)
  eden space 2048K, 100% used [0x00000000eab00000,0x00000000ead00000,0x00000000ead00000)
  from space 512K, 77% used [0x00000000eae00000,0x00000000eae63b80,0x00000000eae80000)
  to   space 512K, 0% used [0x00000000eae80000,0x00000000eae80000,0x00000000eaf00000)
 ParOldGen       total 466944K, used 466768K [0x00000000c0000000, 0x00000000dc800000, 0x00000000eab00000)
  object space 466944K, 99% used [0x00000000c0000000,0x00000000dc7d4380,0x00000000dc800000)
 Metaspace       used 67538K, committed 68928K, reserved 1114112K
  class space    used 7453K, committed 8064K, reserved 1048576K
}
Event: 90.514 GC heap after
{Heap after GC invocations=695 (full 3):
 PSYoungGen      total 2560K, used 384K [0x00000000eab00000, 0x00000000eaf00000, 0x0000000100000000)
  eden space 2048K, 0% used [0x00000000eab00000,0x00000000eab00000,0x00000000ead00000)
  from space 512K, 75% used [0x00000000eae80000,0x00000000eaee0000,0x00000000eaf00000)
  to   space 512K, 0% used [0x00000000eae00000,0x00000000eae00000,0x00000000eae80000)
 ParOldGen       total 467456K, used 467048K [0x00000000c0000000, 0x00000000dc880000, 0x00000000eab00000)
  object space 467456K, 99% used [0x00000000c0000000,0x00000000dc81a380,0x00000000dc880000)
 Metaspace       used 67538K, committed 68928K, reserved 1114112K
  class space    used 7453K, committed 8064K, reserved 1048576K
}
Event: 90.531 GC heap before
{Heap before GC invocations=696 (full 3):
 PSYoungGen      total 2560K, used 2432K [0x00000000eab00000, 0x00000000eaf00000, 0x0000000100000000)
  eden space 2048K, 100% used [0x00000000eab00000,0x00000000ead00000,0x00000000ead00000)
  from space 512K, 75% used [0x00000000eae80000,0x00000000eaee0000,0x00000000eaf00000)
  to   space 512K, 0% used [0x00000000eae00000,0x00000000eae00000,0x00000000eae80000)
 ParOldGen       total 467456K, used 467048K [0x00000000c0000000, 0x00000000dc880000, 0x00000000eab00000)
  object space 467456K, 99% used [0x00000000c0000000,0x00000000dc81a380,0x00000000dc880000)
 Metaspace       used 67538K, committed 68928K, reserved 1114112K
  class space    used 7453K, committed 8064K, reserved 1048576K
}
Event: 90.533 GC heap after
{Heap after GC invocations=696 (full 3):
 PSYoungGen      total 2560K, used 470K [0x00000000eab00000, 0x00000000eaf00000, 0x0000000100000000)
  eden space 2048K, 0% used [0x00000000eab00000,0x00000000eab00000,0x00000000ead00000)
  from space 512K, 91% used [0x00000000eae00000,0x00000000eae75808,0x00000000eae80000)
  to   space 512K, 0% used [0x00000000eae80000,0x00000000eae80000,0x00000000eaf00000)
 ParOldGen       total 467456K, used 467352K [0x00000000c0000000, 0x00000000dc880000, 0x00000000eab00000)
  object space 467456K, 99% used [0x00000000c0000000,0x00000000dc866380,0x00000000dc880000)
 Metaspace       used 67538K, committed 68928K, reserved 1114112K
  class space    used 7453K, committed 8064K, reserved 1048576K
}
Event: 90.550 GC heap before
{Heap before GC invocations=697 (full 3):
 PSYoungGen      total 2560K, used 2518K [0x00000000eab00000, 0x00000000eaf00000, 0x0000000100000000)
  eden space 2048K, 100% used [0x00000000eab00000,0x00000000ead00000,0x00000000ead00000)
  from space 512K, 91% used [0x00000000eae00000,0x00000000eae75808,0x00000000eae80000)
  to   space 512K, 0% used [0x00000000eae80000,0x00000000eae80000,0x00000000eaf00000)
 ParOldGen       total 467456K, used 467352K [0x00000000c0000000, 0x00000000dc880000, 0x00000000eab00000)
  object space 467456K, 99% used [0x00000000c0000000,0x00000000dc866380,0x00000000dc880000)
 Metaspace       used 67538K, committed 68928K, reserved 1114112K
  class space    used 7453K, committed 8064K, reserved 1048576K
}
Event: 90.553 GC heap after
{Heap after GC invocations=697 (full 3):
 PSYoungGen      total 2560K, used 480K [0x00000000eab00000, 0x00000000eaf00000, 0x0000000100000000)
  eden space 2048K, 0% used [0x00000000eab00000,0x00000000eab00000,0x00000000ead00000)
  from space 512K, 93% used [0x00000000eae80000,0x00000000eaef8000,0x00000000eaf00000)
  to   space 512K, 0% used [0x00000000eae00000,0x00000000eae00000,0x00000000eae80000)
 ParOldGen       total 467968K, used 467694K [0x00000000c0000000, 0x00000000dc900000, 0x00000000eab00000)
  object space 467968K, 99% used [0x00000000c0000000,0x00000000dc8bbb88,0x00000000dc900000)
 Metaspace       used 67538K, committed 68928K, reserved 1114112K
  class space    used 7453K, committed 8064K, reserved 1048576K
}

Dll operation events (13 events):
Event: 0.031 Loaded shared library c:\dev25-Dev-Appli\VSCode-devappli\data\extensions\redhat.java-1.42.2025040208-win32-x64\jre\21.0.6-win32-x86_64\bin\java.dll
Event: 0.409 Loaded shared library c:\dev25-Dev-Appli\VSCode-devappli\data\extensions\redhat.java-1.42.2025040208-win32-x64\jre\21.0.6-win32-x86_64\bin\zip.dll
Event: 0.482 Loaded shared library C:\dev25-Dev-Appli\VSCode-devappli\data\extensions\redhat.java-1.42.2025040208-win32-x64\jre\21.0.6-win32-x86_64\bin\instrument.dll
Event: 0.522 Loaded shared library C:\dev25-Dev-Appli\VSCode-devappli\data\extensions\redhat.java-1.42.2025040208-win32-x64\jre\21.0.6-win32-x86_64\bin\net.dll
Event: 0.553 Loaded shared library C:\dev25-Dev-Appli\VSCode-devappli\data\extensions\redhat.java-1.42.2025040208-win32-x64\jre\21.0.6-win32-x86_64\bin\nio.dll
Event: 0.575 Loaded shared library C:\dev25-Dev-Appli\VSCode-devappli\data\extensions\redhat.java-1.42.2025040208-win32-x64\jre\21.0.6-win32-x86_64\bin\zip.dll
Event: 0.619 Loaded shared library C:\dev25-Dev-Appli\VSCode-devappli\data\extensions\redhat.java-1.42.2025040208-win32-x64\jre\21.0.6-win32-x86_64\bin\jimage.dll
Event: 0.943 Loaded shared library c:\dev25-Dev-Appli\VSCode-devappli\data\extensions\redhat.java-1.42.2025040208-win32-x64\jre\21.0.6-win32-x86_64\bin\verify.dll
Event: 4.886 Loaded shared library C:\dev25-Dev-Appli\VSCode-devappli\data\user-data\User\globalStorage\redhat.java\1.42.2025040208\config_win\org.eclipse.equinox.launcher\org.eclipse.equinox.launcher.win32.win32.x86_64_1.2.1300.v20250331-1702\eclipse_11911.dll
Event: 9.500 Loaded shared library C:\Users\lemof\AppData\Local\Temp\jna-102857451\jna11309275428067028740.dll
Event: 34.484 Loaded shared library C:\Users\lemof\.gradle\native\1def1411415f61bf3af743bc5b6707747c0891f09f0c88961ee8f79bc544acac\windows-amd64\native-platform.dll
Event: 38.653 Loaded shared library C:\dev25-Dev-Appli\VSCode-devappli\data\extensions\redhat.java-1.42.2025040208-win32-x64\jre\21.0.6-win32-x86_64\bin\management.dll
Event: 38.700 Loaded shared library C:\dev25-Dev-Appli\VSCode-devappli\data\extensions\redhat.java-1.42.2025040208-win32-x64\jre\21.0.6-win32-x86_64\bin\management_ext.dll

Deoptimization events (20 events):
Event: 90.297 Thread 0x0000026e8feb0cd0 DEOPT PACKING pc=0x0000026e3776e7ef sp=0x0000009f8f2fe9e0
Event: 90.297 Thread 0x0000026e8feb0cd0 DEOPT UNPACKING pc=0x0000026e3e0d4242 sp=0x0000009f8f2fde68 mode 0
Event: 90.308 Thread 0x0000026e8feb0cd0 DEOPT PACKING pc=0x0000026e3811541a sp=0x0000009f8f2fea90
Event: 90.308 Thread 0x0000026e8feb0cd0 DEOPT UNPACKING pc=0x0000026e3e0d4242 sp=0x0000009f8f2fe018 mode 0
Event: 90.338 Thread 0x0000026e8feb0cd0 DEOPT PACKING pc=0x0000026e3811541a sp=0x0000009f8f2fea90
Event: 90.338 Thread 0x0000026e8feb0cd0 DEOPT UNPACKING pc=0x0000026e3e0d4242 sp=0x0000009f8f2fe018 mode 0
Event: 90.435 Thread 0x0000026e8feb0cd0 DEOPT PACKING pc=0x0000026e3811541a sp=0x0000009f8f2fea90
Event: 90.435 Thread 0x0000026e8feb0cd0 DEOPT UNPACKING pc=0x0000026e3e0d4242 sp=0x0000009f8f2fe018 mode 0
Event: 90.444 Thread 0x0000026e8feb0cd0 DEOPT PACKING pc=0x0000026e3776e7ef sp=0x0000009f8f2fe8d0
Event: 90.444 Thread 0x0000026e8feb0cd0 DEOPT UNPACKING pc=0x0000026e3e0d4242 sp=0x0000009f8f2fdd58 mode 0
Event: 90.461 Thread 0x0000026e8feb0cd0 DEOPT PACKING pc=0x0000026e3811541a sp=0x0000009f8f2fea90
Event: 90.461 Thread 0x0000026e8feb0cd0 DEOPT UNPACKING pc=0x0000026e3e0d4242 sp=0x0000009f8f2fe018 mode 0
Event: 90.492 Thread 0x0000026e8feb0cd0 DEOPT PACKING pc=0x0000026e3811541a sp=0x0000009f8f2fea90
Event: 90.492 Thread 0x0000026e8feb0cd0 DEOPT UNPACKING pc=0x0000026e3e0d4242 sp=0x0000009f8f2fe018 mode 0
Event: 90.518 Thread 0x0000026e8feb0cd0 DEOPT PACKING pc=0x0000026e3811541a sp=0x0000009f8f2fea90
Event: 90.518 Thread 0x0000026e8feb0cd0 DEOPT UNPACKING pc=0x0000026e3e0d4242 sp=0x0000009f8f2fe018 mode 0
Event: 90.542 Thread 0x0000026e8feb0cd0 DEOPT PACKING pc=0x0000026e3776e7ef sp=0x0000009f8f2fe8d0
Event: 90.542 Thread 0x0000026e8feb0cd0 DEOPT UNPACKING pc=0x0000026e3e0d4242 sp=0x0000009f8f2fdd58 mode 0
Event: 90.548 Thread 0x0000026e8feb0cd0 DEOPT PACKING pc=0x0000026e380f7eeb sp=0x0000009f8f2feae0
Event: 90.548 Thread 0x0000026e8feb0cd0 DEOPT UNPACKING pc=0x0000026e3e0d4242 sp=0x0000009f8f2fdf80 mode 0

Classes loaded (20 events):
Event: 39.295 Loading class java/security/DigestInputStream
Event: 39.296 Loading class java/security/DigestInputStream done
Event: 39.577 Loading class java/util/HashMap$EntrySpliterator
Event: 39.578 Loading class java/util/HashMap$EntrySpliterator done
Event: 39.615 Loading class java/util/Collections$SynchronizedRandomAccessList
Event: 39.616 Loading class java/util/Collections$SynchronizedList
Event: 39.616 Loading class java/util/Collections$SynchronizedList done
Event: 39.616 Loading class java/util/Collections$SynchronizedRandomAccessList done
Event: 39.664 Loading class java/util/concurrent/CompletableFuture$Signaller
Event: 39.665 Loading class java/util/concurrent/CompletableFuture$Signaller done
Event: 44.741 Loading class java/util/Hashtable$KeySet
Event: 44.741 Loading class java/util/Hashtable$KeySet done
Event: 45.035 Loading class java/util/stream/DistinctOps
Event: 45.036 Loading class java/util/stream/DistinctOps done
Event: 45.036 Loading class java/util/stream/DistinctOps$1
Event: 45.036 Loading class java/util/stream/DistinctOps$1 done
Event: 45.061 Loading class java/util/stream/DistinctOps$1$2
Event: 45.068 Loading class java/util/stream/DistinctOps$1$2 done
Event: 65.320 Loading class java/util/regex/PatternSyntaxException
Event: 65.322 Loading class java/util/regex/PatternSyntaxException done

Classes unloaded (15 events):
Event: 11.054 Thread 0x0000026e47cf0d20 Unloading class 0x0000026e4919d400 'java/lang/invoke/LambdaForm$MH+0x0000026e4919d400'
Event: 11.054 Thread 0x0000026e47cf0d20 Unloading class 0x0000026e4919d000 'java/lang/invoke/LambdaForm$MH+0x0000026e4919d000'
Event: 11.054 Thread 0x0000026e47cf0d20 Unloading class 0x0000026e4919cc00 'java/lang/invoke/LambdaForm$MH+0x0000026e4919cc00'
Event: 11.054 Thread 0x0000026e47cf0d20 Unloading class 0x0000026e4919c800 'java/lang/invoke/LambdaForm$MH+0x0000026e4919c800'
Event: 11.054 Thread 0x0000026e47cf0d20 Unloading class 0x0000026e4919c400 'java/lang/invoke/LambdaForm$BMH+0x0000026e4919c400'
Event: 11.054 Thread 0x0000026e47cf0d20 Unloading class 0x0000026e4919c000 'java/lang/invoke/LambdaForm$DMH+0x0000026e4919c000'
Event: 11.054 Thread 0x0000026e47cf0d20 Unloading class 0x0000026e4919ac00 'java/lang/invoke/LambdaForm$DMH+0x0000026e4919ac00'
Event: 13.985 Thread 0x0000026e47cf0d20 Unloading class 0x0000026e492b8000 'java/lang/invoke/LambdaForm$MH+0x0000026e492b8000'
Event: 13.985 Thread 0x0000026e47cf0d20 Unloading class 0x0000026e492b3c00 'java/lang/invoke/LambdaForm$MH+0x0000026e492b3c00'
Event: 13.985 Thread 0x0000026e47cf0d20 Unloading class 0x0000026e492b3000 'java/lang/invoke/LambdaForm$MH+0x0000026e492b3000'
Event: 13.985 Thread 0x0000026e47cf0d20 Unloading class 0x0000026e492b2800 'java/lang/invoke/LambdaForm$MH+0x0000026e492b2800'
Event: 13.985 Thread 0x0000026e47cf0d20 Unloading class 0x0000026e492b2400 'java/lang/invoke/LambdaForm$DMH+0x0000026e492b2400'
Event: 13.985 Thread 0x0000026e47cf0d20 Unloading class 0x0000026e492b1800 'java/lang/invoke/LambdaForm$MH+0x0000026e492b1800'
Event: 13.985 Thread 0x0000026e47cf0d20 Unloading class 0x0000026e492ae000 'java/lang/invoke/LambdaForm$MH+0x0000026e492ae000'
Event: 13.985 Thread 0x0000026e47cf0d20 Unloading class 0x0000026e492ad400 'java/lang/invoke/LambdaForm$MH+0x0000026e492ad400'

Classes redefined (0 events):
No events

Internal exceptions (20 events):
Event: 86.237 Thread 0x0000026e8feb0cd0 Exception <a 'sun/nio/fs/WindowsException'{0x00000000eab8d878}> (0x00000000eab8d878) 
thrown [s\src\hotspot\share\prims\jni.cpp, line 520]
Event: 86.656 Thread 0x0000026e8feb0cd0 Exception <a 'sun/nio/fs/WindowsException'{0x00000000eabb6ab0}> (0x00000000eabb6ab0) 
thrown [s\src\hotspot\share\prims\jni.cpp, line 520]
Event: 86.666 Thread 0x0000026e8feb0cd0 Exception <a 'sun/nio/fs/WindowsException'{0x00000000eabd1178}> (0x00000000eabd1178) 
thrown [s\src\hotspot\share\prims\jni.cpp, line 520]
Event: 86.680 Thread 0x0000026e8feb0cd0 Exception <a 'sun/nio/fs/WindowsException'{0x00000000eabea220}> (0x00000000eabea220) 
thrown [s\src\hotspot\share\prims\jni.cpp, line 520]
Event: 86.697 Thread 0x0000026e8feb0cd0 Exception <a 'sun/nio/fs/WindowsException'{0x00000000eab03338}> (0x00000000eab03338) 
thrown [s\src\hotspot\share\prims\jni.cpp, line 520]
Event: 86.793 Thread 0x0000026e8feb0cd0 Exception <a 'sun/nio/fs/WindowsException'{0x00000000eab360f8}> (0x00000000eab360f8) 
thrown [s\src\hotspot\share\prims\jni.cpp, line 520]
Event: 86.821 Thread 0x0000026e8feb0cd0 Exception <a 'sun/nio/fs/WindowsException'{0x00000000eab78e30}> (0x00000000eab78e30) 
thrown [s\src\hotspot\share\prims\jni.cpp, line 520]
Event: 86.843 Thread 0x0000026e8feb0cd0 Exception <a 'sun/nio/fs/WindowsException'{0x00000000eab908e0}> (0x00000000eab908e0) 
thrown [s\src\hotspot\share\prims\jni.cpp, line 520]
Event: 86.856 Thread 0x0000026e8feb0cd0 Exception <a 'sun/nio/fs/WindowsException'{0x00000000eaba8430}> (0x00000000eaba8430) 
thrown [s\src\hotspot\share\prims\jni.cpp, line 520]
Event: 86.891 Thread 0x0000026e8feb0cd0 Exception <a 'sun/nio/fs/WindowsException'{0x00000000eab113b0}> (0x00000000eab113b0) 
thrown [s\src\hotspot\share\prims\jni.cpp, line 520]
Event: 86.903 Thread 0x0000026e8feb0cd0 Exception <a 'sun/nio/fs/WindowsException'{0x00000000eab2d020}> (0x00000000eab2d020) 
thrown [s\src\hotspot\share\prims\jni.cpp, line 520]
Event: 86.916 Thread 0x0000026e8feb0cd0 Exception <a 'sun/nio/fs/WindowsException'{0x00000000eab46348}> (0x00000000eab46348) 
thrown [s\src\hotspot\share\prims\jni.cpp, line 520]
Event: 86.934 Thread 0x0000026e8feb0cd0 Exception <a 'sun/nio/fs/WindowsException'{0x00000000eab5cb78}> (0x00000000eab5cb78) 
thrown [s\src\hotspot\share\prims\jni.cpp, line 520]
Event: 87.437 Thread 0x0000026e8feb0cd0 Exception <a 'sun/nio/fs/WindowsException'{0x00000000eab46448}> (0x00000000eab46448) 
thrown [s\src\hotspot\share\prims\jni.cpp, line 520]
Event: 87.489 Thread 0x0000026e8feb0cd0 Exception <a 'sun/nio/fs/WindowsException'{0x00000000eac71020}> (0x00000000eac71020) 
thrown [s\src\hotspot\share\prims\jni.cpp, line 520]
Event: 88.371 Thread 0x0000026e8feb0cd0 Exception <a 'sun/nio/fs/WindowsException'{0x00000000eabe7cc8}> (0x00000000eabe7cc8) 
thrown [s\src\hotspot\share\prims\jni.cpp, line 520]
Event: 89.121 Thread 0x0000026e8feb0cd0 Exception <a 'sun/nio/fs/WindowsException'{0x00000000eabda3a8}> (0x00000000eabda3a8) 
thrown [s\src\hotspot\share\prims\jni.cpp, line 520]
Event: 90.135 Thread 0x0000026e8feb0cd0 Exception <a 'sun/nio/fs/WindowsException'{0x00000000eabe9168}> (0x00000000eabe9168) 
thrown [s\src\hotspot\share\prims\jni.cpp, line 520]
Event: 90.426 Thread 0x0000026e8feb0cd0 Exception <a 'sun/nio/fs/WindowsException'{0x00000000eab66de0}> (0x00000000eab66de0) 
thrown [s\src\hotspot\share\prims\jni.cpp, line 520]
Event: 90.564 Thread 0x0000026e8feb0cd0 Exception <a 'sun/nio/fs/WindowsException'{0x00000000eab97408}> (0x00000000eab97408) 
thrown [s\src\hotspot\share\prims\jni.cpp, line 520]

ZGC Phase Switch (0 events):
No events

VM Operations (20 events):
Event: 90.367 Executing VM operation: ParallelGCFailedAllocation (Allocation Failure)
Event: 90.370 Executing VM operation: ParallelGCFailedAllocation (Allocation Failure) done
Event: 90.383 Executing VM operation: ParallelGCFailedAllocation (Allocation Failure)
Event: 90.386 Executing VM operation: ParallelGCFailedAllocation (Allocation Failure) done
Event: 90.408 Executing VM operation: ParallelGCFailedAllocation (Allocation Failure)
Event: 90.410 Executing VM operation: ParallelGCFailedAllocation (Allocation Failure) done
Event: 90.445 Executing VM operation: ParallelGCFailedAllocation (Allocation Failure)
Event: 90.448 Executing VM operation: ParallelGCFailedAllocation (Allocation Failure) done
Event: 90.462 Executing VM operation: ParallelGCFailedAllocation (Allocation Failure)
Event: 90.465 Executing VM operation: ParallelGCFailedAllocation (Allocation Failure) done
Event: 90.478 Executing VM operation: ParallelGCFailedAllocation (Allocation Failure)
Event: 90.481 Executing VM operation: ParallelGCFailedAllocation (Allocation Failure) done
Event: 90.495 Executing VM operation: ParallelGCFailedAllocation (Allocation Failure)
Event: 90.497 Executing VM operation: ParallelGCFailedAllocation (Allocation Failure) done
Event: 90.510 Executing VM operation: ParallelGCFailedAllocation (Allocation Failure)
Event: 90.514 Executing VM operation: ParallelGCFailedAllocation (Allocation Failure) done
Event: 90.531 Executing VM operation: ParallelGCFailedAllocation (Allocation Failure)
Event: 90.533 Executing VM operation: ParallelGCFailedAllocation (Allocation Failure) done
Event: 90.550 Executing VM operation: ParallelGCFailedAllocation (Allocation Failure)
Event: 90.553 Executing VM operation: ParallelGCFailedAllocation (Allocation Failure) done

Memory protections (0 events):
No events

Nmethod flushes (20 events):
Event: 32.662 Thread 0x0000026e47cf0d20 flushing  nmethod 0x0000026e37452710
Event: 32.662 Thread 0x0000026e47cf0d20 flushing  nmethod 0x0000026e37458c10
Event: 32.662 Thread 0x0000026e47cf0d20 flushing  nmethod 0x0000026e3745a410
Event: 32.662 Thread 0x0000026e47cf0d20 flushing  nmethod 0x0000026e3745a810
Event: 32.662 Thread 0x0000026e47cf0d20 flushing  nmethod 0x0000026e3745ae10
Event: 32.662 Thread 0x0000026e47cf0d20 flushing  nmethod 0x0000026e3745c390
Event: 32.662 Thread 0x0000026e47cf0d20 flushing  nmethod 0x0000026e3745c910
Event: 32.662 Thread 0x0000026e47cf0d20 flushing  nmethod 0x0000026e37463810
Event: 32.662 Thread 0x0000026e47cf0d20 flushing  nmethod 0x0000026e37463c10
Event: 32.662 Thread 0x0000026e47cf0d20 flushing  nmethod 0x0000026e37465290
Event: 32.662 Thread 0x0000026e47cf0d20 flushing  nmethod 0x0000026e37465710
Event: 32.662 Thread 0x0000026e47cf0d20 flushing  nmethod 0x0000026e37465d10
Event: 32.662 Thread 0x0000026e47cf0d20 flushing  nmethod 0x0000026e37469210
Event: 32.662 Thread 0x0000026e47cf0d20 flushing  nmethod 0x0000026e37472610
Event: 32.662 Thread 0x0000026e47cf0d20 flushing  nmethod 0x0000026e37472a90
Event: 32.662 Thread 0x0000026e47cf0d20 flushing  nmethod 0x0000026e37473e10
Event: 32.662 Thread 0x0000026e47cf0d20 flushing  nmethod 0x0000026e37474310
Event: 32.662 Thread 0x0000026e47cf0d20 flushing  nmethod 0x0000026e37474e10
Event: 32.662 Thread 0x0000026e47cf0d20 flushing  nmethod 0x0000026e3748de90
Event: 32.662 Thread 0x0000026e47cf0d20 flushing osr nmethod 0x0000026e374d3c90

Events (20 events):
Event: 21.827 Thread 0x0000026e91229d00 Thread added: 0x0000026e9122b740
Event: 21.828 Thread 0x0000026e91229d00 Thread added: 0x0000026e9122f250
Event: 21.829 Thread 0x0000026e91229d00 Thread added: 0x0000026e91229670
Event: 21.829 Thread 0x0000026e91229d00 Thread added: 0x0000026e9122bdd0
Event: 23.120 Thread 0x0000026e8feb68b0 Thread added: 0x0000026e9122c460
Event: 23.121 Thread 0x0000026e8feb68b0 Thread added: 0x0000026e9122caf0
Event: 23.121 Thread 0x0000026e8feb68b0 Thread added: 0x0000026e9122d180
Event: 23.121 Thread 0x0000026e8feb68b0 Thread added: 0x0000026e91230600
Event: 23.121 Thread 0x0000026e8feb68b0 Thread added: 0x0000026e9122d810
Event: 23.121 Thread 0x0000026e8feb68b0 Thread added: 0x0000026e9122dea0
Event: 29.894 Thread 0x0000026e8feb68b0 Thread added: 0x0000026e9155df50
Event: 30.135 Thread 0x0000026e8feb68b0 Thread added: 0x0000026e9155d230
Event: 30.186 Thread 0x0000026e8feb68b0 Thread added: 0x0000026e9155c510
Event: 30.186 Thread 0x0000026e8feb68b0 Thread added: 0x0000026e9155d8c0
Event: 30.186 Thread 0x0000026e8feb68b0 Thread added: 0x0000026e9155f300
Event: 30.186 Thread 0x0000026e8feb68b0 Thread added: 0x0000026e9155cba0
Event: 30.186 Thread 0x0000026e8feb68b0 Thread added: 0x0000026e9261aa70
Event: 32.372 Thread 0x0000026e8feb75d0 Thread added: 0x0000026e926175f0
Event: 33.035 Thread 0x0000026e8feb75d0 Thread added: 0x0000026e9261def0
Event: 39.011 Thread 0x0000026e9261def0 Thread exited: 0x0000026e9261def0


Dynamic libraries:
0x00007ff6e8370000 - 0x00007ff6e837e000 	c:\dev25-Dev-Appli\VSCode-devappli\data\extensions\redhat.java-1.42.2025040208-win32-x64\jre\21.0.6-win32-x86_64\bin\java.exe
0x00007ffdf7230000 - 0x00007ffdf7447000 	C:\WINDOWS\SYSTEM32\ntdll.dll
0x00007ffdf5e50000 - 0x00007ffdf5f14000 	C:\WINDOWS\System32\KERNEL32.DLL
0x00007ffdf46b0000 - 0x00007ffdf4a83000 	C:\WINDOWS\System32\KERNELBASE.dll
0x00007ffdf4590000 - 0x00007ffdf46a1000 	C:\WINDOWS\System32\ucrtbase.dll
0x00007ffde00c0000 - 0x00007ffde00d8000 	c:\dev25-Dev-Appli\VSCode-devappli\data\extensions\redhat.java-1.42.2025040208-win32-x64\jre\21.0.6-win32-x86_64\bin\jli.dll
0x00007ffdf6cf0000 - 0x00007ffdf6ea1000 	C:\WINDOWS\System32\USER32.dll
0x00007ffdf4cf0000 - 0x00007ffdf4d16000 	C:\WINDOWS\System32\win32u.dll
0x00007ffdf4f00000 - 0x00007ffdf4f29000 	C:\WINDOWS\System32\GDI32.dll
0x00007ffdf4dc0000 - 0x00007ffdf4edb000 	C:\WINDOWS\System32\gdi32full.dll
0x00007ffdf4d20000 - 0x00007ffdf4dba000 	C:\WINDOWS\System32\msvcp_win.dll
0x00007ffde00a0000 - 0x00007ffde00be000 	c:\dev25-Dev-Appli\VSCode-devappli\data\extensions\redhat.java-1.42.2025040208-win32-x64\jre\21.0.6-win32-x86_64\bin\VCRUNTIME140.dll
0x00007ffde1590000 - 0x00007ffde1828000 	C:\WINDOWS\WinSxS\amd64_microsoft.windows.common-controls_6595b64144ccf1df_6.0.22621.5124_none_270e8f4f7386d69d\COMCTL32.dll
0x00007ffdf5920000 - 0x00007ffdf59c7000 	C:\WINDOWS\System32\msvcrt.dll
0x00007ffdf4ff0000 - 0x00007ffdf5021000 	C:\WINDOWS\System32\IMM32.DLL
0x00007ffde5d40000 - 0x00007ffde5d4c000 	c:\dev25-Dev-Appli\VSCode-devappli\data\extensions\redhat.java-1.42.2025040208-win32-x64\jre\21.0.6-win32-x86_64\bin\vcruntime140_1.dll
0x00007ffd882d0000 - 0x00007ffd8835d000 	c:\dev25-Dev-Appli\VSCode-devappli\data\extensions\redhat.java-1.42.2025040208-win32-x64\jre\21.0.6-win32-x86_64\bin\msvcp140.dll
0x00007ffd759f0000 - 0x00007ffd76780000 	c:\dev25-Dev-Appli\VSCode-devappli\data\extensions\redhat.java-1.42.2025040208-win32-x64\jre\21.0.6-win32-x86_64\bin\server\jvm.dll
0x00007ffdf4f30000 - 0x00007ffdf4fe1000 	C:\WINDOWS\System32\ADVAPI32.dll
0x00007ffdf5f30000 - 0x00007ffdf5fd8000 	C:\WINDOWS\System32\sechost.dll
0x00007ffdf4cc0000 - 0x00007ffdf4ce8000 	C:\WINDOWS\System32\bcrypt.dll
0x00007ffdf59d0000 - 0x00007ffdf5ae4000 	C:\WINDOWS\System32\RPCRT4.dll
0x00007ffdf7170000 - 0x00007ffdf71e1000 	C:\WINDOWS\System32\WS2_32.dll
0x00007ffdf4220000 - 0x00007ffdf426d000 	C:\WINDOWS\SYSTEM32\POWRPROF.dll
0x00007ffdeb690000 - 0x00007ffdeb6c4000 	C:\WINDOWS\SYSTEM32\WINMM.dll
0x00007ffde9890000 - 0x00007ffde989a000 	C:\WINDOWS\SYSTEM32\VERSION.dll
0x00007ffdf4200000 - 0x00007ffdf4213000 	C:\WINDOWS\SYSTEM32\UMPDC.dll
0x00007ffdf3340000 - 0x00007ffdf3358000 	C:\WINDOWS\SYSTEM32\kernel.appcore.dll
0x00007ffde0460000 - 0x00007ffde046a000 	c:\dev25-Dev-Appli\VSCode-devappli\data\extensions\redhat.java-1.42.2025040208-win32-x64\jre\21.0.6-win32-x86_64\bin\jimage.dll
0x00007ffdf1cf0000 - 0x00007ffdf1f22000 	C:\WINDOWS\SYSTEM32\DBGHELP.DLL
0x00007ffdf5030000 - 0x00007ffdf53c2000 	C:\WINDOWS\System32\combase.dll
0x00007ffdf6c10000 - 0x00007ffdf6ce7000 	C:\WINDOWS\System32\OLEAUT32.dll
0x00007ffde69e0000 - 0x00007ffde6a12000 	C:\WINDOWS\SYSTEM32\dbgcore.DLL
0x00007ffdf4510000 - 0x00007ffdf458b000 	C:\WINDOWS\System32\bcryptPrimitives.dll
0x00007ffde04b0000 - 0x00007ffde04bf000 	c:\dev25-Dev-Appli\VSCode-devappli\data\extensions\redhat.java-1.42.2025040208-win32-x64\jre\21.0.6-win32-x86_64\bin\instrument.dll
0x00007ffdd5e30000 - 0x00007ffdd5e4f000 	c:\dev25-Dev-Appli\VSCode-devappli\data\extensions\redhat.java-1.42.2025040208-win32-x64\jre\21.0.6-win32-x86_64\bin\java.dll
0x00007ffdf6250000 - 0x00007ffdf6ae6000 	C:\WINDOWS\System32\SHELL32.dll
0x00007ffdf43d0000 - 0x00007ffdf450f000 	C:\WINDOWS\System32\wintypes.dll
0x00007ffdf2230000 - 0x00007ffdf2b4a000 	C:\WINDOWS\SYSTEM32\windows.storage.dll
0x00007ffdf5af0000 - 0x00007ffdf5bfa000 	C:\WINDOWS\System32\SHCORE.dll
0x00007ffdf6160000 - 0x00007ffdf61c3000 	C:\WINDOWS\System32\shlwapi.dll
0x00007ffdf4280000 - 0x00007ffdf42ab000 	C:\WINDOWS\SYSTEM32\profapi.dll
0x00007ffde0080000 - 0x00007ffde0098000 	c:\dev25-Dev-Appli\VSCode-devappli\data\extensions\redhat.java-1.42.2025040208-win32-x64\jre\21.0.6-win32-x86_64\bin\zip.dll
0x00007ffde0070000 - 0x00007ffde0080000 	C:\dev25-Dev-Appli\VSCode-devappli\data\extensions\redhat.java-1.42.2025040208-win32-x64\jre\21.0.6-win32-x86_64\bin\net.dll
0x00007ffdecb90000 - 0x00007ffdeccbc000 	C:\WINDOWS\SYSTEM32\WINHTTP.dll
0x00007ffdf37b0000 - 0x00007ffdf381a000 	C:\WINDOWS\system32\mswsock.dll
0x00007ffde0050000 - 0x00007ffde0066000 	C:\dev25-Dev-Appli\VSCode-devappli\data\extensions\redhat.java-1.42.2025040208-win32-x64\jre\21.0.6-win32-x86_64\bin\nio.dll
0x00007ffde04e0000 - 0x00007ffde04f0000 	c:\dev25-Dev-Appli\VSCode-devappli\data\extensions\redhat.java-1.42.2025040208-win32-x64\jre\21.0.6-win32-x86_64\bin\verify.dll
0x00007ffde0150000 - 0x00007ffde0195000 	C:\dev25-Dev-Appli\VSCode-devappli\data\user-data\User\globalStorage\redhat.java\1.42.2025040208\config_win\org.eclipse.equinox.launcher\org.eclipse.equinox.launcher.win32.win32.x86_64_1.2.1300.v20250331-1702\eclipse_11911.dll
0x00007ffdf6fc0000 - 0x00007ffdf7161000 	C:\WINDOWS\System32\ole32.dll
0x00007ffdf3b00000 - 0x00007ffdf3b1b000 	C:\WINDOWS\SYSTEM32\CRYPTSP.dll
0x00007ffdf32a0000 - 0x00007ffdf32d7000 	C:\WINDOWS\system32\rsaenh.dll
0x00007ffdf3850000 - 0x00007ffdf3878000 	C:\WINDOWS\SYSTEM32\USERENV.dll
0x00007ffdf3ae0000 - 0x00007ffdf3aec000 	C:\WINDOWS\SYSTEM32\CRYPTBASE.dll
0x00007ffdf2db0000 - 0x00007ffdf2ddd000 	C:\WINDOWS\SYSTEM32\IPHLPAPI.DLL
0x00007ffdf5f20000 - 0x00007ffdf5f29000 	C:\WINDOWS\System32\NSI.dll
0x00007ffd90fb0000 - 0x00007ffd90ff9000 	C:\Users\lemof\AppData\Local\Temp\jna-102857451\jna11309275428067028740.dll
0x00007ffdf6bb0000 - 0x00007ffdf6bb8000 	C:\WINDOWS\System32\PSAPI.DLL
0x00007ffdec900000 - 0x00007ffdec919000 	C:\WINDOWS\SYSTEM32\dhcpcsvc6.DLL
0x00007ffdec8a0000 - 0x00007ffdec8bf000 	C:\WINDOWS\SYSTEM32\dhcpcsvc.DLL
0x00007ffddffe0000 - 0x00007ffde0007000 	C:\Users\lemof\.gradle\native\1def1411415f61bf3af743bc5b6707747c0891f09f0c88961ee8f79bc544acac\windows-amd64\native-platform.dll
0x00007ffddff70000 - 0x00007ffddff7a000 	C:\dev25-Dev-Appli\VSCode-devappli\data\extensions\redhat.java-1.42.2025040208-win32-x64\jre\21.0.6-win32-x86_64\bin\management.dll
0x00007ffddff40000 - 0x00007ffddff4b000 	C:\dev25-Dev-Appli\VSCode-devappli\data\extensions\redhat.java-1.42.2025040208-win32-x64\jre\21.0.6-win32-x86_64\bin\management_ext.dll

dbghelp: loaded successfully - version: 4.0.5 - missing functions: none
symbol engine: initialized successfully - sym options: 0x614 - pdb path: .;c:\dev25-Dev-Appli\VSCode-devappli\data\extensions\redhat.java-1.42.2025040208-win32-x64\jre\21.0.6-win32-x86_64\bin;C:\WINDOWS\SYSTEM32;C:\WINDOWS\WinSxS\amd64_microsoft.windows.common-controls_6595b64144ccf1df_6.0.22621.5124_none_270e8f4f7386d69d;c:\dev25-Dev-Appli\VSCode-devappli\data\extensions\redhat.java-1.42.2025040208-win32-x64\jre\21.0.6-win32-x86_64\bin\server;C:\dev25-Dev-Appli\VSCode-devappli\data\user-data\User\globalStorage\redhat.java\1.42.2025040208\config_win\org.eclipse.equinox.launcher\org.eclipse.equinox.launcher.win32.win32.x86_64_1.2.1300.v20250331-1702;C:\Users\lemof\AppData\Local\Temp\jna-102857451;C:\Users\lemof\.gradle\native\1def1411415f61bf3af743bc5b6707747c0891f09f0c88961ee8f79bc544acac\windows-amd64

VM Arguments:
jvm_args: --add-modules=ALL-SYSTEM --add-opens=java.base/java.util=ALL-UNNAMED --add-opens=java.base/java.lang=ALL-UNNAMED --add-opens=java.base/sun.nio.fs=ALL-UNNAMED -Declipse.application=org.eclipse.jdt.ls.core.id1 -Dosgi.bundles.defaultStartLevel=4 -Declipse.product=org.eclipse.jdt.ls.core.product -Djava.import.generatesMetadataFilesAtProjectRoot=false -DDetectVMInstallationsJob.disabled=true -Dfile.encoding=utf8 -XX:+UseParallelGC -XX:GCTimeRatio=4 -XX:AdaptiveSizePolicyWeight=90 -Dsun.zip.disableMemoryMapping=true -Xmx1G -Xms100m -Xlog:disable -javaagent:c:\dev25-Dev-Appli\VSCode-devappli\data\extensions\redhat.java-1.42.2025040208-win32-x64\lombok\lombok-1.18.36.jar -XX:+HeapDumpOnOutOfMemoryError -XX:HeapDumpPath=c:\dev25-Dev-Appli\VSCode-devappli\data\user-data\User\workspaceStorage\8795ce356abd26f64471dffbf105a462\redhat.java -Daether.dependencyCollector.impl=bf 
java_command: c:\dev25-Dev-Appli\VSCode-devappli\data\extensions\redhat.java-1.42.2025040208-win32-x64\server\plugins\org.eclipse.equinox.launcher_1.7.0.v20250331-1702.jar -configuration c:\dev25-Dev-Appli\VSCode-devappli\data\user-data\User\globalStorage\redhat.java\1.42.2025040208\config_win -data c:\dev25-Dev-Appli\VSCode-devappli\data\user-data\User\workspaceStorage\8795ce356abd26f64471dffbf105a462\redhat.java\jdt_ws --pipe=\\.\pipe\lsp-755a349be44b8613ec6268176c8d6597-sock
java_class_path (initial): c:\dev25-Dev-Appli\VSCode-devappli\data\extensions\redhat.java-1.42.2025040208-win32-x64\server\plugins\org.eclipse.equinox.launcher_1.7.0.v20250331-1702.jar
Launcher Type: SUN_STANDARD

[Global flags]
    uintx AdaptiveSizePolicyWeight                 = 90                                        {product} {command line}
     intx CICompilerCount                          = 4                                         {product} {ergonomic}
    uintx GCTimeRatio                              = 4                                         {product} {command line}
     bool HeapDumpOnOutOfMemoryError               = true                                   {manageable} {command line}
    ccstr HeapDumpPath                             = c:\dev25-Dev-Appli\VSCode-devappli\data\user-data\User\workspaceStorage\8795ce356abd26f64471dffbf105a462\redhat.java         {manageable} {command line}
   size_t InitialHeapSize                          = 104857600                                 {product} {command line}
   size_t MaxHeapSize                              = 1073741824                                {product} {command line}
   size_t MaxNewSize                               = 357564416                                 {product} {ergonomic}
   size_t MinHeapDeltaBytes                        = 524288                                    {product} {ergonomic}
   size_t MinHeapSize                              = 104857600                                 {product} {command line}
   size_t NewSize                                  = 34603008                                  {product} {ergonomic}
    uintx NonNMethodCodeHeapSize                   = 5839372                                {pd product} {ergonomic}
    uintx NonProfiledCodeHeapSize                  = 122909434                              {pd product} {ergonomic}
   size_t OldSize                                  = 70254592                                  {product} {ergonomic}
    uintx ProfiledCodeHeapSize                     = 122909434                              {pd product} {ergonomic}
    uintx ReservedCodeCacheSize                    = 251658240                              {pd product} {ergonomic}
     bool SegmentedCodeCache                       = true                                      {product} {ergonomic}
   size_t SoftMaxHeapSize                          = 1073741824                             {manageable} {ergonomic}
     bool UseCompressedOops                        = true                           {product lp64_product} {ergonomic}
     bool UseLargePagesIndividualAllocation        = false                                  {pd product} {ergonomic}
     bool UseParallelGC                            = true                                      {product} {command line}

Logging:
Log output configuration:
 #0: stdout all=off uptime,level,tags foldmultilines=false
 #1: stderr all=off uptime,level,tags foldmultilines=false

Environment Variables:
PATH=C:\Program Files\Common Files\Oracle\Java\javapath;C:\Program Files (x86)\VMware\VMware Workstation\bin\;C:\WINDOWS\system32;C:\WINDOWS;C:\WINDOWS\System32\Wbem;C:\WINDOWS\System32\WindowsPowerShell\v1.0\;C:\WINDOWS\System32\OpenSSH\;C:\MinGW\bin;C:\Program Files\Git\cmd;C:\Program Files\Docker\Docker\resources\bin;C:\ProgramData\chocolatey\bin;C:\Program Files\dotnet\;C:\Users\lemof\AppData\Local\Programs\Python\Launcher\;C:\Users\lemof\AppData\Local\Microsoft\WindowsApps;C:\Users\lemof\AppData\Local\Programs\Microsoft VS Code\bin;C:\MinGW\bin;C:\ProgramData\lemof\GitHubDesktop\bin;C:\Users\lemof\AppData\Local\GitHubDesktop\bin;C:\Users\lemof\AppData\Local\JetBrains\IntelliJ IDEA 2024.2.1\bin;;C:\Users\lemof\AppData\Local\Programs\Python\Python312\Scripts;;C:\Program Files\JetBrains\PyCharm 2024.3.1.1\bin;
USERNAME=lemof
OS=Windows_NT
PROCESSOR_IDENTIFIER=Intel64 Family 6 Model 142 Stepping 10, GenuineIntel
TMP=C:\Users\lemof\AppData\Local\Temp
TEMP=C:\Users\lemof\AppData\Local\Temp




Periodic native trim disabled

---------------  S Y S T E M  ---------------

OS:
 Windows 11 , 64 bit Build 22621 (10.0.22621.5124)
OS uptime: 3 days 12:41 hours
Hyper-V role detected

CPU: total 8 (initial active 8) (4 cores per cpu, 2 threads per core) family 6 model 142 stepping 10 microcode 0xf6, cx8, cmov, fxsr, ht, mmx, 3dnowpref, sse, sse2, sse3, ssse3, sse4.1, sse4.2, popcnt, lzcnt, tsc, tscinvbit, avx, avx2, aes, erms, clmul, bmi1, bmi2, rtm, adx, fma, vzeroupper, clflush, clflushopt, hv, rdtscp, f16c
Processor Information for the first 8 processors :
  Max Mhz: 2112, Current Mhz: 1910, Mhz Limit: 1900

Memory: 4k page, system-wide physical 3974M (37M free)
TotalPageFile size 16262M (AvailPageFile size 4M)
current process WorkingSet (physical memory assigned to process): 246M, peak: 310M
current process commit charge ("private bytes"): 743M, peak: 743M

vm_info: OpenJDK 64-Bit Server VM (21.0.6+7-LTS) for windows-amd64 JRE (21.0.6+7-LTS), built on 2025-01-21T00:00:00Z by "admin" with MS VC++ 17.7 (VS2022)

END.
