#
# There is insufficient memory for the Java Runtime Environment to continue.
# Native memory allocation (malloc) failed to allocate 1713728 bytes. Error detail: Chunk::new
# Possible reasons:
#   The system is out of physical RAM or swap space
#   This process is running with CompressedOops enabled, and the Java Heap may be blocking the growth of the native heap
# Possible solutions:
#   Reduce memory load on the system
#   Increase physical memory or swap space
#   Check if swap backing store is full
#   Decrease Java heap size (-Xmx/-Xms)
#   Decrease number of Java threads
#   Decrease Java thread stack sizes (-Xss)
#   Set larger code cache with -XX:ReservedCodeCacheSize=
#   JVM is running with Unscaled Compressed Oops mode in which the Java heap is
#     placed in the first 4GB address space. The Java Heap base address is the
#     maximum limit for the native heap growth. Please use -XX:HeapBaseMinAddress
#     to set the Java Heap base and to place the Java Heap above 4GB virtual address.
# This output file may be truncated or incomplete.
#
#  Out of Memory Error (arena.cpp:168), pid=22168, tid=8820
#
# JRE version: OpenJDK Runtime Environment Temurin-21.0.6+7 (21.0.6+7) (build 21.0.6+7-LTS)
# Java VM: OpenJDK 64-Bit Server VM Temurin-21.0.6+7 (21.0.6+7-LTS, mixed mode, sharing, tiered, compressed oops, compressed class ptrs, parallel gc, windows-amd64)
# No core dump will be written. Minidumps are not enabled by default on client versions of Windows
#

---------------  S U M M A R Y ------------

Command Line: --add-modules=ALL-SYSTEM --add-opens=java.base/java.util=ALL-UNNAMED --add-opens=java.base/java.lang=ALL-UNNAMED --add-opens=java.base/sun.nio.fs=ALL-UNNAMED -Declipse.application=org.eclipse.jdt.ls.core.id1 -Dosgi.bundles.defaultStartLevel=4 -Declipse.product=org.eclipse.jdt.ls.core.product -Djava.import.generatesMetadataFilesAtProjectRoot=false -DDetectVMInstallationsJob.disabled=true -Dfile.encoding=utf8 -XX:+UseParallelGC -XX:GCTimeRatio=4 -XX:AdaptiveSizePolicyWeight=90 -Dsun.zip.disableMemoryMapping=true -Xmx1G -Xms100m -Xlog:disable -javaagent:c:\dev25-Dev-Appli\VSCode-devappli\data\extensions\redhat.java-1.42.2025040208-win32-x64\lombok\lombok-1.18.36.jar -XX:+HeapDumpOnOutOfMemoryError -XX:HeapDumpPath=c:\dev25-Dev-Appli\VSCode-devappli\data\user-data\User\workspaceStorage\8795ce356abd26f64471dffbf105a462\redhat.java -Daether.dependencyCollector.impl=bf c:\dev25-Dev-Appli\VSCode-devappli\data\extensions\redhat.java-1.42.2025040208-win32-x64\server\plugins\org.eclipse.equinox.launcher_1.7.0.v20250331-1702.jar -configuration c:\dev25-Dev-Appli\VSCode-devappli\data\user-data\User\globalStorage\redhat.java\1.42.2025040208\config_win -data c:\dev25-Dev-Appli\VSCode-devappli\data\user-data\User\workspaceStorage\8795ce356abd26f64471dffbf105a462\redhat.java\jdt_ws --pipe=\\.\pipe\lsp-385e61ce30aed1a15a1caa5af6308939-sock

Host: Intel(R) Core(TM) i7-8650U CPU @ 1.90GHz, 8 cores, 3G,  Windows 11 , 64 bit Build 22621 (10.0.22621.5124)
Time: Fri Apr  4 12:38:04 2025 Paris, Madrid (heure duild 22621 (10.0.22621.5124) elapsed time: 11.091987 seconds (0d 0h 0m 11s)

---------------  T H R E A D  ---------------

Current thread (0x0000017c7f039dd0):  JavaThread "C2 CompilerThread0" daemon [_thread_in_native, id=8820, stack(0x0000001c18a00000,0x0000001c18b00000) (1024K)]


Current CompileTask:
C2:11092 7875   !   4       org.eclipse.jdt.internal.compiler.classfmt.ClassFileReader::<init> (2135 bytes)

Stack: [0x0000001c18a00000,0x0000001c18b00000]
Native frames: (J=compiled Java code, j=interpreted, Vv=VM code, C=native code)
V  [jvm.dll+0x6cdee9]
V  [jvm.dll+0x8a83d1]
V  [jvm.dll+0x8aa8fe]
V  [jvm.dll+0x8aafe3]
V  [jvm.dll+0x27f706]
V  [jvm.dll+0xc500d]
V  [jvm.dll+0xc5543]
V  [jvm.dll+0x3b678c]
V  [jvm.dll+0x382935]
V  [jvm.dll+0x381d9a]
V  [jvm.dll+0x2479f0]
V  [jvm.dll+0x246fcf]
V  [jvm.dll+0x1c75ee]
V  [jvm.dll+0x25685a]
V  [jvm.dll+0x254dfa]
V  [jvm.dll+0x3f0256]
V  [jvm.dll+0x851f8b]
V  [jvm.dll+0x6cc5ed]
C  [ucrtbase.dll+0x29333]
C  [KERNEL32.DLL+0x1259d]
C  [ntdll.dll+0x5af38]


---------------  P R O C E S S  ---------------

Threads class SMR info:
_java_thread_list=0x0000017c499b5600, length=55, elements={
0x0000017c6ac4e6b0, 0x0000017c7effbf80, 0x0000017c7effde40, 0x0000017c7f0002f0,
0x0000017c7f0035e0, 0x0000017c7f0252c0, 0x0000017c7f02bb50, 0x0000017c7f039dd0,
0x0000017c7f03dd50, 0x0000017c41ba8610, 0x0000017c41ba6bd0, 0x0000017c41ba7260,
0x0000017c41ba9330, 0x0000017c41ba7f80, 0x0000017c41ba8ca0, 0x0000017c41ba99c0,
0x0000017c41ba6540, 0x0000017c46c6ce90, 0x0000017c46c6d520, 0x0000017c46c6dbb0,
0x0000017c46c6e240, 0x0000017c46c716c0, 0x0000017c46c70310, 0x0000017c46c6c800,
0x0000017c46c6fc80, 0x0000017c46c6e8d0, 0x0000017c46c6bae0, 0x0000017c46c6ef60,
0x0000017c46c6f5f0, 0x0000017c46c709a0, 0x0000017c46c6adc0, 0x0000017c46c71030,
0x0000017c46c6c170, 0x0000017c46c71d50, 0x0000017c46c6b450, 0x0000017c46c723e0,
0x0000017c48c87de0, 0x0000017c48c89820, 0x0000017c48c89190, 0x0000017c48c87750,
0x0000017c48c89eb0, 0x0000017c48c88470, 0x0000017c48c8b260, 0x0000017c48c88b00,
0x0000017c48c8a540, 0x0000017c48c8bf80, 0x0000017c48c870c0, 0x0000017c48c8abd0,
0x0000017c48c8b8f0, 0x0000017c48c8cca0, 0x0000017c48c8d330, 0x0000017c48c8d9c0,
0x0000017c48c8e050, 0x0000017c48c8e6e0, 0x0000017c49ea0970
}

Java Threads: ( => current thread )
  0x0000017c6ac4e6b0 JavaThread "main"                              [_thread_blocked, id=13288, stack(0x0000001c18000000,0x0000001c18100000) (1024K)]
  0x0000017c7effbf80 JavaThread "Reference Handler"          daemon [_thread_blocked, id=18100, stack(0x0000001c18400000,0x0000001c18500000) (1024K)]
  0x0000017c7effde40 JavaThread "Finalizer"                  daemon [_thread_blocked, id=20540, stack(0x0000001c18500000,0x0000001c18600000) (1024K)]
  0x0000017c7f0002f0 JavaThread "Signal Dispatcher"          daemon [_thread_blocked, id=10708, stack(0x0000001c18600000,0x0000001c18700000) (1024K)]
  0x0000017c7f0035e0 JavaThread "Attach Listener"            daemon [_thread_blocked, id=30676, stack(0x0000001c18700000,0x0000001c18800000) (1024K)]
  0x0000017c7f0252c0 JavaThread "Service Thread"             daemon [_thread_blocked, id=4064, stack(0x0000001c18800000,0x0000001c18900000) (1024K)]
  0x0000017c7f02bb50 JavaThread "Monitor Deflation Thread"   daemon [_thread_blocked, id=14836, stack(0x0000001c18900000,0x0000001c18a00000) (1024K)]
=>0x0000017c7f039dd0 JavaThread "C2 CompilerThread0"         daemon [_thread_in_native, id=8820, stack(0x0000001c18a00000,0x0000001c18b00000) (1024K)]
  0x0000017c7f03dd50 JavaThread "C1 CompilerThread0"         daemon [_thread_in_vm, id=26300, stack(0x0000001c18b00000,0x0000001c18c00000) (1024K)]
  0x0000017c41ba8610 JavaThread "Common-Cleaner"             daemon [_thread_blocked, id=13976, stack(0x0000001c18c00000,0x0000001c18d00000) (1024K)]
  0x0000017c41ba6bd0 JavaThread "Notification Thread"        daemon [_thread_blocked, id=2676, stack(0x0000001c18e00000,0x0000001c18f00000) (1024K)]
  0x0000017c41ba7260 JavaThread "Active Thread: Equinox Container: d8c27b11-606b-4959-a8f6-9ffcd2b56dcf"        [_thread_blocked, id=29980, stack(0x0000001c19500000,0x0000001c19600000) (1024K)]
  0x0000017c41ba9330 JavaThread "Refresh Thread: Equinox Container: d8c27b11-606b-4959-a8f6-9ffcd2b56dcf" daemon [_thread_blocked, id=12028, stack(0x0000001c19600000,0x0000001c19700000) (1024K)]
  0x0000017c41ba7f80 JavaThread "Framework Event Dispatcher: Equinox Container: d8c27b11-606b-4959-a8f6-9ffcd2b56dcf" daemon [_thread_blocked, id=24016, stack(0x0000001c19800000,0x0000001c19900000) (1024K)]
  0x0000017c41ba8ca0 JavaThread "Start Level: Equinox Container: d8c27b11-606b-4959-a8f6-9ffcd2b56dcf" daemon [_thread_blocked, id=968, stack(0x0000001c19900000,0x0000001c19a00000) (1024K)]
  0x0000017c41ba99c0 JavaThread "Bundle File Closer"         daemon [_thread_blocked, id=30564, stack(0x0000001c19a00000,0x0000001c19b00000) (1024K)]
  0x0000017c41ba6540 JavaThread "SCR Component Actor"        daemon [_thread_blocked, id=28664, stack(0x0000001c19b00000,0x0000001c19c00000) (1024K)]
  0x0000017c46c6ce90 JavaThread "Worker-JM"                         [_thread_blocked, id=21136, stack(0x0000001c19d00000,0x0000001c19e00000) (1024K)]
  0x0000017c46c6d520 JavaThread "JNA Cleaner"                daemon [_thread_blocked, id=28844, stack(0x0000001c19c00000,0x0000001c19d00000) (1024K)]
  0x0000017c46c6dbb0 JavaThread "Worker-0: Updating Maven Dependencies"        [_thread_blocked, id=6008, stack(0x0000001c19e00000,0x0000001c19f00000) (1024K)]
  0x0000017c46c6e240 JavaThread "Worker-1"                          [_thread_blocked, id=22388, stack(0x0000001c19f00000,0x0000001c1a000000) (1024K)]
  0x0000017c46c716c0 JavaThread "Worker-2: Building"                [_thread_in_native, id=16492, stack(0x0000001c1a000000,0x0000001c1a100000) (1024K)]
  0x0000017c46c70310 JavaThread "Java indexing"              daemon [_thread_in_Java, id=9744, stack(0x0000001c1a100000,0x0000001c1a200000) (1024K)]
  0x0000017c46c6c800 JavaThread "Worker-3"                          [_thread_blocked, id=24208, stack(0x0000001c1a200000,0x0000001c1a300000) (1024K)]
  0x0000017c46c6fc80 JavaThread "Worker-4: Initialize After Load"        [_thread_blocked, id=25580, stack(0x0000001c1a300000,0x0000001c1a400000) (1024K)]
  0x0000017c46c6e8d0 JavaThread "Worker-5"                          [_thread_blocked, id=27900, stack(0x0000001c1a600000,0x0000001c1a700000) (1024K)]
  0x0000017c46c6bae0 JavaThread "Worker-6: Java indexing... "        [_thread_blocked, id=26484, stack(0x0000001c1a700000,0x0000001c1a800000) (1024K)]
  0x0000017c46c6ef60 JavaThread "Worker-7"                          [_thread_blocked, id=28524, stack(0x0000001c1a800000,0x0000001c1a900000) (1024K)]
  0x0000017c46c6f5f0 JavaThread "Thread-2"                   daemon [_thread_in_native, id=31216, stack(0x0000001c1a900000,0x0000001c1aa00000) (1024K)]
  0x0000017c46c709a0 JavaThread "Thread-3"                   daemon [_thread_in_native, id=15184, stack(0x0000001c1aa00000,0x0000001c1ab00000) (1024K)]
  0x0000017c46c6adc0 JavaThread "Thread-4"                   daemon [_thread_in_native, id=16408, stack(0x0000001c1ab00000,0x0000001c1ac00000) (1024K)]
  0x0000017c46c71030 JavaThread "Thread-5"                   daemon [_thread_in_native, id=5504, stack(0x0000001c1ac00000,0x0000001c1ad00000) (1024K)]
  0x0000017c46c6c170 JavaThread "Thread-6"                   daemon [_thread_in_native, id=20184, stack(0x0000001c1ad00000,0x0000001c1ae00000) (1024K)]
  0x0000017c46c71d50 JavaThread "Thread-7"                   daemon [_thread_in_native, id=27568, stack(0x0000001c1ae00000,0x0000001c1af00000) (1024K)]
  0x0000017c46c6b450 JavaThread "Thread-8"                   daemon [_thread_in_native, id=29176, stack(0x0000001c1af00000,0x0000001c1b000000) (1024K)]
  0x0000017c46c723e0 JavaThread "Thread-9"                   daemon [_thread_in_native, id=8684, stack(0x0000001c1b000000,0x0000001c1b100000) (1024K)]
  0x0000017c48c87de0 JavaThread "Thread-10"                  daemon [_thread_in_native, id=27516, stack(0x0000001c1b100000,0x0000001c1b200000) (1024K)]
  0x0000017c48c89820 JavaThread "pool-2-thread-1"                   [_thread_blocked, id=21932, stack(0x0000001c1b200000,0x0000001c1b300000) (1024K)]
  0x0000017c48c89190 JavaThread "WorkspaceEventsHandler"            [_thread_blocked, id=25436, stack(0x0000001c1b300000,0x0000001c1b400000) (1024K)]
  0x0000017c48c87750 JavaThread "pool-1-thread-1"                   [_thread_blocked, id=10532, stack(0x0000001c1b400000,0x0000001c1b500000) (1024K)]
  0x0000017c48c89eb0 JavaThread "Worker-8"                          [_thread_blocked, id=14236, stack(0x0000001c1b500000,0x0000001c1b600000) (1024K)]
  0x0000017c48c88470 JavaThread "LocalFile Deleter"          daemon [_thread_blocked, id=27320, stack(0x0000001c1b600000,0x0000001c1b700000) (1024K)]
  0x0000017c48c8b260 JavaThread "LocalFile Deleter"          daemon [_thread_blocked, id=18944, stack(0x0000001c1b700000,0x0000001c1b800000) (1024K)]
  0x0000017c48c88b00 JavaThread "LocalFile Deleter"          daemon [_thread_blocked, id=26156, stack(0x0000001c1b800000,0x0000001c1b900000) (1024K)]
  0x0000017c48c8a540 JavaThread "LocalFile Deleter"          daemon [_thread_blocked, id=12328, stack(0x0000001c1b900000,0x0000001c1ba00000) (1024K)]
  0x0000017c48c8bf80 JavaThread "LocalFile Deleter"          daemon [_thread_blocked, id=15812, stack(0x0000001c1ba00000,0x0000001c1bb00000) (1024K)]
  0x0000017c48c870c0 JavaThread "LocalFile Deleter"          daemon [_thread_blocked, id=19320, stack(0x0000001c1bb00000,0x0000001c1bc00000) (1024K)]
  0x0000017c48c8abd0 JavaThread "LocalFile Deleter"          daemon [_thread_blocked, id=14160, stack(0x0000001c1bc00000,0x0000001c1bd00000) (1024K)]
  0x0000017c48c8b8f0 JavaThread "LocalFile Deleter"          daemon [_thread_blocked, id=28684, stack(0x0000001c1bd00000,0x0000001c1be00000) (1024K)]
  0x0000017c48c8cca0 JavaThread "Compiler Source File Reader" daemon [_thread_blocked, id=5108, stack(0x0000001c1be00000,0x0000001c1bf00000) (1024K)]
  0x0000017c48c8d330 JavaThread "Compiler Source File Reader" daemon [_thread_blocked, id=11644, stack(0x0000001c1bf00000,0x0000001c1c000000) (1024K)]
  0x0000017c48c8d9c0 JavaThread "Compiler Source File Reader" daemon [_thread_blocked, id=1460, stack(0x0000001c1c000000,0x0000001c1c100000) (1024K)]
  0x0000017c48c8e050 JavaThread "Compiler Source File Reader" daemon [_thread_blocked, id=20496, stack(0x0000001c1c100000,0x0000001c1c200000) (1024K)]
  0x0000017c48c8e6e0 JavaThread "Compiler Source File Reader" daemon [_thread_blocked, id=18764, stack(0x0000001c1c200000,0x0000001c1c300000) (1024K)]
  0x0000017c49ea0970 JavaThread "Compiler Source File Reader" daemon [_thread_blocked, id=1824, stack(0x0000001c1c300000,0x0000001c1c400000) (1024K)]
Total: 55

Other Threads:
  0x0000017c7efe0df0 VMThread "VM Thread"                           [id=24788, stack(0x0000001c18300000,0x0000001c18400000) (1024K)]
  0x0000017c6acba120 WatcherThread "VM Periodic Task Thread"        [id=1604, stack(0x0000001c18200000,0x0000001c18300000) (1024K)]
  0x0000017c6ac6cb00 WorkerThread "GC Thread#0"                     [id=31140, stack(0x0000001c18100000,0x0000001c18200000) (1024K)]
  0x0000017c462c8260 WorkerThread "GC Thread#1"                     [id=19720, stack(0x0000001c18f00000,0x0000001c19000000) (1024K)]
  0x0000017c462c8600 WorkerThread "GC Thread#2"                     [id=1800, stack(0x0000001c19000000,0x0000001c19100000) (1024K)]
  0x0000017c462c89a0 WorkerThread "GC Thread#3"                     [id=15128, stack(0x0000001c19100000,0x0000001c19200000) (1024K)]
  0x0000017c462c8d40 WorkerThread "GC Thread#4"                     [id=9376, stack(0x0000001c19200000,0x0000001c19300000) (1024K)]
  0x0000017c462c5410 WorkerThread "GC Thread#5"                     [id=900, stack(0x0000001c19300000,0x0000001c19400000) (1024K)]
  0x0000017c462c57b0 WorkerThread "GC Thread#6"                     [id=11932, stack(0x0000001c19400000,0x0000001c19500000) (1024K)]
  0x0000017c464b47d0 WorkerThread "GC Thread#7"                     [id=17012, stack(0x0000001c19700000,0x0000001c19800000) (1024K)]
Total: 10

Threads with active compile tasks:
C2 CompilerThread0  11146 7875   !   4       org.eclipse.jdt.internal.compiler.classfmt.ClassFileReader::<init> (2135 bytes)
Total: 1

VM state: not at safepoint (normal execution)

VM Mutex/Monitor currently owned by a thread: None

Heap address: 0x00000000c0000000, size: 1024 MB, Compressed Oops mode: 32-bit

CDS archive(s) mapped at: [0x0000017c00000000-0x0000017c00ba0000-0x0000017c00ba0000), size 12189696, SharedBaseAddress: 0x0000017c00000000, ArchiveRelocationMode: 1.
Compressed class space mapped at: 0x0000017c01000000-0x0000017c41000000, reserved size: 1073741824
Narrow klass base: 0x0000017c00000000, Narrow klass shift: 0, Narrow klass range: 0x100000000

GC Precious Log:
 CardTable entry size: 512
 CPUs: 8 total, 8 available
 Memory: 3974M
 Large Page Support: Disabled
 NUMA Support: Disabled
 Compressed Oops: Enabled (32-bit)
 Alignments: Space 512K, Generation 512K, Heap 2M
 Heap Min Capacity: 100M
 Heap Initial Capacity: 100M
 Heap Max Capacity: 1G
 Pre-touch: Disabled
 Parallel Workers: 8

Heap:
 PSYoungGen      total 6144K, used 6050K [0x00000000eab00000, 0x00000000eb300000, 0x0000000100000000)
  eden space 5120K, 98% used [0x00000000eab00000,0x00000000eaff0be8,0x00000000eb000000)
  from space 1024K, 96% used [0x00000000eb200000,0x00000000eb2f8000,0x00000000eb300000)
  to   space 1536K, 0% used [0x00000000eb000000,0x00000000eb000000,0x00000000eb180000)
 ParOldGen       total 131584K, used 131076K [0x00000000c0000000, 0x00000000c8080000, 0x00000000eab00000)
  object space 131584K, 99% used [0x00000000c0000000,0x00000000c8001080,0x00000000c8080000)
 Metaspace       used 54916K, committed 56128K, reserved 1114112K
  class space    used 5727K, committed 6272K, reserved 1048576K

Card table byte_map: [0x0000017c6a5f0000,0x0000017c6a800000] _byte_map_base: 0x0000017c69ff0000

Marking Bits: (ParMarkBitMap*) 0x00007ffd144f3260
 Begin Bits: [0x0000017c7ce40000, 0x0000017c7de40000)
 End Bits:   [0x0000017c7de40000, 0x0000017c7ee40000)

Polling page: 0x0000017c68aa0000

Metaspace:

Usage:
  Non-class:     48.04 MB used.
      Class:      5.59 MB used.
       Both:     53.63 MB used.

Virtual space:
  Non-class space:       64.00 MB reserved,      48.69 MB ( 76%) committed,  1 nodes.
      Class space:        1.00 GB reserved,       6.12 MB ( <1%) committed,  1 nodes.
             Both:        1.06 GB reserved,      54.81 MB (  5%) committed. 

Chunk freelists:
   Non-Class:  15.25 MB
       Class:  9.76 MB
        Both:  25.01 MB

MaxMetaspaceSize: unlimited
CompressedClassSpaceSize: 1.00 GB
Initial GC threshold: 21.00 MB
Current GC threshold: 58.38 MB
CDS: on
 - commit_granule_bytes: 65536.
 - commit_granule_words: 8192.
 - virtual_space_node_default_size: 8388608.
 - enlarge_chunks_in_place: 1.
 - use_allocation_guard: 0.


Internal statistics:

num_allocs_failed_limit: 6.
num_arena_births: 918.
num_arena_deaths: 24.
num_vsnodes_births: 2.
num_vsnodes_deaths: 0.
num_space_committed: 877.
num_space_uncommitted: 0.
num_chunks_returned_to_freelist: 35.
num_chunks_taken_from_freelist: 3425.
num_chunk_merges: 11.
num_chunk_splits: 2112.
num_chunks_enlarged: 1206.
num_inconsistent_stats: 0.

CodeHeap 'non-profiled nmethods': size=120000Kb used=2644Kb max_used=2644Kb free=117355Kb
 bounds [0x0000017c75910000, 0x0000017c75bb0000, 0x0000017c7ce40000]
CodeHeap 'profiled nmethods': size=120000Kb used=15849Kb max_used=15849Kb free=104151Kb
 bounds [0x0000017c6de40000, 0x0000017c6edc0000, 0x0000017c75370000]
CodeHeap 'non-nmethods': size=5760Kb used=1407Kb max_used=1477Kb free=4352Kb
 bounds [0x0000017c75370000, 0x0000017c755e0000, 0x0000017c75910000]
 total_blobs=8151 nmethods=7435 adapters=622
 compilation: enabled
              stopped_count=0, restarted_count=0
 full_count=0

Compilation events (20 events):
Event: 11.066 Thread 0x0000017c7f03dd50 8062       2       org.eclipse.jdt.internal.compiler.lookup.ReferenceBinding::<init> (5 bytes)
Event: 11.066 Thread 0x0000017c7f03dd50 nmethod 8062 0x0000017c6eda8190 code [0x0000017c6eda8320, 0x0000017c6eda8460]
Event: 11.067 Thread 0x0000017c7f03dd50 8063       3       org.eclipse.jdt.internal.compiler.lookup.LookupEnvironment::getCachedType0 (112 bytes)
Event: 11.068 Thread 0x0000017c7f03dd50 nmethod 8063 0x0000017c6eda8510 code [0x0000017c6eda87c0, 0x0000017c6eda9678]
Event: 11.068 Thread 0x0000017c7f03dd50 8064       2       org.eclipse.jdt.internal.compiler.lookup.BinaryTypeBinding$ExternalAnnotationStatus::isPotentiallyUnannotatedLib (44 bytes)
Event: 11.068 Thread 0x0000017c7f03dd50 nmethod 8064 0x0000017c6eda9b10 code [0x0000017c6eda9cc0, 0x0000017c6eda9e60]
Event: 11.069 Thread 0x0000017c7f03dd50 8065   !   2       org.eclipse.jdt.internal.compiler.lookup.BinaryTypeBinding$ExternalAnnotationStatus::$SWITCH_TABLE$org$eclipse$jdt$internal$compiler$lookup$BinaryTypeBinding$ExternalAnnotationStatus (74 bytes)
Event: 11.069 Thread 0x0000017c7f03dd50 nmethod 8065 0x0000017c6eda9f90 code [0x0000017c6edaa160, 0x0000017c6edaa4a0]
Event: 11.072 Thread 0x0000017c7f03dd50 8066       3       org.eclipse.jdt.internal.core.builder.NameEnvironment$$Lambda/0x0000017c0162f398::<init> (10 bytes)
Event: 11.072 Thread 0x0000017c7f03dd50 nmethod 8066 0x0000017c6edaa790 code [0x0000017c6edaa940, 0x0000017c6edaaac8]
Event: 11.072 Thread 0x0000017c7f03dd50 8067       3       org.eclipse.jdt.internal.core.builder.ClasspathLocation::findClass (25 bytes)
Event: 11.072 Thread 0x0000017c7f03dd50 nmethod 8067 0x0000017c6edaab90 code [0x0000017c6edaad60, 0x0000017c6edab010]
Event: 11.072 Thread 0x0000017c7f03dd50 8068       2       org.eclipse.jdt.internal.compiler.lookup.SourceTypeBinding::isPrototype (12 bytes)
Event: 11.073 Thread 0x0000017c7f03dd50 nmethod 8068 0x0000017c6edab110 code [0x0000017c6edab2c0, 0x0000017c6edab408]
Event: 11.086 Thread 0x0000017c7f03dd50 8069       2       org.eclipse.jdt.internal.compiler.lookup.BinaryTypeBinding::enclosingType (54 bytes)
Event: 11.086 Thread 0x0000017c7f03dd50 nmethod 8069 0x0000017c6edab490 code [0x0000017c6edab640, 0x0000017c6edab838]
Event: 11.087 Thread 0x0000017c7f03dd50 8070       2       org.eclipse.jdt.internal.compiler.lookup.LookupEnvironment::getNonNullByDefaultAnnotationName (8 bytes)
Event: 11.087 Thread 0x0000017c7f03dd50 nmethod 8070 0x0000017c6edab910 code [0x0000017c6edabaa0, 0x0000017c6edabbb0]
Event: 11.087 Thread 0x0000017c7f03dd50 8071       2       org.eclipse.core.runtime.ProgressMonitorWrapper::isCanceled (10 bytes)
Event: 11.088 Thread 0x0000017c7f03dd50 nmethod 8071 0x0000017c6edabc90 code [0x0000017c6edabe40, 0x0000017c6edabf78]

GC Heap History (20 events):
Event: 10.556 GC heap before
{Heap before GC invocations=77 (full 2):
 PSYoungGen      total 7680K, used 7652K [0x00000000eab00000, 0x00000000eb600000, 0x0000000100000000)
  eden space 6144K, 100% used [0x00000000eab00000,0x00000000eb100000,0x00000000eb100000)
  from space 1536K, 98% used [0x00000000eb400000,0x00000000eb5790a0,0x00000000eb580000)
  to   space 2560K, 0% used [0x00000000eb100000,0x00000000eb100000,0x00000000eb380000)
 ParOldGen       total 122368K, used 122107K [0x00000000c0000000, 0x00000000c7780000, 0x00000000eab00000)
  object space 122368K, 99% used [0x00000000c0000000,0x00000000c773eef0,0x00000000c7780000)
 Metaspace       used 53391K, committed 54592K, reserved 1114112K
  class space    used 5593K, committed 6144K, reserved 1048576K
}
Event: 10.562 GC heap after
{Heap after GC invocations=77 (full 2):
 PSYoungGen      total 8704K, used 1493K [0x00000000eab00000, 0x00000000eb680000, 0x0000000100000000)
  eden space 6144K, 0% used [0x00000000eab00000,0x00000000eab00000,0x00000000eb100000)
  from space 2560K, 58% used [0x00000000eb100000,0x00000000eb275578,0x00000000eb380000)
  to   space 2048K, 0% used [0x00000000eb480000,0x00000000eb480000,0x00000000eb680000)
 ParOldGen       total 122880K, used 122847K [0x00000000c0000000, 0x00000000c7800000, 0x00000000eab00000)
  object space 122880K, 99% used [0x00000000c0000000,0x00000000c77f7cd0,0x00000000c7800000)
 Metaspace       used 53391K, committed 54592K, reserved 1114112K
  class space    used 5593K, committed 6144K, reserved 1048576K
}
Event: 10.574 GC heap before
{Heap before GC invocations=78 (full 2):
 PSYoungGen      total 8704K, used 7637K [0x00000000eab00000, 0x00000000eb680000, 0x0000000100000000)
  eden space 6144K, 100% used [0x00000000eab00000,0x00000000eb100000,0x00000000eb100000)
  from space 2560K, 58% used [0x00000000eb100000,0x00000000eb275578,0x00000000eb380000)
  to   space 2048K, 0% used [0x00000000eb480000,0x00000000eb480000,0x00000000eb680000)
 ParOldGen       total 122880K, used 122847K [0x00000000c0000000, 0x00000000c7800000, 0x00000000eab00000)
  object space 122880K, 99% used [0x00000000c0000000,0x00000000c77f7cd0,0x00000000c7800000)
 Metaspace       used 53391K, committed 54592K, reserved 1114112K
  class space    used 5593K, committed 6144K, reserved 1048576K
}
Event: 10.576 GC heap after
{Heap after GC invocations=78 (full 2):
 PSYoungGen      total 7680K, used 1302K [0x00000000eab00000, 0x00000000eb600000, 0x0000000100000000)
  eden space 6144K, 0% used [0x00000000eab00000,0x00000000eab00000,0x00000000eb100000)
  from space 1536K, 84% used [0x00000000eb480000,0x00000000eb5c5968,0x00000000eb600000)
  to   space 1536K, 0% used [0x00000000eb300000,0x00000000eb300000,0x00000000eb480000)
 ParOldGen       total 123392K, used 123304K [0x00000000c0000000, 0x00000000c7880000, 0x00000000eab00000)
  object space 123392K, 99% used [0x00000000c0000000,0x00000000c786a2c0,0x00000000c7880000)
 Metaspace       used 53391K, committed 54592K, reserved 1114112K
  class space    used 5593K, committed 6144K, reserved 1048576K
}
Event: 10.600 GC heap before
{Heap before GC invocations=79 (full 2):
 PSYoungGen      total 7680K, used 7446K [0x00000000eab00000, 0x00000000eb600000, 0x0000000100000000)
  eden space 6144K, 100% used [0x00000000eab00000,0x00000000eb100000,0x00000000eb100000)
  from space 1536K, 84% used [0x00000000eb480000,0x00000000eb5c5968,0x00000000eb600000)
  to   space 1536K, 0% used [0x00000000eb300000,0x00000000eb300000,0x00000000eb480000)
 ParOldGen       total 123392K, used 123304K [0x00000000c0000000, 0x00000000c7880000, 0x00000000eab00000)
  object space 123392K, 99% used [0x00000000c0000000,0x00000000c786a2c0,0x00000000c7880000)
 Metaspace       used 53394K, committed 54592K, reserved 1114112K
  class space    used 5593K, committed 6144K, reserved 1048576K
}
Event: 10.602 GC heap after
{Heap after GC invocations=79 (full 2):
 PSYoungGen      total 7680K, used 1170K [0x00000000eab00000, 0x00000000eb500000, 0x0000000100000000)
  eden space 6144K, 0% used [0x00000000eab00000,0x00000000eab00000,0x00000000eb100000)
  from space 1536K, 76% used [0x00000000eb300000,0x00000000eb424960,0x00000000eb480000)
  to   space 512K, 0% used [0x00000000eb480000,0x00000000eb480000,0x00000000eb500000)
 ParOldGen       total 123904K, used 123675K [0x00000000c0000000, 0x00000000c7900000, 0x00000000eab00000)
  object space 123904K, 99% used [0x00000000c0000000,0x00000000c78c6c68,0x00000000c7900000)
 Metaspace       used 53394K, committed 54592K, reserved 1114112K
  class space    used 5593K, committed 6144K, reserved 1048576K
}
Event: 10.628 GC heap before
{Heap before GC invocations=80 (full 2):
 PSYoungGen      total 7680K, used 7314K [0x00000000eab00000, 0x00000000eb500000, 0x0000000100000000)
  eden space 6144K, 100% used [0x00000000eab00000,0x00000000eb100000,0x00000000eb100000)
  from space 1536K, 76% used [0x00000000eb300000,0x00000000eb424960,0x00000000eb480000)
  to   space 512K, 0% used [0x00000000eb480000,0x00000000eb480000,0x00000000eb500000)
 ParOldGen       total 123904K, used 123675K [0x00000000c0000000, 0x00000000c7900000, 0x00000000eab00000)
  object space 123904K, 99% used [0x00000000c0000000,0x00000000c78c6c68,0x00000000c7900000)
 Metaspace       used 53745K, committed 54912K, reserved 1114112K
  class space    used 5614K, committed 6144K, reserved 1048576K
}
Event: 10.631 GC heap after
{Heap after GC invocations=80 (full 2):
 PSYoungGen      total 6656K, used 512K [0x00000000eab00000, 0x00000000eb500000, 0x0000000100000000)
  eden space 6144K, 0% used [0x00000000eab00000,0x00000000eab00000,0x00000000eb100000)
  from space 512K, 100% used [0x00000000eb480000,0x00000000eb500000,0x00000000eb500000)
  to   space 1536K, 0% used [0x00000000eb200000,0x00000000eb200000,0x00000000eb380000)
 ParOldGen       total 124928K, used 124494K [0x00000000c0000000, 0x00000000c7a00000, 0x00000000eab00000)
  object space 124928K, 99% used [0x00000000c0000000,0x00000000c79938b8,0x00000000c7a00000)
 Metaspace       used 53745K, committed 54912K, reserved 1114112K
  class space    used 5614K, committed 6144K, reserved 1048576K
}
Event: 10.660 GC heap before
{Heap before GC invocations=81 (full 2):
 PSYoungGen      total 6656K, used 6656K [0x00000000eab00000, 0x00000000eb500000, 0x0000000100000000)
  eden space 6144K, 100% used [0x00000000eab00000,0x00000000eb100000,0x00000000eb100000)
  from space 512K, 100% used [0x00000000eb480000,0x00000000eb500000,0x00000000eb500000)
  to   space 1536K, 0% used [0x00000000eb200000,0x00000000eb200000,0x00000000eb380000)
 ParOldGen       total 124928K, used 124494K [0x00000000c0000000, 0x00000000c7a00000, 0x00000000eab00000)
  object space 124928K, 99% used [0x00000000c0000000,0x00000000c79938b8,0x00000000c7a00000)
 Metaspace       used 54047K, committed 55232K, reserved 1114112K
  class space    used 5644K, committed 6208K, reserved 1048576K
}
Event: 10.663 GC heap after
{Heap after GC invocations=81 (full 2):
 PSYoungGen      total 7680K, used 1169K [0x00000000eab00000, 0x00000000eb500000, 0x0000000100000000)
  eden space 6144K, 0% used [0x00000000eab00000,0x00000000eab00000,0x00000000eb100000)
  from space 1536K, 76% used [0x00000000eb200000,0x00000000eb3247b0,0x00000000eb380000)
  to   space 1536K, 0% used [0x00000000eb380000,0x00000000eb380000,0x00000000eb500000)
 ParOldGen       total 125440K, used 125016K [0x00000000c0000000, 0x00000000c7a80000, 0x00000000eab00000)
  object space 125440K, 99% used [0x00000000c0000000,0x00000000c7a160a8,0x00000000c7a80000)
 Metaspace       used 54047K, committed 55232K, reserved 1114112K
  class space    used 5644K, committed 6208K, reserved 1048576K
}
Event: 10.697 GC heap before
{Heap before GC invocations=82 (full 2):
 PSYoungGen      total 7680K, used 7313K [0x00000000eab00000, 0x00000000eb500000, 0x0000000100000000)
  eden space 6144K, 100% used [0x00000000eab00000,0x00000000eb100000,0x00000000eb100000)
  from space 1536K, 76% used [0x00000000eb200000,0x00000000eb3247b0,0x00000000eb380000)
  to   space 1536K, 0% used [0x00000000eb380000,0x00000000eb380000,0x00000000eb500000)
 ParOldGen       total 125440K, used 125016K [0x00000000c0000000, 0x00000000c7a80000, 0x00000000eab00000)
  object space 125440K, 99% used [0x00000000c0000000,0x00000000c7a160a8,0x00000000c7a80000)
 Metaspace       used 54380K, committed 55552K, reserved 1114112K
  class space    used 5676K, committed 6208K, reserved 1048576K
}
Event: 10.701 GC heap after
{Heap after GC invocations=82 (full 2):
 PSYoungGen      total 7680K, used 1266K [0x00000000eab00000, 0x00000000eb500000, 0x0000000100000000)
  eden space 6144K, 0% used [0x00000000eab00000,0x00000000eab00000,0x00000000eb100000)
  from space 1536K, 82% used [0x00000000eb380000,0x00000000eb4bcb28,0x00000000eb500000)
  to   space 1536K, 0% used [0x00000000eb200000,0x00000000eb200000,0x00000000eb380000)
 ParOldGen       total 126464K, used 126035K [0x00000000c0000000, 0x00000000c7b80000, 0x00000000eab00000)
  object space 126464K, 99% used [0x00000000c0000000,0x00000000c7b14f10,0x00000000c7b80000)
 Metaspace       used 54380K, committed 55552K, reserved 1114112K
  class space    used 5676K, committed 6208K, reserved 1048576K
}
Event: 10.757 GC heap before
{Heap before GC invocations=83 (full 2):
 PSYoungGen      total 7680K, used 7410K [0x00000000eab00000, 0x00000000eb500000, 0x0000000100000000)
  eden space 6144K, 100% used [0x00000000eab00000,0x00000000eb100000,0x00000000eb100000)
  from space 1536K, 82% used [0x00000000eb380000,0x00000000eb4bcb28,0x00000000eb500000)
  to   space 1536K, 0% used [0x00000000eb200000,0x00000000eb200000,0x00000000eb380000)
 ParOldGen       total 126464K, used 126035K [0x00000000c0000000, 0x00000000c7b80000, 0x00000000eab00000)
  object space 126464K, 99% used [0x00000000c0000000,0x00000000c7b14f10,0x00000000c7b80000)
 Metaspace       used 54444K, committed 55680K, reserved 1114112K
  class space    used 5683K, committed 6272K, reserved 1048576K
}
Event: 10.760 GC heap after
{Heap after GC invocations=83 (full 2):
 PSYoungGen      total 7680K, used 1506K [0x00000000eab00000, 0x00000000eb500000, 0x0000000100000000)
  eden space 6144K, 0% used [0x00000000eab00000,0x00000000eab00000,0x00000000eb100000)
  from space 1536K, 98% used [0x00000000eb200000,0x00000000eb3788d0,0x00000000eb380000)
  to   space 1536K, 0% used [0x00000000eb380000,0x00000000eb380000,0x00000000eb500000)
 ParOldGen       total 127488K, used 127173K [0x00000000c0000000, 0x00000000c7c80000, 0x00000000eab00000)
  object space 127488K, 99% used [0x00000000c0000000,0x00000000c7c31550,0x00000000c7c80000)
 Metaspace       used 54444K, committed 55680K, reserved 1114112K
  class space    used 5683K, committed 6272K, reserved 1048576K
}
Event: 10.822 GC heap before
{Heap before GC invocations=84 (full 2):
 PSYoungGen      total 7680K, used 7650K [0x00000000eab00000, 0x00000000eb500000, 0x0000000100000000)
  eden space 6144K, 100% used [0x00000000eab00000,0x00000000eb100000,0x00000000eb100000)
  from space 1536K, 98% used [0x00000000eb200000,0x00000000eb3788d0,0x00000000eb380000)
  to   space 1536K, 0% used [0x00000000eb380000,0x00000000eb380000,0x00000000eb500000)
 ParOldGen       total 127488K, used 127173K [0x00000000c0000000, 0x00000000c7c80000, 0x00000000eab00000)
  object space 127488K, 99% used [0x00000000c0000000,0x00000000c7c31550,0x00000000c7c80000)
 Metaspace       used 54591K, committed 55808K, reserved 1114112K
  class space    used 5703K, committed 6272K, reserved 1048576K
}
Event: 10.826 GC heap after
{Heap after GC invocations=84 (full 2):
 PSYoungGen      total 6656K, used 1526K [0x00000000eab00000, 0x00000000eb800000, 0x0000000100000000)
  eden space 5120K, 0% used [0x00000000eab00000,0x00000000eab00000,0x00000000eb000000)
  from space 1536K, 99% used [0x00000000eb380000,0x00000000eb4fda48,0x00000000eb500000)
  to   space 3584K, 0% used [0x00000000eb000000,0x00000000eb000000,0x00000000eb380000)
 ParOldGen       total 129024K, used 128545K [0x00000000c0000000, 0x00000000c7e00000, 0x00000000eab00000)
  object space 129024K, 99% used [0x00000000c0000000,0x00000000c7d886a8,0x00000000c7e00000)
 Metaspace       used 54591K, committed 55808K, reserved 1114112K
  class space    used 5703K, committed 6272K, reserved 1048576K
}
Event: 10.884 GC heap before
{Heap before GC invocations=85 (full 2):
 PSYoungGen      total 6656K, used 6639K [0x00000000eab00000, 0x00000000eb800000, 0x0000000100000000)
  eden space 5120K, 99% used [0x00000000eab00000,0x00000000eaffe220,0x00000000eb000000)
  from space 1536K, 99% used [0x00000000eb380000,0x00000000eb4fda48,0x00000000eb500000)
  to   space 3584K, 0% used [0x00000000eb000000,0x00000000eb000000,0x00000000eb380000)
 ParOldGen       total 129024K, used 128545K [0x00000000c0000000, 0x00000000c7e00000, 0x00000000eab00000)
  object space 129024K, 99% used [0x00000000c0000000,0x00000000c7d886a8,0x00000000c7e00000)
 Metaspace       used 54707K, committed 55936K, reserved 1114112K
  class space    used 5714K, committed 6272K, reserved 1048576K
}
Event: 10.889 GC heap after
{Heap after GC invocations=85 (full 2):
 PSYoungGen      total 6656K, used 1329K [0x00000000eab00000, 0x00000000eb400000, 0x0000000100000000)
  eden space 5120K, 0% used [0x00000000eab00000,0x00000000eab00000,0x00000000eb000000)
  from space 1536K, 86% used [0x00000000eb000000,0x00000000eb14c408,0x00000000eb180000)
  to   space 2048K, 0% used [0x00000000eb200000,0x00000000eb200000,0x00000000eb400000)
 ParOldGen       total 130048K, used 129940K [0x00000000c0000000, 0x00000000c7f00000, 0x00000000eab00000)
  object space 130048K, 99% used [0x00000000c0000000,0x00000000c7ee50b0,0x00000000c7f00000)
 Metaspace       used 54707K, committed 55936K, reserved 1114112K
  class space    used 5714K, committed 6272K, reserved 1048576K
}
Event: 11.051 GC heap before
{Heap before GC invocations=86 (full 2):
 PSYoungGen      total 6656K, used 6449K [0x00000000eab00000, 0x00000000eb400000, 0x0000000100000000)
  eden space 5120K, 100% used [0x00000000eab00000,0x00000000eb000000,0x00000000eb000000)
  from space 1536K, 86% used [0x00000000eb000000,0x00000000eb14c408,0x00000000eb180000)
  to   space 2048K, 0% used [0x00000000eb200000,0x00000000eb200000,0x00000000eb400000)
 ParOldGen       total 130048K, used 129940K [0x00000000c0000000, 0x00000000c7f00000, 0x00000000eab00000)
  object space 130048K, 99% used [0x00000000c0000000,0x00000000c7ee50b0,0x00000000c7f00000)
 Metaspace       used 54878K, committed 56128K, reserved 1114112K
  class space    used 5726K, committed 6272K, reserved 1048576K
}
Event: 11.055 GC heap after
{Heap after GC invocations=86 (full 2):
 PSYoungGen      total 6144K, used 992K [0x00000000eab00000, 0x00000000eb300000, 0x0000000100000000)
  eden space 5120K, 0% used [0x00000000eab00000,0x00000000eab00000,0x00000000eb000000)
  from space 1024K, 96% used [0x00000000eb200000,0x00000000eb2f8000,0x00000000eb300000)
  to   space 1536K, 0% used [0x00000000eb000000,0x00000000eb000000,0x00000000eb180000)
 ParOldGen       total 131584K, used 131076K [0x00000000c0000000, 0x00000000c8080000, 0x00000000eab00000)
  object space 131584K, 99% used [0x00000000c0000000,0x00000000c8001080,0x00000000c8080000)
 Metaspace       used 54878K, committed 56128K, reserved 1114112K
  class space    used 5726K, committed 6272K, reserved 1048576K
}

Dll operation events (10 events):
Event: 0.017 Loaded shared library c:\dev25-Dev-Appli\VSCode-devappli\data\extensions\redhat.java-1.42.2025040208-win32-x64\jre\21.0.6-win32-x86_64\bin\java.dll
Event: 0.097 Loaded shared library c:\dev25-Dev-Appli\VSCode-devappli\data\extensions\redhat.java-1.42.2025040208-win32-x64\jre\21.0.6-win32-x86_64\bin\zip.dll
Event: 0.121 Loaded shared library C:\dev25-Dev-Appli\VSCode-devappli\data\extensions\redhat.java-1.42.2025040208-win32-x64\jre\21.0.6-win32-x86_64\bin\instrument.dll
Event: 0.126 Loaded shared library C:\dev25-Dev-Appli\VSCode-devappli\data\extensions\redhat.java-1.42.2025040208-win32-x64\jre\21.0.6-win32-x86_64\bin\net.dll
Event: 0.128 Loaded shared library C:\dev25-Dev-Appli\VSCode-devappli\data\extensions\redhat.java-1.42.2025040208-win32-x64\jre\21.0.6-win32-x86_64\bin\nio.dll
Event: 0.132 Loaded shared library C:\dev25-Dev-Appli\VSCode-devappli\data\extensions\redhat.java-1.42.2025040208-win32-x64\jre\21.0.6-win32-x86_64\bin\zip.dll
Event: 0.154 Loaded shared library C:\dev25-Dev-Appli\VSCode-devappli\data\extensions\redhat.java-1.42.2025040208-win32-x64\jre\21.0.6-win32-x86_64\bin\jimage.dll
Event: 0.247 Loaded shared library c:\dev25-Dev-Appli\VSCode-devappli\data\extensions\redhat.java-1.42.2025040208-win32-x64\jre\21.0.6-win32-x86_64\bin\verify.dll
Event: 1.948 Loaded shared library C:\dev25-Dev-Appli\VSCode-devappli\data\user-data\User\globalStorage\redhat.java\1.42.2025040208\config_win\org.eclipse.equinox.launcher\org.eclipse.equinox.launcher.win32.win32.x86_64_1.2.1300.v20250331-1702\eclipse_11911.dll
Event: 4.035 Loaded shared library C:\Users\lemof\AppData\Local\Temp\jna-102857451\jna10609662815249146941.dll

Deoptimization events (20 events):
Event: 10.850 Thread 0x0000017c46c70310 DEOPT PACKING pc=0x0000017c6ea105ba sp=0x0000001c1a1fe320
Event: 10.850 Thread 0x0000017c46c70310 DEOPT UNPACKING pc=0x0000017c753c4242 sp=0x0000001c1a1fd8a8 mode 0
Event: 10.862 Thread 0x0000017c46c70310 DEOPT PACKING pc=0x0000017c6e0720fb sp=0x0000001c1a1fdfc0
Event: 10.862 Thread 0x0000017c46c70310 DEOPT UNPACKING pc=0x0000017c753c4242 sp=0x0000001c1a1fd4f8 mode 0
Event: 10.878 Thread 0x0000017c46c70310 DEOPT PACKING pc=0x0000017c6ea105ba sp=0x0000001c1a1fe320
Event: 10.878 Thread 0x0000017c46c70310 DEOPT UNPACKING pc=0x0000017c753c4242 sp=0x0000001c1a1fd8a8 mode 0
Event: 10.921 Thread 0x0000017c46c716c0 DEOPT PACKING pc=0x0000017c6e0720fb sp=0x0000001c1a0fc6a0
Event: 10.921 Thread 0x0000017c46c716c0 DEOPT UNPACKING pc=0x0000017c753c4242 sp=0x0000001c1a0fbbd8 mode 0
Event: 10.953 Thread 0x0000017c46c70310 DEOPT PACKING pc=0x0000017c6ea105ba sp=0x0000001c1a1fe320
Event: 10.954 Thread 0x0000017c46c70310 DEOPT UNPACKING pc=0x0000017c753c4242 sp=0x0000001c1a1fd8a8 mode 0
Event: 11.036 Thread 0x0000017c46c716c0 Uncommon trap: trap_request=0xffffffc6 fr.pc=0x0000017c7591f818 relative=0x00000000000006d8
Event: 11.036 Thread 0x0000017c46c716c0 Uncommon trap: reason=bimorphic_or_optimized_type_check action=maybe_recompile pc=0x0000017c7591f818 method=java.util.HashMap.putVal(ILjava/lang/Object;Ljava/lang/Object;ZZ)Ljava/lang/Object; @ 203 c2
Event: 11.036 Thread 0x0000017c46c716c0 DEOPT PACKING pc=0x0000017c7591f818 sp=0x0000001c1a0fcc10
Event: 11.036 Thread 0x0000017c46c716c0 DEOPT UNPACKING pc=0x0000017c753c3aa2 sp=0x0000001c1a0fcb80 mode 2
Event: 11.040 Thread 0x0000017c46c716c0 DEOPT PACKING pc=0x0000017c6ea105ba sp=0x0000001c1a0fd670
Event: 11.040 Thread 0x0000017c46c716c0 DEOPT UNPACKING pc=0x0000017c753c4242 sp=0x0000001c1a0fcc18 mode 0
Event: 11.055 Thread 0x0000017c46c716c0 DEOPT PACKING pc=0x0000017c6ed7f4c5 sp=0x0000001c1a0fd2f0
Event: 11.055 Thread 0x0000017c46c716c0 DEOPT UNPACKING pc=0x0000017c753c4242 sp=0x0000001c1a0fc778 mode 0
Event: 11.070 Thread 0x0000017c46c70310 DEOPT PACKING pc=0x0000017c6e0720fb sp=0x0000001c1a1fdfc0
Event: 11.070 Thread 0x0000017c46c70310 DEOPT UNPACKING pc=0x0000017c753c4242 sp=0x0000001c1a1fd4f8 mode 0

Classes loaded (20 events):
Event: 8.055 Loading class java/util/stream/MatchOps$MatchOp
Event: 8.055 Loading class java/util/stream/MatchOps$MatchOp done
Event: 8.055 Loading class java/util/stream/MatchOps$BooleanTerminalSink
Event: 8.055 Loading class java/util/stream/MatchOps$BooleanTerminalSink done
Event: 8.056 Loading class java/util/stream/MatchOps$1MatchSink
Event: 8.056 Loading class java/util/stream/MatchOps$1MatchSink done
Event: 8.411 Loading class java/util/concurrent/ForkJoinTask$AdaptedCallable
Event: 8.412 Loading class java/util/concurrent/ForkJoinTask$AdaptedCallable done
Event: 9.336 Loading class java/util/Vector$1
Event: 9.337 Loading class java/util/Vector$1 done
Event: 9.805 Loading class java/util/regex/Pattern$Caret
Event: 9.805 Loading class java/util/regex/Pattern$Caret done
Event: 9.877 Loading class java/util/regex/Pattern$LazyLoop
Event: 9.877 Loading class java/util/regex/Pattern$LazyLoop done
Event: 10.794 Loading class java/util/stream/ReduceOps$4
Event: 10.796 Loading class java/util/stream/ReduceOps$4 done
Event: 10.800 Loading class java/util/stream/ReduceOps$4ReducingSink
Event: 10.801 Loading class java/util/stream/ReduceOps$4ReducingSink done
Event: 10.804 Loading class java/nio/file/Files$2
Event: 10.805 Loading class java/nio/file/Files$2 done

Classes unloaded (12 events):
Event: 4.611 Thread 0x0000017c7efe0df0 Unloading class 0x0000017c01195400 'java/lang/invoke/LambdaForm$MH+0x0000017c01195400'
Event: 4.611 Thread 0x0000017c7efe0df0 Unloading class 0x0000017c01195000 'java/lang/invoke/LambdaForm$MH+0x0000017c01195000'
Event: 4.611 Thread 0x0000017c7efe0df0 Unloading class 0x0000017c01194c00 'java/lang/invoke/LambdaForm$MH+0x0000017c01194c00'
Event: 4.611 Thread 0x0000017c7efe0df0 Unloading class 0x0000017c01194800 'java/lang/invoke/LambdaForm$MH+0x0000017c01194800'
Event: 4.611 Thread 0x0000017c7efe0df0 Unloading class 0x0000017c01194400 'java/lang/invoke/LambdaForm$BMH+0x0000017c01194400'
Event: 4.611 Thread 0x0000017c7efe0df0 Unloading class 0x0000017c01194000 'java/lang/invoke/LambdaForm$DMH+0x0000017c01194000'
Event: 4.611 Thread 0x0000017c7efe0df0 Unloading class 0x0000017c01192c00 'java/lang/invoke/LambdaForm$DMH+0x0000017c01192c00'
Event: 6.047 Thread 0x0000017c7efe0df0 Unloading class 0x0000017c01340c00 'java/lang/invoke/LambdaForm$MH+0x0000017c01340c00'
Event: 6.047 Thread 0x0000017c7efe0df0 Unloading class 0x0000017c01340400 'java/lang/invoke/LambdaForm$MH+0x0000017c01340400'
Event: 6.047 Thread 0x0000017c7efe0df0 Unloading class 0x0000017c0133f800 'java/lang/invoke/LambdaForm$MH+0x0000017c0133f800'
Event: 6.047 Thread 0x0000017c7efe0df0 Unloading class 0x0000017c0133f000 'java/lang/invoke/LambdaForm$MH+0x0000017c0133f000'
Event: 6.047 Thread 0x0000017c7efe0df0 Unloading class 0x0000017c0133ec00 'java/lang/invoke/LambdaForm$DMH+0x0000017c0133ec00'

Classes redefined (0 events):
No events

Internal exceptions (20 events):
Event: 8.881 Thread 0x0000017c46c716c0 Exception <a 'sun/nio/fs/WindowsException'{0x00000000eaccf980}> (0x00000000eaccf980) 
thrown [s\src\hotspot\share\prims\jni.cpp, line 520]
Event: 8.887 Thread 0x0000017c46c716c0 Exception <a 'sun/nio/fs/WindowsException'{0x00000000ead91380}> (0x00000000ead91380) 
thrown [s\src\hotspot\share\prims\jni.cpp, line 520]
Event: 8.891 Thread 0x0000017c46c716c0 Exception <a 'sun/nio/fs/WindowsException'{0x00000000eae68de8}> (0x00000000eae68de8) 
thrown [s\src\hotspot\share\prims\jni.cpp, line 520]
Event: 8.897 Thread 0x0000017c46c716c0 Exception <a 'sun/nio/fs/WindowsException'{0x00000000eaeff9e0}> (0x00000000eaeff9e0) 
thrown [s\src\hotspot\share\prims\jni.cpp, line 520]
Event: 8.904 Thread 0x0000017c46c716c0 Exception <a 'sun/nio/fs/WindowsException'{0x00000000eafc7ca8}> (0x00000000eafc7ca8) 
thrown [s\src\hotspot\share\prims\jni.cpp, line 520]
Event: 8.912 Thread 0x0000017c46c716c0 Exception <a 'sun/nio/fs/WindowsException'{0x00000000eb0c1ae0}> (0x00000000eb0c1ae0) 
thrown [s\src\hotspot\share\prims\jni.cpp, line 520]
Event: 8.918 Thread 0x0000017c46c716c0 Exception <a 'sun/nio/fs/WindowsException'{0x00000000eb156038}> (0x00000000eb156038) 
thrown [s\src\hotspot\share\prims\jni.cpp, line 520]
Event: 8.924 Thread 0x0000017c46c716c0 Exception <a 'sun/nio/fs/WindowsException'{0x00000000eb1f2448}> (0x00000000eb1f2448) 
thrown [s\src\hotspot\share\prims\jni.cpp, line 520]
Event: 8.928 Thread 0x0000017c46c716c0 Exception <a 'sun/nio/fs/WindowsException'{0x00000000eb2879b0}> (0x00000000eb2879b0) 
thrown [s\src\hotspot\share\prims\jni.cpp, line 520]
Event: 8.934 Thread 0x0000017c46c716c0 Exception <a 'sun/nio/fs/WindowsException'{0x00000000eb351030}> (0x00000000eb351030) 
thrown [s\src\hotspot\share\prims\jni.cpp, line 520]
Event: 8.939 Thread 0x0000017c46c716c0 Exception <a 'sun/nio/fs/WindowsException'{0x00000000eb3e40e8}> (0x00000000eb3e40e8) 
thrown [s\src\hotspot\share\prims\jni.cpp, line 520]
Event: 8.944 Thread 0x0000017c46c716c0 Exception <a 'sun/nio/fs/WindowsException'{0x00000000eb47a520}> (0x00000000eb47a520) 
thrown [s\src\hotspot\share\prims\jni.cpp, line 520]
Event: 8.953 Thread 0x0000017c46c716c0 Exception <a 'sun/nio/fs/WindowsException'{0x00000000eab30ca0}> (0x00000000eab30ca0) 
thrown [s\src\hotspot\share\prims\jni.cpp, line 520]
Event: 8.958 Thread 0x0000017c46c716c0 Exception <a 'sun/nio/fs/WindowsException'{0x00000000eab9a8f0}> (0x00000000eab9a8f0) 
thrown [s\src\hotspot\share\prims\jni.cpp, line 520]
Event: 8.962 Thread 0x0000017c46c716c0 Exception <a 'sun/nio/fs/WindowsException'{0x00000000eac39900}> (0x00000000eac39900) 
thrown [s\src\hotspot\share\prims\jni.cpp, line 520]
Event: 8.970 Thread 0x0000017c46c716c0 Exception <a 'sun/nio/fs/WindowsException'{0x00000000eadc3790}> (0x00000000eadc3790) 
thrown [s\src\hotspot\share\prims\jni.cpp, line 520]
Event: 8.974 Thread 0x0000017c46c716c0 Exception <a 'sun/nio/fs/WindowsException'{0x00000000eae8d450}> (0x00000000eae8d450) 
thrown [s\src\hotspot\share\prims\jni.cpp, line 520]
Event: 10.250 Thread 0x0000017c46c716c0 Exception <a 'java/lang/NoSuchMethodError'{0x00000000eacd2830}: 'java.lang.Object java.lang.invoke.DirectMethodHandle$Holder.invokeStatic(java.lang.Object, java.lang.Object, int, int)'> (0x00000000eacd2830) 
thrown [s\src\hotspot\share\interpreter\linkResolver.cpp, line 773]
Event: 10.251 Thread 0x0000017c46c716c0 Exception <a 'java/lang/NoSuchMethodError'{0x00000000eaceaf68}: 'java.lang.Object java.lang.invoke.DirectMethodHandle$Holder.invokeSpecial(java.lang.Object, java.lang.Object, java.lang.Object, int, int)'> (0x00000000eaceaf68) 
thrown [s\src\hotspot\share\interpreter\linkResolver.cpp, line 773]
Event: 10.808 Thread 0x0000017c46c716c0 Exception <a 'java/lang/NoSuchMethodError'{0x00000000eaf8df90}: 'int java.lang.invoke.DirectMethodHandle$Holder.invokeSpecialIFC(java.lang.Object, java.lang.Object, java.lang.Object)'> (0x00000000eaf8df90) 
thrown [s\src\hotspot\share\interpreter\linkResolver.cpp, line 773]

ZGC Phase Switch (0 events):
No events

VM Operations (20 events):
Event: 10.600 Executing VM operation: ParallelGCFailedAllocation (Allocation Failure)
Event: 10.602 Executing VM operation: ParallelGCFailedAllocation (Allocation Failure) done
Event: 10.628 Executing VM operation: ParallelGCFailedAllocation (Allocation Failure)
Event: 10.631 Executing VM operation: ParallelGCFailedAllocation (Allocation Failure) done
Event: 10.659 Executing VM operation: ParallelGCFailedAllocation (Allocation Failure)
Event: 10.663 Executing VM operation: ParallelGCFailedAllocation (Allocation Failure) done
Event: 10.697 Executing VM operation: ParallelGCFailedAllocation (Allocation Failure)
Event: 10.701 Executing VM operation: ParallelGCFailedAllocation (Allocation Failure) done
Event: 10.757 Executing VM operation: ParallelGCFailedAllocation (Allocation Failure)
Event: 10.760 Executing VM operation: ParallelGCFailedAllocation (Allocation Failure) done
Event: 10.800 Executing VM operation: HandshakeAllThreads (Deoptimize)
Event: 10.800 Executing VM operation: HandshakeAllThreads (Deoptimize) done
Event: 10.821 Executing VM operation: ParallelGCFailedAllocation (Allocation Failure)
Event: 10.826 Executing VM operation: ParallelGCFailedAllocation (Allocation Failure) done
Event: 10.872 Executing VM operation: HandshakeAllThreads (Deoptimize)
Event: 10.873 Executing VM operation: HandshakeAllThreads (Deoptimize) done
Event: 10.884 Executing VM operation: ParallelGCFailedAllocation (Allocation Failure)
Event: 10.890 Executing VM operation: ParallelGCFailedAllocation (Allocation Failure) done
Event: 11.051 Executing VM operation: ParallelGCFailedAllocation (Allocation Failure)
Event: 11.055 Executing VM operation: ParallelGCFailedAllocation (Allocation Failure) done

Memory protections (0 events):
No events

Nmethod flushes (20 events):
Event: 6.058 Thread 0x0000017c7efe0df0 flushing  nmethod 0x0000017c6e444710
Event: 6.058 Thread 0x0000017c7efe0df0 flushing  nmethod 0x0000017c6e45f690
Event: 6.058 Thread 0x0000017c7efe0df0 flushing  nmethod 0x0000017c6e45fc10
Event: 6.058 Thread 0x0000017c7efe0df0 flushing  nmethod 0x0000017c6e480490
Event: 6.058 Thread 0x0000017c7efe0df0 flushing  nmethod 0x0000017c6e498e10
Event: 6.058 Thread 0x0000017c7efe0df0 flushing  nmethod 0x0000017c6e4cbb10
Event: 6.058 Thread 0x0000017c7efe0df0 flushing  nmethod 0x0000017c6e4cbf10
Event: 6.058 Thread 0x0000017c7efe0df0 flushing  nmethod 0x0000017c6e4cc810
Event: 6.058 Thread 0x0000017c7efe0df0 flushing  nmethod 0x0000017c6e4cda10
Event: 6.058 Thread 0x0000017c7efe0df0 flushing  nmethod 0x0000017c6e4ce210
Event: 6.058 Thread 0x0000017c7efe0df0 flushing  nmethod 0x0000017c6e4cf310
Event: 6.058 Thread 0x0000017c7efe0df0 flushing  nmethod 0x0000017c6e4d1490
Event: 6.058 Thread 0x0000017c7efe0df0 flushing  nmethod 0x0000017c6e4ddc90
Event: 6.058 Thread 0x0000017c7efe0df0 flushing  nmethod 0x0000017c6e4de190
Event: 6.058 Thread 0x0000017c7efe0df0 flushing  nmethod 0x0000017c6e4ef510
Event: 6.058 Thread 0x0000017c7efe0df0 flushing  nmethod 0x0000017c6e4f5010
Event: 6.058 Thread 0x0000017c7efe0df0 flushing  nmethod 0x0000017c6e4fa510
Event: 6.058 Thread 0x0000017c7efe0df0 flushing  nmethod 0x0000017c6e504490
Event: 6.058 Thread 0x0000017c7efe0df0 flushing  nmethod 0x0000017c6e507790
Event: 6.058 Thread 0x0000017c7efe0df0 flushing  nmethod 0x0000017c6e50c510

Events (20 events):
Event: 5.808 Thread 0x0000017c6ac4e6b0 Thread added: 0x0000017c48c87de0
Event: 5.845 Thread 0x0000017c6ac4e6b0 Thread added: 0x0000017c48c89820
Event: 6.265 Thread 0x0000017c6ac4e6b0 Thread added: 0x0000017c48c89190
Event: 6.265 Thread 0x0000017c6ac4e6b0 Thread added: 0x0000017c48c87750
Event: 7.500 Thread 0x0000017c46c6ef60 Thread added: 0x0000017c48c89eb0
Event: 8.413 Thread 0x0000017c46c716c0 Thread added: 0x0000017c48c88470
Event: 8.413 Thread 0x0000017c48c88470 Thread added: 0x0000017c48c8b260
Event: 8.414 Thread 0x0000017c48c8b260 Thread added: 0x0000017c48c88b00
Event: 8.414 Thread 0x0000017c48c88470 Thread added: 0x0000017c48c8a540
Event: 8.414 Thread 0x0000017c48c88470 Thread added: 0x0000017c48c8bf80
Event: 8.415 Thread 0x0000017c48c8b260 Thread added: 0x0000017c48c870c0
Event: 8.415 Thread 0x0000017c48c8bf80 Thread added: 0x0000017c48c8abd0
Event: 8.415 Thread 0x0000017c48c8a540 Thread added: 0x0000017c48c8b8f0
Event: 8.993 Thread 0x0000017c46c716c0 Thread added: 0x0000017c48c8cca0
Event: 8.993 Thread 0x0000017c46c716c0 Thread added: 0x0000017c48c8d330
Event: 8.993 Thread 0x0000017c46c716c0 Thread added: 0x0000017c48c8d9c0
Event: 8.993 Thread 0x0000017c46c716c0 Thread added: 0x0000017c48c8e050
Event: 8.994 Thread 0x0000017c46c716c0 Thread added: 0x0000017c48c8e6e0
Event: 8.994 Thread 0x0000017c46c716c0 Thread added: 0x0000017c49ea0970
Event: 9.572 Thread 0x0000017c41ba78f0 Thread exited: 0x0000017c41ba78f0


Dynamic libraries:
0x00007ff69d500000 - 0x00007ff69d50e000 	c:\dev25-Dev-Appli\VSCode-devappli\data\extensions\redhat.java-1.42.2025040208-win32-x64\jre\21.0.6-win32-x86_64\bin\java.exe
0x00007ffdf7230000 - 0x00007ffdf7447000 	C:\WINDOWS\SYSTEM32\ntdll.dll
0x00007ffdf5e50000 - 0x00007ffdf5f14000 	C:\WINDOWS\System32\KERNEL32.DLL
0x00007ffdf46b0000 - 0x00007ffdf4a83000 	C:\WINDOWS\System32\KERNELBASE.dll
0x00007ffdf4590000 - 0x00007ffdf46a1000 	C:\WINDOWS\System32\ucrtbase.dll
0x00007ffdad420000 - 0x00007ffdad438000 	c:\dev25-Dev-Appli\VSCode-devappli\data\extensions\redhat.java-1.42.2025040208-win32-x64\jre\21.0.6-win32-x86_64\bin\jli.dll
0x00007ffdb8680000 - 0x00007ffdb869e000 	c:\dev25-Dev-Appli\VSCode-devappli\data\extensions\redhat.java-1.42.2025040208-win32-x64\jre\21.0.6-win32-x86_64\bin\VCRUNTIME140.dll
0x00007ffdf6cf0000 - 0x00007ffdf6ea1000 	C:\WINDOWS\System32\USER32.dll
0x00007ffdf4cf0000 - 0x00007ffdf4d16000 	C:\WINDOWS\System32\win32u.dll
0x00007ffde1590000 - 0x00007ffde1828000 	C:\WINDOWS\WinSxS\amd64_microsoft.windows.common-controls_6595b64144ccf1df_6.0.22621.5124_none_270e8f4f7386d69d\COMCTL32.dll
0x00007ffdf4f00000 - 0x00007ffdf4f29000 	C:\WINDOWS\System32\GDI32.dll
0x00007ffdf5920000 - 0x00007ffdf59c7000 	C:\WINDOWS\System32\msvcrt.dll
0x00007ffdf4dc0000 - 0x00007ffdf4edb000 	C:\WINDOWS\System32\gdi32full.dll
0x00007ffdf4d20000 - 0x00007ffdf4dba000 	C:\WINDOWS\System32\msvcp_win.dll
0x00007ffdf4ff0000 - 0x00007ffdf5021000 	C:\WINDOWS\System32\IMM32.DLL
0x00007ffde0350000 - 0x00007ffde035c000 	c:\dev25-Dev-Appli\VSCode-devappli\data\extensions\redhat.java-1.42.2025040208-win32-x64\jre\21.0.6-win32-x86_64\bin\vcruntime140_1.dll
0x00007ffd74cc0000 - 0x00007ffd74d4d000 	c:\dev25-Dev-Appli\VSCode-devappli\data\extensions\redhat.java-1.42.2025040208-win32-x64\jre\21.0.6-win32-x86_64\bin\msvcp140.dll
0x00007ffd13840000 - 0x00007ffd145d0000 	c:\dev25-Dev-Appli\VSCode-devappli\data\extensions\redhat.java-1.42.2025040208-win32-x64\jre\21.0.6-win32-x86_64\bin\server\jvm.dll
0x00007ffdf4f30000 - 0x00007ffdf4fe1000 	C:\WINDOWS\System32\ADVAPI32.dll
0x00007ffdf5f30000 - 0x00007ffdf5fd8000 	C:\WINDOWS\System32\sechost.dll
0x00007ffdf4cc0000 - 0x00007ffdf4ce8000 	C:\WINDOWS\System32\bcrypt.dll
0x00007ffdf59d0000 - 0x00007ffdf5ae4000 	C:\WINDOWS\System32\RPCRT4.dll
0x00007ffdf7170000 - 0x00007ffdf71e1000 	C:\WINDOWS\System32\WS2_32.dll
0x00007ffdf4220000 - 0x00007ffdf426d000 	C:\WINDOWS\SYSTEM32\POWRPROF.dll
0x00007ffdeb690000 - 0x00007ffdeb6c4000 	C:\WINDOWS\SYSTEM32\WINMM.dll
0x00007ffde9890000 - 0x00007ffde989a000 	C:\WINDOWS\SYSTEM32\VERSION.dll
0x00007ffdf4200000 - 0x00007ffdf4213000 	C:\WINDOWS\SYSTEM32\UMPDC.dll
0x00007ffdf3340000 - 0x00007ffdf3358000 	C:\WINDOWS\SYSTEM32\kernel.appcore.dll
0x00007ffddff40000 - 0x00007ffddff4a000 	c:\dev25-Dev-Appli\VSCode-devappli\data\extensions\redhat.java-1.42.2025040208-win32-x64\jre\21.0.6-win32-x86_64\bin\jimage.dll
0x00007ffdf1cf0000 - 0x00007ffdf1f22000 	C:\WINDOWS\SYSTEM32\DBGHELP.DLL
0x00007ffdf5030000 - 0x00007ffdf53c2000 	C:\WINDOWS\System32\combase.dll
0x00007ffdf6c10000 - 0x00007ffdf6ce7000 	C:\WINDOWS\System32\OLEAUT32.dll
0x00007ffde69e0000 - 0x00007ffde6a12000 	C:\WINDOWS\SYSTEM32\dbgcore.DLL
0x00007ffdf4510000 - 0x00007ffdf458b000 	C:\WINDOWS\System32\bcryptPrimitives.dll
0x00007ffdcfd20000 - 0x00007ffdcfd2f000 	c:\dev25-Dev-Appli\VSCode-devappli\data\extensions\redhat.java-1.42.2025040208-win32-x64\jre\21.0.6-win32-x86_64\bin\instrument.dll
0x00007ffdad340000 - 0x00007ffdad35f000 	c:\dev25-Dev-Appli\VSCode-devappli\data\extensions\redhat.java-1.42.2025040208-win32-x64\jre\21.0.6-win32-x86_64\bin\java.dll
0x00007ffdf6250000 - 0x00007ffdf6ae6000 	C:\WINDOWS\System32\SHELL32.dll
0x00007ffdf43d0000 - 0x00007ffdf450f000 	C:\WINDOWS\System32\wintypes.dll
0x00007ffdf2230000 - 0x00007ffdf2b4a000 	C:\WINDOWS\SYSTEM32\windows.storage.dll
0x00007ffdf5af0000 - 0x00007ffdf5bfa000 	C:\WINDOWS\System32\SHCORE.dll
0x00007ffdf6160000 - 0x00007ffdf61c3000 	C:\WINDOWS\System32\shlwapi.dll
0x00007ffdf4280000 - 0x00007ffdf42ab000 	C:\WINDOWS\SYSTEM32\profapi.dll
0x00007ffd9ac20000 - 0x00007ffd9ac38000 	c:\dev25-Dev-Appli\VSCode-devappli\data\extensions\redhat.java-1.42.2025040208-win32-x64\jre\21.0.6-win32-x86_64\bin\zip.dll
0x00007ffddfe50000 - 0x00007ffddfe60000 	C:\dev25-Dev-Appli\VSCode-devappli\data\extensions\redhat.java-1.42.2025040208-win32-x64\jre\21.0.6-win32-x86_64\bin\net.dll
0x00007ffdecb90000 - 0x00007ffdeccbc000 	C:\WINDOWS\SYSTEM32\WINHTTP.dll
0x00007ffdf37b0000 - 0x00007ffdf381a000 	C:\WINDOWS\system32\mswsock.dll
0x00007ffd90fa0000 - 0x00007ffd90fb6000 	C:\dev25-Dev-Appli\VSCode-devappli\data\extensions\redhat.java-1.42.2025040208-win32-x64\jre\21.0.6-win32-x86_64\bin\nio.dll
0x00007ffddfff0000 - 0x00007ffde0000000 	c:\dev25-Dev-Appli\VSCode-devappli\data\extensions\redhat.java-1.42.2025040208-win32-x64\jre\21.0.6-win32-x86_64\bin\verify.dll
0x00007ffdb8510000 - 0x00007ffdb8555000 	C:\dev25-Dev-Appli\VSCode-devappli\data\user-data\User\globalStorage\redhat.java\1.42.2025040208\config_win\org.eclipse.equinox.launcher\org.eclipse.equinox.launcher.win32.win32.x86_64_1.2.1300.v20250331-1702\eclipse_11911.dll
0x00007ffdf6fc0000 - 0x00007ffdf7161000 	C:\WINDOWS\System32\ole32.dll
0x00007ffdf3b00000 - 0x00007ffdf3b1b000 	C:\WINDOWS\SYSTEM32\CRYPTSP.dll
0x00007ffdf32a0000 - 0x00007ffdf32d7000 	C:\WINDOWS\system32\rsaenh.dll
0x00007ffdf3850000 - 0x00007ffdf3878000 	C:\WINDOWS\SYSTEM32\USERENV.dll
0x00007ffdf3ae0000 - 0x00007ffdf3aec000 	C:\WINDOWS\SYSTEM32\CRYPTBASE.dll
0x00007ffdf2db0000 - 0x00007ffdf2ddd000 	C:\WINDOWS\SYSTEM32\IPHLPAPI.DLL
0x00007ffdf5f20000 - 0x00007ffdf5f29000 	C:\WINDOWS\System32\NSI.dll
0x00007ffd8b9c0000 - 0x00007ffd8ba09000 	C:\Users\lemof\AppData\Local\Temp\jna-102857451\jna10609662815249146941.dll
0x00007ffdf6bb0000 - 0x00007ffdf6bb8000 	C:\WINDOWS\System32\PSAPI.DLL
0x00007ffdec900000 - 0x00007ffdec919000 	C:\WINDOWS\SYSTEM32\dhcpcsvc6.DLL
0x00007ffdec8a0000 - 0x00007ffdec8bf000 	C:\WINDOWS\SYSTEM32\dhcpcsvc.DLL

dbghelp: loaded successfully - version: 4.0.5 - missing functions: none
symbol engine: initialized successfully - sym options: 0x614 - pdb path: .;c:\dev25-Dev-Appli\VSCode-devappli\data\extensions\redhat.java-1.42.2025040208-win32-x64\jre\21.0.6-win32-x86_64\bin;C:\WINDOWS\SYSTEM32;C:\WINDOWS\WinSxS\amd64_microsoft.windows.common-controls_6595b64144ccf1df_6.0.22621.5124_none_270e8f4f7386d69d;c:\dev25-Dev-Appli\VSCode-devappli\data\extensions\redhat.java-1.42.2025040208-win32-x64\jre\21.0.6-win32-x86_64\bin\server;C:\dev25-Dev-Appli\VSCode-devappli\data\user-data\User\globalStorage\redhat.java\1.42.2025040208\config_win\org.eclipse.equinox.launcher\org.eclipse.equinox.launcher.win32.win32.x86_64_1.2.1300.v20250331-1702;C:\Users\lemof\AppData\Local\Temp\jna-102857451

VM Arguments:
jvm_args: --add-modules=ALL-SYSTEM --add-opens=java.base/java.util=ALL-UNNAMED --add-opens=java.base/java.lang=ALL-UNNAMED --add-opens=java.base/sun.nio.fs=ALL-UNNAMED -Declipse.application=org.eclipse.jdt.ls.core.id1 -Dosgi.bundles.defaultStartLevel=4 -Declipse.product=org.eclipse.jdt.ls.core.product -Djava.import.generatesMetadataFilesAtProjectRoot=false -DDetectVMInstallationsJob.disabled=true -Dfile.encoding=utf8 -XX:+UseParallelGC -XX:GCTimeRatio=4 -XX:AdaptiveSizePolicyWeight=90 -Dsun.zip.disableMemoryMapping=true -Xmx1G -Xms100m -Xlog:disable -javaagent:c:\dev25-Dev-Appli\VSCode-devappli\data\extensions\redhat.java-1.42.2025040208-win32-x64\lombok\lombok-1.18.36.jar -XX:+HeapDumpOnOutOfMemoryError -XX:HeapDumpPath=c:\dev25-Dev-Appli\VSCode-devappli\data\user-data\User\workspaceStorage\8795ce356abd26f64471dffbf105a462\redhat.java -Daether.dependencyCollector.impl=bf 
java_command: c:\dev25-Dev-Appli\VSCode-devappli\data\extensions\redhat.java-1.42.2025040208-win32-x64\server\plugins\org.eclipse.equinox.launcher_1.7.0.v20250331-1702.jar -configuration c:\dev25-Dev-Appli\VSCode-devappli\data\user-data\User\globalStorage\redhat.java\1.42.2025040208\config_win -data c:\dev25-Dev-Appli\VSCode-devappli\data\user-data\User\workspaceStorage\8795ce356abd26f64471dffbf105a462\redhat.java\jdt_ws --pipe=\\.\pipe\lsp-385e61ce30aed1a15a1caa5af6308939-sock
java_class_path (initial): c:\dev25-Dev-Appli\VSCode-devappli\data\extensions\redhat.java-1.42.2025040208-win32-x64\server\plugins\org.eclipse.equinox.launcher_1.7.0.v20250331-1702.jar
Launcher Type: SUN_STANDARD

[Global flags]
    uintx AdaptiveSizePolicyWeight                 = 90                                        {product} {command line}
     intx CICompilerCount                          = 4                                         {product} {ergonomic}
    uintx GCTimeRatio                              = 4                                         {product} {command line}
     bool HeapDumpOnOutOfMemoryError               = true                                   {manageable} {command line}
    ccstr HeapDumpPath                             = c:\dev25-Dev-Appli\VSCode-devappli\data\user-data\User\workspaceStorage\8795ce356abd26f64471dffbf105a462\redhat.java         {manageable} {command line}
   size_t InitialHeapSize                          = 104857600                                 {product} {command line}
   size_t MaxHeapSize                              = 1073741824                                {product} {command line}
   size_t MaxNewSize                               = 357564416                                 {product} {ergonomic}
   size_t MinHeapDeltaBytes                        = 524288                                    {product} {ergonomic}
   size_t MinHeapSize                              = 104857600                                 {product} {command line}
   size_t NewSize                                  = 34603008                                  {product} {ergonomic}
    uintx NonNMethodCodeHeapSize                   = 5839372                                {pd product} {ergonomic}
    uintx NonProfiledCodeHeapSize                  = 122909434                              {pd product} {ergonomic}
   size_t OldSize                                  = 70254592                                  {product} {ergonomic}
    uintx ProfiledCodeHeapSize                     = 122909434                              {pd product} {ergonomic}
    uintx ReservedCodeCacheSize                    = 251658240                              {pd product} {ergonomic}
     bool SegmentedCodeCache                       = true                                      {product} {ergonomic}
   size_t SoftMaxHeapSize                          = 1073741824                             {manageable} {ergonomic}
     bool UseCompressedOops                        = true                           {product lp64_product} {ergonomic}
     bool UseLargePagesIndividualAllocation        = false                                  {pd product} {ergonomic}
     bool UseParallelGC                            = true                                      {product} {command line}

Logging:
Log output configuration:
 #0: stdout all=off uptime,level,tags foldmultilines=false
 #1: stderr all=off uptime,level,tags foldmultilines=false

Environment Variables:
PATH=C:\Program Files\Common Files\Oracle\Java\javapath;C:\Program Files (x86)\VMware\VMware Workstation\bin\;C:\WINDOWS\system32;C:\WINDOWS;C:\WINDOWS\System32\Wbem;C:\WINDOWS\System32\WindowsPowerShell\v1.0\;C:\WINDOWS\System32\OpenSSH\;C:\MinGW\bin;C:\Program Files\Git\cmd;C:\Program Files\Docker\Docker\resources\bin;C:\ProgramData\chocolatey\bin;C:\Program Files\dotnet\;C:\Users\lemof\AppData\Local\Programs\Python\Launcher\;C:\Users\lemof\AppData\Local\Microsoft\WindowsApps;C:\Users\lemof\AppData\Local\Programs\Microsoft VS Code\bin;C:\MinGW\bin;C:\ProgramData\lemof\GitHubDesktop\bin;C:\Users\lemof\AppData\Local\GitHubDesktop\bin;C:\Users\lemof\AppData\Local\JetBrains\IntelliJ IDEA 2024.2.1\bin;;C:\Users\lemof\AppData\Local\Programs\Python\Python312\Scripts;;C:\Program Files\JetBrains\PyCharm 2024.3.1.1\bin;
USERNAME=lemof
OS=Windows_NT
PROCESSOR_IDENTIFIER=Intel64 Family 6 Model 142 Stepping 10, GenuineIntel
TMP=C:\Users\lemof\AppData\Local\Temp
TEMP=C:\Users\lemof\AppData\Local\Temp




Periodic native trim disabled

---------------  S Y S T E M  ---------------

OS:
 Windows 11 , 64 bit Build 22621 (10.0.22621.5124)
OS uptime: 3 days 13:30 hours
Hyper-V role detected

CPU: total 8 (initial active 8) (4 cores per cpu, 2 threads per core) family 6 model 142 stepping 10 microcode 0xf6, cx8, cmov, fxsr, ht, mmx, 3dnowpref, sse, sse2, sse3, ssse3, sse4.1, sse4.2, popcnt, lzcnt, tsc, tscinvbit, avx, avx2, aes, erms, clmul, bmi1, bmi2, rtm, adx, fma, vzeroupper, clflush, clflushopt, hv, rdtscp, f16c
Processor Information for the first 8 processors :
  Max Mhz: 2112, Current Mhz: 1910, Mhz Limit: 1900

Memory: 4k page, system-wide physical 3974M (154M free)
TotalPageFile size 16262M (AvailPageFile size 6M)
current process WorkingSet (physical memory assigned to process): 246M, peak: 321M
current process commit charge ("private bytes"): 360M, peak: 361M

vm_info: OpenJDK 64-Bit Server VM (21.0.6+7-LTS) for windows-amd64 JRE (21.0.6+7-LTS), built on 2025-01-21T00:00:00Z by "admin" with MS VC++ 17.7 (VS2022)

END.
