#
# There is insufficient memory for the Java Runtime Environment to continue.
# Native memory allocation (malloc) failed to allocate 32744 bytes. Error detail: Chunk::new
# Possible reasons:
#   The system is out of physical RAM or swap space
#   This process is running with CompressedOops enabled, and the Java Heap may be blocking the growth of the native heap
# Possible solutions:
#   Reduce memory load on the system
#   Increase physical memory or swap space
#   Check if swap backing store is full
#   Decrease Java heap size (-Xmx/-Xms)
#   Decrease number of Java threads
#   Decrease Java thread stack sizes (-Xss)
#   Set larger code cache with -XX:ReservedCodeCacheSize=
#   JVM is running with Unscaled Compressed Oops mode in which the Java heap is
#     placed in the first 4GB address space. The Java Heap base address is the
#     maximum limit for the native heap growth. Please use -XX:HeapBaseMinAddress
#     to set the Java Heap base and to place the Java Heap above 4GB virtual address.
# This output file may be truncated or incomplete.
#
#  Out of Memory Error (arena.cpp:150), pid=12660, tid=24392
#
# JRE version: Java(TM) SE Runtime Environment (22.0.2+9) (build 22.0.2+9-70)
# Java VM: Java HotSpot(TM) 64-Bit Server VM (22.0.2+9-70, mixed mode, sharing, tiered, compressed oops, compressed class ptrs, g1 gc, windows-amd64)
# No core dump will be written. Minidumps are not enabled by default on client versions of Windows
#

---------------  S U M M A R Y ------------

Command Line: -Dnet.bytebuddy.agent.attacher.dump= net.bytebuddy.agent.Attacher com.sun.tools.attach.VirtualMachine 29864 C:\Users\lemof\.gradle\caches\modules-2\files-2.1\net.bytebuddy\byte-buddy-agent\1.15.11\a38b16385e867f59a641330f0362ebe742788ed8\byte-buddy-agent-1.15.11.jar false 

Host: Intel(R) Core(TM) i7-8650U CPU @ 1.90GHz, 8 cores, 3G,  Windows 11 , 64 bit Build 22621 (10.0.22621.5124)
Time: Mon Apr 14 22:23:19 2025 Paris, Madrid (heure duild 22621 (10.0.22621.5124) elapsed time: 0.929520 seconds (0d 0h 0m 0s)

---------------  T H R E A D  ---------------

Current thread (0x00000249411539c0):  JavaThread "C2 CompilerThread0" daemon [_thread_in_native, id=24392, stack(0x000000c55ac00000,0x000000c55ad00000) (1024K)]


Current CompileTask:
C2:929  228       4       jdk.internal.util.ArraysSupport::signedHashCode (37 bytes)

Stack: [0x000000c55ac00000,0x000000c55ad00000]
Native frames: (J=compiled Java code, j=interpreted, Vv=VM code, C=native code)
V  [jvm.dll+0x6e26e9]  (no source info available)
V  [jvm.dll+0x875753]  (no source info available)
V  [jvm.dll+0x877b7e]  (no source info available)
V  [jvm.dll+0x878253]  (no source info available)
V  [jvm.dll+0x27fc86]  (no source info available)
V  [jvm.dll+0xc3d0f]  (no source info available)
V  [jvm.dll+0xc40fb]  (no source info available)
V  [jvm.dll+0xc3bbb]  (no source info available)
V  [jvm.dll+0x73ab9c]  (no source info available)
V  [jvm.dll+0x616ab7]  (no source info available)
V  [jvm.dll+0x61e121]  (no source info available)
V  [jvm.dll+0x61a4fb]  (no source info available)
V  [jvm.dll+0x6042c9]  (no source info available)
V  [jvm.dll+0x60693a]  (no source info available)
V  [jvm.dll+0x606379]  (no source info available)
V  [jvm.dll+0x606260]  (no source info available)
V  [jvm.dll+0x60c8e4]  (no source info available)
V  [jvm.dll+0x250c92]  (no source info available)
V  [jvm.dll+0x24937c]  (no source info available)
V  [jvm.dll+0x246da6]  (no source info available)
V  [jvm.dll+0x1c4e80]  (no source info available)
V  [jvm.dll+0x2568f3]  (no source info available)
V  [jvm.dll+0x254baa]  (no source info available)
V  [jvm.dll+0x3f57a6]  (no source info available)
V  [jvm.dll+0x81dc0b]  (no source info available)
V  [jvm.dll+0x6e0d85]  (no source info available)
C  [ucrtbase.dll+0x29333]  (no source info available)
C  [KERNEL32.DLL+0x1259d]  (no source info available)
C  [ntdll.dll+0x5af38]  (no source info available)


---------------  P R O C E S S  ---------------

Threads class SMR info:
_java_thread_list=0x00000249413bd360, length=11, elements={
0x000002494bfd05e0, 0x000002494114bcb0, 0x000002494114ef90, 0x0000024941150d10,
0x0000024941151770, 0x00000249411521d0, 0x0000024941152c30, 0x00000249411539c0,
0x0000024941187760, 0x00000249413e54e0, 0x00000249413ea380
}

Java Threads: ( => current thread )
  0x000002494bfd05e0 JavaThread "main"                              [_thread_in_vm, id=21168, stack(0x000000c559e00000,0x000000c559f00000) (1024K)]
  0x000002494114bcb0 JavaThread "Reference Handler"          daemon [_thread_blocked, id=2948, stack(0x000000c55a600000,0x000000c55a700000) (1024K)]
  0x000002494114ef90 JavaThread "Finalizer"                  daemon [_thread_blocked, id=26728, stack(0x000000c55a700000,0x000000c55a800000) (1024K)]
  0x0000024941150d10 JavaThread "Signal Dispatcher"          daemon [_thread_blocked, id=20228, stack(0x000000c55a800000,0x000000c55a900000) (1024K)]
  0x0000024941151770 JavaThread "Attach Listener"            daemon [_thread_blocked, id=23348, stack(0x000000c55a900000,0x000000c55aa00000) (1024K)]
  0x00000249411521d0 JavaThread "Service Thread"             daemon [_thread_blocked, id=19628, stack(0x000000c55aa00000,0x000000c55ab00000) (1024K)]
  0x0000024941152c30 JavaThread "Monitor Deflation Thread"   daemon [_thread_blocked, id=1056, stack(0x000000c55ab00000,0x000000c55ac00000) (1024K)]
=>0x00000249411539c0 JavaThread "C2 CompilerThread0"         daemon [_thread_in_native, id=24392, stack(0x000000c55ac00000,0x000000c55ad00000) (1024K)]
  0x0000024941187760 JavaThread "C1 CompilerThread0"         daemon [_thread_in_native, id=18248, stack(0x000000c55ad00000,0x000000c55ae00000) (1024K)]
  0x00000249413e54e0 JavaThread "Notification Thread"        daemon [_thread_blocked, id=21896, stack(0x000000c55ae00000,0x000000c55af00000) (1024K)]
  0x00000249413ea380 JavaThread "Common-Cleaner"             daemon [_thread_blocked, id=2248, stack(0x000000c55af00000,0x000000c55b000000) (1024K)]
Total: 11

Other Threads:
  0x0000024941130350 VMThread "VM Thread"                           [id=8112, stack(0x000000c55a500000,0x000000c55a600000) (1024K)]
  0x000002494e289d40 WatcherThread "VM Periodic Task Thread"        [id=28128, stack(0x000000c55a400000,0x000000c55a500000) (1024K)]
  0x000002494e2057f0 WorkerThread "GC Thread#0"                     [id=5532, stack(0x000000c559f00000,0x000000c55a000000) (1024K)]
  0x000002494e20e420 ConcurrentGCThread "G1 Main Marker"            [id=30700, stack(0x000000c55a000000,0x000000c55a100000) (1024K)]
  0x000002494e20ef30 WorkerThread "G1 Conc#0"                       [id=12732, stack(0x000000c55a100000,0x000000c55a200000) (1024K)]
  0x000002494e278300 ConcurrentGCThread "G1 Refine#0"               [id=30272, stack(0x000000c55a200000,0x000000c55a300000) (1024K)]
  0x000002494e27a1f0 ConcurrentGCThread "G1 Service"                [id=21460, stack(0x000000c55a300000,0x000000c55a400000) (1024K)]
Total: 7

Threads with active compile tasks:
C2 CompilerThread0  986  228       4       jdk.internal.util.ArraysSupport::signedHashCode (37 bytes)
C1 CompilerThread0  986  219       3       jdk.internal.org.objectweb.asm.Frame::execute (2305 bytes)
Total: 2

VM state: not at safepoint (normal execution)

VM Mutex/Monitor currently owned by a thread: None

Heap address: 0x00000000c1e00000, size: 994 MB, Compressed Oops mode: 32-bit

CDS archive(s) mapped at: [0x0000024900000000-0x0000024900c60000-0x0000024900c60000), size 12976128, SharedBaseAddress: 0x0000024900000000, ArchiveRelocationMode: 1.
Compressed class space mapped at: 0x0000024901000000-0x0000024941000000, reserved size: 1073741824
Narrow klass base: 0x0000024900000000, Narrow klass shift: 0, Narrow klass range: 0x41000000

GC Precious Log:
 CardTable entry size: 512
 Card Set container configuration: InlinePtr #cards 5 size 8 Array Of Cards #cards 12 size 40 Howl #buckets 4 coarsen threshold 1843 Howl Bitmap #cards 512 size 80 coarsen threshold 460 Card regions per heap region 1 cards per card region 2048
 CPUs: 8 total, 8 available
 Memory: 3974M
 Large Page Support: Disabled
 NUMA Support: Disabled
 Compressed Oops: Enabled (32-bit)
 Heap Region Size: 1M
 Heap Min Capacity: 8M
 Heap Initial Capacity: 64M
 Heap Max Capacity: 994M
 Pre-touch: Disabled
 Parallel Workers: 8
 Concurrent Workers: 2
 Concurrent Refinement Workers: 8
 Periodic GC: Disabled

Heap:
 garbage-first heap   total reserved 1017856K, committed 65536K, used 2048K [0x00000000c1e00000, 0x0000000100000000)
  region size 1024K, 3 young (3072K), 0 survivors (0K)
 Metaspace       used 774K, committed 960K, reserved 1114112K
  class space    used 82K, committed 192K, reserved 1048576K

Heap Regions: E=young(eden), S=young(survivor), O=old, HS=humongous(starts), HC=humongous(continues), CS=collection set, F=free, TAMS=top-at-mark-start, PB=parsable bottom
|   0|0x00000000c1e00000, 0x00000000c1e00000, 0x00000000c1f00000|  0%| F|  |TAMS 0x00000000c1e00000| PB 0x00000000c1e00000| Untracked |  0
|   1|0x00000000c1f00000, 0x00000000c1f00000, 0x00000000c2000000|  0%| F|  |TAMS 0x00000000c1f00000| PB 0x00000000c1f00000| Untracked |  0
|   2|0x00000000c2000000, 0x00000000c2000000, 0x00000000c2100000|  0%| F|  |TAMS 0x00000000c2000000| PB 0x00000000c2000000| Untracked |  0
|   3|0x00000000c2100000, 0x00000000c2100000, 0x00000000c2200000|  0%| F|  |TAMS 0x00000000c2100000| PB 0x00000000c2100000| Untracked |  0
|   4|0x00000000c2200000, 0x00000000c2200000, 0x00000000c2300000|  0%| F|  |TAMS 0x00000000c2200000| PB 0x00000000c2200000| Untracked |  0
|   5|0x00000000c2300000, 0x00000000c2300000, 0x00000000c2400000|  0%| F|  |TAMS 0x00000000c2300000| PB 0x00000000c2300000| Untracked |  0
|   6|0x00000000c2400000, 0x00000000c2400000, 0x00000000c2500000|  0%| F|  |TAMS 0x00000000c2400000| PB 0x00000000c2400000| Untracked |  0
|   7|0x00000000c2500000, 0x00000000c2500000, 0x00000000c2600000|  0%| F|  |TAMS 0x00000000c2500000| PB 0x00000000c2500000| Untracked |  0
|   8|0x00000000c2600000, 0x00000000c2600000, 0x00000000c2700000|  0%| F|  |TAMS 0x00000000c2600000| PB 0x00000000c2600000| Untracked |  0
|   9|0x00000000c2700000, 0x00000000c2700000, 0x00000000c2800000|  0%| F|  |TAMS 0x00000000c2700000| PB 0x00000000c2700000| Untracked |  0
|  10|0x00000000c2800000, 0x00000000c2800000, 0x00000000c2900000|  0%| F|  |TAMS 0x00000000c2800000| PB 0x00000000c2800000| Untracked |  0
|  11|0x00000000c2900000, 0x00000000c2900000, 0x00000000c2a00000|  0%| F|  |TAMS 0x00000000c2900000| PB 0x00000000c2900000| Untracked |  0
|  12|0x00000000c2a00000, 0x00000000c2a00000, 0x00000000c2b00000|  0%| F|  |TAMS 0x00000000c2a00000| PB 0x00000000c2a00000| Untracked |  0
|  13|0x00000000c2b00000, 0x00000000c2b00000, 0x00000000c2c00000|  0%| F|  |TAMS 0x00000000c2b00000| PB 0x00000000c2b00000| Untracked |  0
|  14|0x00000000c2c00000, 0x00000000c2c00000, 0x00000000c2d00000|  0%| F|  |TAMS 0x00000000c2c00000| PB 0x00000000c2c00000| Untracked |  0
|  15|0x00000000c2d00000, 0x00000000c2d00000, 0x00000000c2e00000|  0%| F|  |TAMS 0x00000000c2d00000| PB 0x00000000c2d00000| Untracked |  0
|  16|0x00000000c2e00000, 0x00000000c2e00000, 0x00000000c2f00000|  0%| F|  |TAMS 0x00000000c2e00000| PB 0x00000000c2e00000| Untracked |  0
|  17|0x00000000c2f00000, 0x00000000c2f00000, 0x00000000c3000000|  0%| F|  |TAMS 0x00000000c2f00000| PB 0x00000000c2f00000| Untracked |  0
|  18|0x00000000c3000000, 0x00000000c3000000, 0x00000000c3100000|  0%| F|  |TAMS 0x00000000c3000000| PB 0x00000000c3000000| Untracked |  0
|  19|0x00000000c3100000, 0x00000000c3100000, 0x00000000c3200000|  0%| F|  |TAMS 0x00000000c3100000| PB 0x00000000c3100000| Untracked |  0
|  20|0x00000000c3200000, 0x00000000c3200000, 0x00000000c3300000|  0%| F|  |TAMS 0x00000000c3200000| PB 0x00000000c3200000| Untracked |  0
|  21|0x00000000c3300000, 0x00000000c3300000, 0x00000000c3400000|  0%| F|  |TAMS 0x00000000c3300000| PB 0x00000000c3300000| Untracked |  0
|  22|0x00000000c3400000, 0x00000000c3400000, 0x00000000c3500000|  0%| F|  |TAMS 0x00000000c3400000| PB 0x00000000c3400000| Untracked |  0
|  23|0x00000000c3500000, 0x00000000c3500000, 0x00000000c3600000|  0%| F|  |TAMS 0x00000000c3500000| PB 0x00000000c3500000| Untracked |  0
|  24|0x00000000c3600000, 0x00000000c3600000, 0x00000000c3700000|  0%| F|  |TAMS 0x00000000c3600000| PB 0x00000000c3600000| Untracked |  0
|  25|0x00000000c3700000, 0x00000000c3700000, 0x00000000c3800000|  0%| F|  |TAMS 0x00000000c3700000| PB 0x00000000c3700000| Untracked |  0
|  26|0x00000000c3800000, 0x00000000c3800000, 0x00000000c3900000|  0%| F|  |TAMS 0x00000000c3800000| PB 0x00000000c3800000| Untracked |  0
|  27|0x00000000c3900000, 0x00000000c3900000, 0x00000000c3a00000|  0%| F|  |TAMS 0x00000000c3900000| PB 0x00000000c3900000| Untracked |  0
|  28|0x00000000c3a00000, 0x00000000c3a00000, 0x00000000c3b00000|  0%| F|  |TAMS 0x00000000c3a00000| PB 0x00000000c3a00000| Untracked |  0
|  29|0x00000000c3b00000, 0x00000000c3b00000, 0x00000000c3c00000|  0%| F|  |TAMS 0x00000000c3b00000| PB 0x00000000c3b00000| Untracked |  0
|  30|0x00000000c3c00000, 0x00000000c3c00000, 0x00000000c3d00000|  0%| F|  |TAMS 0x00000000c3c00000| PB 0x00000000c3c00000| Untracked |  0
|  31|0x00000000c3d00000, 0x00000000c3d00000, 0x00000000c3e00000|  0%| F|  |TAMS 0x00000000c3d00000| PB 0x00000000c3d00000| Untracked |  0
|  32|0x00000000c3e00000, 0x00000000c3e00000, 0x00000000c3f00000|  0%| F|  |TAMS 0x00000000c3e00000| PB 0x00000000c3e00000| Untracked |  0
|  33|0x00000000c3f00000, 0x00000000c3f00000, 0x00000000c4000000|  0%| F|  |TAMS 0x00000000c3f00000| PB 0x00000000c3f00000| Untracked |  0
|  34|0x00000000c4000000, 0x00000000c4000000, 0x00000000c4100000|  0%| F|  |TAMS 0x00000000c4000000| PB 0x00000000c4000000| Untracked |  0
|  35|0x00000000c4100000, 0x00000000c4100000, 0x00000000c4200000|  0%| F|  |TAMS 0x00000000c4100000| PB 0x00000000c4100000| Untracked |  0
|  36|0x00000000c4200000, 0x00000000c4200000, 0x00000000c4300000|  0%| F|  |TAMS 0x00000000c4200000| PB 0x00000000c4200000| Untracked |  0
|  37|0x00000000c4300000, 0x00000000c4300000, 0x00000000c4400000|  0%| F|  |TAMS 0x00000000c4300000| PB 0x00000000c4300000| Untracked |  0
|  38|0x00000000c4400000, 0x00000000c4400000, 0x00000000c4500000|  0%| F|  |TAMS 0x00000000c4400000| PB 0x00000000c4400000| Untracked |  0
|  39|0x00000000c4500000, 0x00000000c4500000, 0x00000000c4600000|  0%| F|  |TAMS 0x00000000c4500000| PB 0x00000000c4500000| Untracked |  0
|  40|0x00000000c4600000, 0x00000000c4600000, 0x00000000c4700000|  0%| F|  |TAMS 0x00000000c4600000| PB 0x00000000c4600000| Untracked |  0
|  41|0x00000000c4700000, 0x00000000c4700000, 0x00000000c4800000|  0%| F|  |TAMS 0x00000000c4700000| PB 0x00000000c4700000| Untracked |  0
|  42|0x00000000c4800000, 0x00000000c4800000, 0x00000000c4900000|  0%| F|  |TAMS 0x00000000c4800000| PB 0x00000000c4800000| Untracked |  0
|  43|0x00000000c4900000, 0x00000000c4900000, 0x00000000c4a00000|  0%| F|  |TAMS 0x00000000c4900000| PB 0x00000000c4900000| Untracked |  0
|  44|0x00000000c4a00000, 0x00000000c4a00000, 0x00000000c4b00000|  0%| F|  |TAMS 0x00000000c4a00000| PB 0x00000000c4a00000| Untracked |  0
|  45|0x00000000c4b00000, 0x00000000c4b00000, 0x00000000c4c00000|  0%| F|  |TAMS 0x00000000c4b00000| PB 0x00000000c4b00000| Untracked |  0
|  46|0x00000000c4c00000, 0x00000000c4c00000, 0x00000000c4d00000|  0%| F|  |TAMS 0x00000000c4c00000| PB 0x00000000c4c00000| Untracked |  0
|  47|0x00000000c4d00000, 0x00000000c4d00000, 0x00000000c4e00000|  0%| F|  |TAMS 0x00000000c4d00000| PB 0x00000000c4d00000| Untracked |  0
|  48|0x00000000c4e00000, 0x00000000c4e00000, 0x00000000c4f00000|  0%| F|  |TAMS 0x00000000c4e00000| PB 0x00000000c4e00000| Untracked |  0
|  49|0x00000000c4f00000, 0x00000000c4f00000, 0x00000000c5000000|  0%| F|  |TAMS 0x00000000c4f00000| PB 0x00000000c4f00000| Untracked |  0
|  50|0x00000000c5000000, 0x00000000c5000000, 0x00000000c5100000|  0%| F|  |TAMS 0x00000000c5000000| PB 0x00000000c5000000| Untracked |  0
|  51|0x00000000c5100000, 0x00000000c5100000, 0x00000000c5200000|  0%| F|  |TAMS 0x00000000c5100000| PB 0x00000000c5100000| Untracked |  0
|  52|0x00000000c5200000, 0x00000000c5200000, 0x00000000c5300000|  0%| F|  |TAMS 0x00000000c5200000| PB 0x00000000c5200000| Untracked |  0
|  53|0x00000000c5300000, 0x00000000c5300000, 0x00000000c5400000|  0%| F|  |TAMS 0x00000000c5300000| PB 0x00000000c5300000| Untracked |  0
|  54|0x00000000c5400000, 0x00000000c5400000, 0x00000000c5500000|  0%| F|  |TAMS 0x00000000c5400000| PB 0x00000000c5400000| Untracked |  0
|  55|0x00000000c5500000, 0x00000000c5500000, 0x00000000c5600000|  0%| F|  |TAMS 0x00000000c5500000| PB 0x00000000c5500000| Untracked |  0
|  56|0x00000000c5600000, 0x00000000c5600000, 0x00000000c5700000|  0%| F|  |TAMS 0x00000000c5600000| PB 0x00000000c5600000| Untracked |  0
|  57|0x00000000c5700000, 0x00000000c5700000, 0x00000000c5800000|  0%| F|  |TAMS 0x00000000c5700000| PB 0x00000000c5700000| Untracked |  0
|  58|0x00000000c5800000, 0x00000000c5800000, 0x00000000c5900000|  0%| F|  |TAMS 0x00000000c5800000| PB 0x00000000c5800000| Untracked |  0
|  59|0x00000000c5900000, 0x00000000c5900000, 0x00000000c5a00000|  0%| F|  |TAMS 0x00000000c5900000| PB 0x00000000c5900000| Untracked |  0
|  60|0x00000000c5a00000, 0x00000000c5a00000, 0x00000000c5b00000|  0%| F|  |TAMS 0x00000000c5a00000| PB 0x00000000c5a00000| Untracked |  0
|  61|0x00000000c5b00000, 0x00000000c5bf5c78, 0x00000000c5c00000| 96%| E|  |TAMS 0x00000000c5b00000| PB 0x00000000c5b00000| Complete |  0
|  62|0x00000000c5c00000, 0x00000000c5d00000, 0x00000000c5d00000|100%| E|CS|TAMS 0x00000000c5c00000| PB 0x00000000c5c00000| Complete |  0
|  63|0x00000000c5d00000, 0x00000000c5e00000, 0x00000000c5e00000|100%| E|CS|TAMS 0x00000000c5d00000| PB 0x00000000c5d00000| Complete |  0

Card table byte_map: [0x0000024965a60000,0x0000024965c60000] _byte_map_base: 0x0000024965451000

Marking Bits: (CMBitMap*) 0x000002494e205f00
 Bits: [0x0000024965c60000, 0x0000024966be8000)

Polling page: 0x000002494d990000

Metaspace:

Usage:
  Non-class:    735.96 KB used.
      Class:     86.48 KB used.
       Both:    822.45 KB used.

Virtual space:
  Non-class space:       64.00 MB reserved,     832.00 KB (  1%) committed,  1 nodes.
      Class space:        1.00 GB reserved,     192.00 KB ( <1%) committed,  1 nodes.
             Both:        1.06 GB reserved,       1.00 MB ( <1%) committed. 

Chunk freelists:
   Non-Class:  11.77 MB
       Class:  15.68 MB
        Both:  27.45 MB

MaxMetaspaceSize: unlimited
CompressedClassSpaceSize: 1.00 GB
Initial GC threshold: 21.00 MB
Current GC threshold: 21.00 MB
CDS: on
 - commit_granule_bytes: 65536.
 - commit_granule_words: 8192.
 - virtual_space_node_default_size: 8388608.
 - enlarge_chunks_in_place: 1.
 - use_allocation_guard: 0.


Internal statistics:

num_allocs_failed_limit: 0.
num_arena_births: 54.
num_arena_deaths: 0.
num_vsnodes_births: 2.
num_vsnodes_deaths: 0.
num_space_committed: 16.
num_space_uncommitted: 0.
num_chunks_returned_to_freelist: 0.
num_chunks_taken_from_freelist: 75.
num_chunk_merges: 0.
num_chunk_splits: 47.
num_chunks_enlarged: 27.
num_inconsistent_stats: 0.

CodeHeap 'non-profiled nmethods': size=120000Kb used=81Kb max_used=81Kb free=119918Kb
 bounds [0x000002495dff0000, 0x000002495e260000, 0x0000024965520000]
CodeHeap 'profiled nmethods': size=120000Kb used=225Kb max_used=225Kb free=119774Kb
 bounds [0x0000024956520000, 0x0000024956790000, 0x000002495da50000]
CodeHeap 'non-nmethods': size=5760Kb used=1296Kb max_used=1300Kb free=4463Kb
 bounds [0x000002495da50000, 0x000002495dcc0000, 0x000002495dff0000]
 total_blobs=646 nmethods=236 adapters=315
 compilation: enabled
              stopped_count=0, restarted_count=0
 full_count=0

Compilation events (20 events):
Event: 0.916 Thread 0x0000024941187760  206       1       java.lang.invoke.MethodHandle::type (5 bytes)
Event: 0.916 Thread 0x0000024941187760 nmethod 206 0x000002495e000290 code [0x000002495e000420, 0x000002495e0004e8]
Event: 0.916 Thread 0x0000024941187760  208       1       java.lang.invoke.MethodTypeForm::erasedType (5 bytes)
Event: 0.916 Thread 0x0000024941187760 nmethod 208 0x000002495e000590 code [0x000002495e000720, 0x000002495e0007e8]
Event: 0.918 Thread 0x0000024941187760  210       3       jdk.internal.org.objectweb.asm.SymbolTable::addConstantUtf8 (98 bytes)
Event: 0.918 Thread 0x0000024941187760 nmethod 210 0x0000024956555690 code [0x00000249565558c0, 0x0000024956555ec0]
Event: 0.918 Thread 0x0000024941187760  211       3       jdk.internal.org.objectweb.asm.ByteVector::putByte (39 bytes)
Event: 0.919 Thread 0x0000024941187760 nmethod 211 0x0000024956556210 code [0x00000249565563c0, 0x00000249565565a0]
Event: 0.919 Thread 0x0000024941187760  212       3       java.lang.StringLatin1::newString (24 bytes)
Event: 0.919 Thread 0x0000024941187760 nmethod 212 0x0000024956556710 code [0x00000249565568e0, 0x0000024956556bf0]
Event: 0.919 Thread 0x0000024941187760  213       3       java.lang.StringBuilder::<init> (7 bytes)
Event: 0.919 Thread 0x0000024941187760 nmethod 213 0x0000024956556d10 code [0x0000024956556ec0, 0x0000024956557000]
Event: 0.920 Thread 0x0000024941187760  216       3       java.lang.invoke.MethodType::parameterCount (6 bytes)
Event: 0.920 Thread 0x0000024941187760 nmethod 216 0x0000024956557090 code [0x0000024956557220, 0x0000024956557338]
Event: 0.920 Thread 0x0000024941187760  217       3       java.util.Arrays::copyOf (40 bytes)
Event: 0.920 Thread 0x0000024941187760 nmethod 217 0x0000024956557410 code [0x0000024956557600, 0x0000024956557c98]
Event: 0.920 Thread 0x0000024941187760  218       3       java.lang.invoke.LambdaForm::internArgument (85 bytes)
Event: 0.921 Thread 0x0000024941187760 nmethod 218 0x0000024956557e90 code [0x0000024956558060, 0x00000249565583a8]
Event: 0.921 Thread 0x0000024941187760  219       3       jdk.internal.org.objectweb.asm.Frame::execute (2305 bytes)
Event: 0.925 Thread 0x00000249411539c0  228       4       jdk.internal.util.ArraysSupport::signedHashCode (37 bytes)

GC Heap History (0 events):
No events

Dll operation events (7 events):
Event: 0.039 Loaded shared library C:\Program Files\Java\jdk-22\bin\java.dll
Event: 0.360 Loaded shared library C:\Program Files\Java\jdk-22\bin\jsvml.dll
Event: 0.592 Loaded shared library C:\Program Files\Java\jdk-22\bin\net.dll
Event: 0.601 Loaded shared library C:\Program Files\Java\jdk-22\bin\nio.dll
Event: 0.616 Loaded shared library C:\Program Files\Java\jdk-22\bin\zip.dll
Event: 0.661 Loaded shared library C:\Program Files\Java\jdk-22\bin\jimage.dll
Event: 0.832 Loaded shared library C:\Program Files\Java\jdk-22\bin\attach.dll

Deoptimization events (2 events):
Event: 0.925 Thread 0x000002494bfd05e0 DEOPT PACKING pc=0x00000249565202a8 sp=0x000000c559efd430
Event: 0.925 Thread 0x000002494bfd05e0 DEOPT UNPACKING pc=0x000002495daa4e42 sp=0x000000c559efc8a8 mode 0

Classes loaded (20 events):
Event: 0.850 Loading class java/lang/AssertionError
Event: 0.850 Loading class java/lang/AssertionError done
Event: 0.876 Loading class java/util/TimerTask
Event: 0.876 Loading class java/util/TimerTask done
Event: 0.877 Loading class java/util/Timer
Event: 0.877 Loading class java/util/Timer done
Event: 0.878 Loading class java/io/FilenameFilter
Event: 0.878 Loading class java/io/FilenameFilter done
Event: 0.887 Loading class java/util/regex/Pattern$BnM
Event: 0.888 Loading class java/util/regex/Pattern$BnM done
Event: 0.888 Loading class java/util/regex/Pattern$SliceS
Event: 0.888 Loading class java/util/regex/Pattern$SliceS done
Event: 0.895 Loading class java/lang/IllegalAccessException
Event: 0.895 Loading class java/lang/IllegalAccessException done
Event: 0.895 Loading class java/lang/InstantiationException
Event: 0.895 Loading class java/lang/InstantiationException done
Event: 0.895 Loading class java/lang/reflect/InvocationTargetException
Event: 0.895 Loading class java/lang/reflect/InvocationTargetException done
Event: 0.903 Loading class jdk/internal/perf/Perf$CleanerAction
Event: 0.904 Loading class jdk/internal/perf/Perf$CleanerAction done

Classes unloaded (0 events):
No events

Classes redefined (0 events):
No events

Internal exceptions (0 events):
No events

ZGC Phase Switch (0 events):
No events

VM Operations (2 events):
Event: 0.618 Executing VM operation: HandshakeAllThreads (Deoptimize)
Event: 0.618 Executing VM operation: HandshakeAllThreads (Deoptimize) done

Memory protections (0 events):
No events

Nmethod flushes (0 events):
No events

Events (11 events):
Event: 0.109 Thread 0x000002494bfd05e0 Thread added: 0x000002494bfd05e0
Event: 0.277 Thread 0x000002494bfd05e0 Thread added: 0x000002494114bcb0
Event: 0.277 Thread 0x000002494bfd05e0 Thread added: 0x000002494114ef90
Event: 0.277 Thread 0x000002494bfd05e0 Thread added: 0x0000024941150d10
Event: 0.278 Thread 0x000002494bfd05e0 Thread added: 0x0000024941151770
Event: 0.278 Thread 0x000002494bfd05e0 Thread added: 0x00000249411521d0
Event: 0.278 Thread 0x000002494bfd05e0 Thread added: 0x0000024941152c30
Event: 0.278 Thread 0x000002494bfd05e0 Thread added: 0x00000249411539c0
Event: 0.307 Thread 0x000002494bfd05e0 Thread added: 0x0000024941187760
Event: 0.513 Thread 0x000002494bfd05e0 Thread added: 0x00000249413e54e0
Event: 0.540 Thread 0x000002494bfd05e0 Thread added: 0x00000249413ea380


Dynamic libraries:
0x00007ff753d80000 - 0x00007ff753d90000 	C:\Program Files\Java\jdk-22\bin\java.exe
0x00007fff08d50000 - 0x00007fff08f67000 	C:\WINDOWS\SYSTEM32\ntdll.dll
0x00007fff06e50000 - 0x00007fff06f14000 	C:\WINDOWS\System32\KERNEL32.DLL
0x00007fff06310000 - 0x00007fff066e3000 	C:\WINDOWS\System32\KERNELBASE.dll
0x00007fff06080000 - 0x00007fff06191000 	C:\WINDOWS\System32\ucrtbase.dll
0x00007ffeedf30000 - 0x00007ffeedf4b000 	C:\Program Files\Java\jdk-22\bin\VCRUNTIME140.dll
0x00007ffef57f0000 - 0x00007ffef5807000 	C:\Program Files\Java\jdk-22\bin\jli.dll
0x00007fff07aa0000 - 0x00007fff07c51000 	C:\WINDOWS\System32\USER32.dll
0x00007fff05f80000 - 0x00007fff05fa6000 	C:\WINDOWS\System32\win32u.dll
0x00007fff07150000 - 0x00007fff07179000 	C:\WINDOWS\System32\GDI32.dll
0x00007fff05e60000 - 0x00007fff05f7b000 	C:\WINDOWS\System32\gdi32full.dll
0x00007fff05fb0000 - 0x00007fff0604a000 	C:\WINDOWS\System32\msvcp_win.dll
0x00007ffeec9e0000 - 0x00007ffeecc78000 	C:\WINDOWS\WinSxS\amd64_microsoft.windows.common-controls_6595b64144ccf1df_6.0.22621.5124_none_270e8f4f7386d69d\COMCTL32.dll
0x00007fff073a0000 - 0x00007fff07447000 	C:\WINDOWS\System32\msvcrt.dll
0x00007fff06c30000 - 0x00007fff06c61000 	C:\WINDOWS\System32\IMM32.DLL
0x00007ffefc470000 - 0x00007ffefc47c000 	C:\Program Files\Java\jdk-22\bin\vcruntime140_1.dll
0x00007ffecbca0000 - 0x00007ffecbd2e000 	C:\Program Files\Java\jdk-22\bin\msvcp140.dll
0x00007ffe9b0d0000 - 0x00007ffe9be19000 	C:\Program Files\Java\jdk-22\bin\server\jvm.dll
0x00007fff06b70000 - 0x00007fff06c21000 	C:\WINDOWS\System32\ADVAPI32.dll
0x00007fff07210000 - 0x00007fff072b8000 	C:\WINDOWS\System32\sechost.dll
0x00007fff06050000 - 0x00007fff06078000 	C:\WINDOWS\System32\bcrypt.dll
0x00007fff07970000 - 0x00007fff07a84000 	C:\WINDOWS\System32\RPCRT4.dll
0x00007fff07c60000 - 0x00007fff07cd1000 	C:\WINDOWS\System32\WS2_32.dll
0x00007fff05d30000 - 0x00007fff05d7d000 	C:\WINDOWS\SYSTEM32\POWRPROF.dll
0x00007ffefcf60000 - 0x00007ffefcf94000 	C:\WINDOWS\SYSTEM32\WINMM.dll
0x00007ffefcf50000 - 0x00007ffefcf5a000 	C:\WINDOWS\SYSTEM32\VERSION.dll
0x00007fff05d10000 - 0x00007fff05d23000 	C:\WINDOWS\SYSTEM32\UMPDC.dll
0x00007fff04df0000 - 0x00007fff04e08000 	C:\WINDOWS\SYSTEM32\kernel.appcore.dll
0x00007ffeed390000 - 0x00007ffeed39a000 	C:\Program Files\Java\jdk-22\bin\jimage.dll
0x00007fff037f0000 - 0x00007fff03a22000 	C:\WINDOWS\SYSTEM32\DBGHELP.DLL
0x00007fff07f10000 - 0x00007fff082a2000 	C:\WINDOWS\System32\combase.dll
0x00007fff072c0000 - 0x00007fff07397000 	C:\WINDOWS\System32\OLEAUT32.dll
0x00007ffeedec0000 - 0x00007ffeedef2000 	C:\WINDOWS\SYSTEM32\dbgcore.DLL
0x00007fff06970000 - 0x00007fff069eb000 	C:\WINDOWS\System32\bcryptPrimitives.dll
0x00007ffeeab60000 - 0x00007ffeeab7e000 	C:\Program Files\Java\jdk-22\bin\java.dll
0x00007fff08470000 - 0x00007fff08d06000 	C:\WINDOWS\System32\SHELL32.dll
0x00007fff06830000 - 0x00007fff0696f000 	C:\WINDOWS\System32\wintypes.dll
0x00007fff06f90000 - 0x00007fff07131000 	C:\WINDOWS\System32\ole32.dll
0x00007fff03d30000 - 0x00007fff0464a000 	C:\WINDOWS\SYSTEM32\windows.storage.dll
0x00007fff06a60000 - 0x00007fff06b6a000 	C:\WINDOWS\System32\SHCORE.dll
0x00007fff069f0000 - 0x00007fff06a53000 	C:\WINDOWS\System32\shlwapi.dll
0x00007fff05d90000 - 0x00007fff05dbb000 	C:\WINDOWS\SYSTEM32\profapi.dll
0x00007ffeb8ff0000 - 0x00007ffeb90c7000 	C:\Program Files\Java\jdk-22\bin\jsvml.dll
0x00007ffeec240000 - 0x00007ffeec250000 	C:\Program Files\Java\jdk-22\bin\net.dll
0x00007fff052c0000 - 0x00007fff0532a000 	C:\WINDOWS\system32\mswsock.dll
0x00007ffeea9d0000 - 0x00007ffeea9e6000 	C:\Program Files\Java\jdk-22\bin\nio.dll
0x00007ffee8290000 - 0x00007ffee82a7000 	C:\Program Files\Java\jdk-22\bin\zip.dll
0x00007ffee8230000 - 0x00007ffee8239000 	C:\Program Files\Java\jdk-22\bin\attach.dll
0x00007fff07140000 - 0x00007fff07148000 	C:\WINDOWS\System32\PSAPI.DLL

dbghelp: loaded successfully - version: 4.0.5 - missing functions: none
symbol engine: initialized successfully - sym options: 0x614 - pdb path: .;C:\Program Files\Java\jdk-22\bin;C:\WINDOWS\SYSTEM32;C:\WINDOWS\WinSxS\amd64_microsoft.windows.common-controls_6595b64144ccf1df_6.0.22621.5124_none_270e8f4f7386d69d;C:\Program Files\Java\jdk-22\bin\server

VM Arguments:
jvm_args: -Dnet.bytebuddy.agent.attacher.dump= 
java_command: net.bytebuddy.agent.Attacher com.sun.tools.attach.VirtualMachine 29864 C:\Users\lemof\.gradle\caches\modules-2\files-2.1\net.bytebuddy\byte-buddy-agent\1.15.11\a38b16385e867f59a641330f0362ebe742788ed8\byte-buddy-agent-1.15.11.jar false 
java_class_path (initial): C:\Users\lemof\.gradle\caches\modules-2\files-2.1\net.bytebuddy\byte-buddy-agent\1.15.11\a38b16385e867f59a641330f0362ebe742788ed8\byte-buddy-agent-1.15.11.jar
Launcher Type: SUN_STANDARD

[Global flags]
     intx CICompilerCount                          = 4                                         {product} {ergonomic}
     uint ConcGCThreads                            = 2                                         {product} {ergonomic}
     uint G1ConcRefinementThreads                  = 8                                         {product} {ergonomic}
   size_t G1HeapRegionSize                         = 1048576                                   {product} {ergonomic}
   size_t InitialHeapSize                          = 67108864                                  {product} {ergonomic}
   size_t MarkStackSize                            = 4194304                                   {product} {ergonomic}
   size_t MaxHeapSize                              = 1042284544                                {product} {ergonomic}
   size_t MaxNewSize                               = 624951296                                 {product} {ergonomic}
   size_t MinHeapDeltaBytes                        = 1048576                                   {product} {ergonomic}
   size_t MinHeapSize                              = 8388608                                   {product} {ergonomic}
    uintx NonNMethodCodeHeapSize                   = 5839372                                {pd product} {ergonomic}
    uintx NonProfiledCodeHeapSize                  = 122909434                              {pd product} {ergonomic}
    uintx ProfiledCodeHeapSize                     = 122909434                              {pd product} {ergonomic}
    uintx ReservedCodeCacheSize                    = 251658240                              {pd product} {ergonomic}
     bool SegmentedCodeCache                       = true                                      {product} {ergonomic}
   size_t SoftMaxHeapSize                          = 1042284544                             {manageable} {ergonomic}
     bool UseCompressedOops                        = true                           {product lp64_product} {ergonomic}
     bool UseG1GC                                  = true                                      {product} {ergonomic}
     bool UseLargePagesIndividualAllocation        = false                                  {pd product} {ergonomic}

Logging:
Log output configuration:
 #0: stdout all=warning uptime,level,tags foldmultilines=false
 #1: stderr all=off uptime,level,tags foldmultilines=false

Environment Variables:
PATH=C:\Program Files\Common Files\Oracle\Java\javapath;C:\Program Files (x86)\VMware\VMware Workstation\bin\;C:\WINDOWS\system32;C:\WINDOWS;C:\WINDOWS\System32\Wbem;C:\WINDOWS\System32\WindowsPowerShell\v1.0\;C:\WINDOWS\System32\OpenSSH\;C:\MinGW\bin;C:\Program Files\Git\cmd;C:\Program Files\Docker\Docker\resources\bin;C:\ProgramData\chocolatey\bin;C:\Program Files\dotnet\;C:\Users\lemof\AppData\Local\Programs\Python\Launcher\;C:\Users\lemof\AppData\Local\Microsoft\WindowsApps;C:\Users\lemof\AppData\Local\Programs\Microsoft VS Code\bin;C:\MinGW\bin;C:\ProgramData\lemof\GitHubDesktop\bin;C:\Users\lemof\AppData\Local\GitHubDesktop\bin;C:\Users\lemof\AppData\Local\JetBrains\IntelliJ IDEA 2024.2.1\bin;;C:\Users\lemof\AppData\Local\Programs\Python\Python312\Scripts;;C:\Program Files\JetBrains\PyCharm 2024.3.1.1\bin;
USERNAME=lemof
OS=Windows_NT
PROCESSOR_IDENTIFIER=Intel64 Family 6 Model 142 Stepping 10, GenuineIntel
TMP=C:\Users\lemof\AppData\Local\Temp
TEMP=C:\Users\lemof\AppData\Local\Temp




Periodic native trim disabled

---------------  S Y S T E M  ---------------

OS:
 Windows 11 , 64 bit Build 22621 (10.0.22621.5124)
OS uptime: 0 days 22:40 hours
Hyper-V role detected

CPU: total 8 (initial active 8) (4 cores per cpu, 2 threads per core) family 6 model 142 stepping 10 microcode 0xf6, cx8, cmov, fxsr, ht, mmx, 3dnowpref, sse, sse2, sse3, ssse3, sse4.1, sse4.2, popcnt, lzcnt, tsc, tscinvbit, avx, avx2, aes, erms, clmul, bmi1, bmi2, rtm, adx, fma, vzeroupper, clflush, clflushopt, hv, rdtscp, f16c
Processor Information for all 8 processors :
  Max Mhz: 2112, Current Mhz: 1910, Mhz Limit: 1900

Memory: 4k page, system-wide physical 3974M (138M free)
TotalPageFile size 16262M (AvailPageFile size 1M)
current process WorkingSet (physical memory assigned to process): 39M, peak: 39M
current process commit charge ("private bytes"): 144M, peak: 144M

vm_info: Java HotSpot(TM) 64-Bit Server VM (22.0.2+9-70) for windows-amd64 JRE (22.0.2+9-70), built on 2024-06-04T16:52:23Z by "mach5one" with MS VC++ 17.6 (VS2022)

END.
