#
# There is insufficient memory for the Java Runtime Environment to continue.
# Native memory allocation (malloc) failed to allocate 1822736 bytes. Error detail: Chunk::new
# Possible reasons:
#   The system is out of physical RAM or swap space
#   This process is running with CompressedOops enabled, and the Java Heap may be blocking the growth of the native heap
# Possible solutions:
#   Reduce memory load on the system
#   Increase physical memory or swap space
#   Check if swap backing store is full
#   Decrease Java heap size (-Xmx/-Xms)
#   Decrease number of Java threads
#   Decrease Java thread stack sizes (-Xss)
#   Set larger code cache with -XX:ReservedCodeCacheSize=
#   JVM is running with Unscaled Compressed Oops mode in which the Java heap is
#     placed in the first 4GB address space. The Java Heap base address is the
#     maximum limit for the native heap growth. Please use -XX:HeapBaseMinAddress
#     to set the Java Heap base and to place the Java Heap above 4GB virtual address.
# This output file may be truncated or incomplete.
#
#  Out of Memory Error (arena.cpp:150), pid=15160, tid=25112
#
# JRE version: Java(TM) SE Runtime Environment (22.0.2+9) (build 22.0.2+9-70)
# Java VM: Java HotSpot(TM) 64-Bit Server VM (22.0.2+9-70, mixed mode, sharing, tiered, compressed oops, compressed class ptrs, g1 gc, windows-amd64)
# No core dump will be written. Minidumps are not enabled by default on client versions of Windows
#

---------------  S U M M A R Y ------------

Command Line: -ea -XX:+ShowCodeDetailsInExceptionMessages -Dfile.encoding=UTF-8 org.eclipse.jdt.internal.junit.runner.RemoteTestRunner -version 3 -port 64435 -testLoaderClass org.eclipse.jdt.internal.junit5.runner.JUnit5TestLoader -loaderpluginname org.eclipse.jdt.junit5.runtime -testNameFile C:\Users\lemof\AppData\Local\Temp\testNames2654342550844907149.txt

Host: Intel(R) Core(TM) i7-8650U CPU @ 1.90GHz, 8 cores, 3G,  Windows 11 , 64 bit Build 22621 (10.0.22621.5124)
Time: Mon Apr 14 22:23:18 2025 Paris, Madrid (heure duild 22621 (10.0.22621.5124) elapsed time: 24.541034 seconds (0d 0h 0m 24s)

---------------  T H R E A D  ---------------

Current thread (0x000001b317626c00):  JavaThread "C2 CompilerThread0" daemon [_thread_in_native, id=25112, stack(0x00000058b3a00000,0x00000058b3b00000) (1024K)]


Current CompileTask:
C2:24541 4842       4       org.springframework.beans.factory.support.AbstractBeanFactory::isTypeMatch (745 bytes)

Stack: [0x00000058b3a00000,0x00000058b3b00000]
Native frames: (J=compiled Java code, j=interpreted, Vv=VM code, C=native code)
V  [jvm.dll+0x6e26e9]  (no source info available)
V  [jvm.dll+0x875753]  (no source info available)
V  [jvm.dll+0x877b7e]  (no source info available)
V  [jvm.dll+0x878253]  (no source info available)
V  [jvm.dll+0x27fc86]  (no source info available)
V  [jvm.dll+0xc3d0f]  (no source info available)
V  [jvm.dll+0xc3f6b]  (no source info available)
V  [jvm.dll+0x3bb442]  (no source info available)
V  [jvm.dll+0x387d4b]  (no source info available)
V  [jvm.dll+0x3871ba]  (no source info available)
V  [jvm.dll+0x2477f8]  (no source info available)
V  [jvm.dll+0x246e9f]  (no source info available)
V  [jvm.dll+0x1c4e80]  (no source info available)
V  [jvm.dll+0x2568f3]  (no source info available)
V  [jvm.dll+0x254baa]  (no source info available)
V  [jvm.dll+0x3f57a6]  (no source info available)
V  [jvm.dll+0x81dc0b]  (no source info available)
V  [jvm.dll+0x6e0d85]  (no source info available)
C  [ucrtbase.dll+0x29333]  (no source info available)
C  [KERNEL32.DLL+0x1259d]  (no source info available)
C  [ntdll.dll+0x5af38]  (no source info available)


---------------  P R O C E S S  ---------------

Threads class SMR info:
_java_thread_list=0x000001b35e16b360, length=15, elements={
0x000001b37c207ef0, 0x000001b31761f9b0, 0x000001b3176206d0, 0x000001b3176230c0,
0x000001b317623b20, 0x000001b317624580, 0x000001b317625e70, 0x000001b317626c00,
0x000001b31762d6d0, 0x000001b3178cf640, 0x000001b3178dd450, 0x000001b35d277100,
0x000001b35fd0a8c0, 0x000001b31794a4f0, 0x000001b35e197770
}

Java Threads: ( => current thread )
  0x000001b37c207ef0 JavaThread "main"                              [_thread_in_Java, id=29496, stack(0x00000058b2c00000,0x00000058b2d00000) (1024K)]
  0x000001b31761f9b0 JavaThread "Reference Handler"          daemon [_thread_blocked, id=25032, stack(0x00000058b3400000,0x00000058b3500000) (1024K)]
  0x000001b3176206d0 JavaThread "Finalizer"                  daemon [_thread_blocked, id=18056, stack(0x00000058b3500000,0x00000058b3600000) (1024K)]
  0x000001b3176230c0 JavaThread "Signal Dispatcher"          daemon [_thread_blocked, id=9776, stack(0x00000058b3600000,0x00000058b3700000) (1024K)]
  0x000001b317623b20 JavaThread "Attach Listener"            daemon [_thread_blocked, id=30160, stack(0x00000058b3700000,0x00000058b3800000) (1024K)]
  0x000001b317624580 JavaThread "Service Thread"             daemon [_thread_blocked, id=19840, stack(0x00000058b3800000,0x00000058b3900000) (1024K)]
  0x000001b317625e70 JavaThread "Monitor Deflation Thread"   daemon [_thread_blocked, id=1524, stack(0x00000058b3900000,0x00000058b3a00000) (1024K)]
=>0x000001b317626c00 JavaThread "C2 CompilerThread0"         daemon [_thread_in_native, id=25112, stack(0x00000058b3a00000,0x00000058b3b00000) (1024K)]
  0x000001b31762d6d0 JavaThread "C1 CompilerThread0"         daemon [_thread_blocked, id=28088, stack(0x00000058b3b00000,0x00000058b3c00000) (1024K)]
  0x000001b3178cf640 JavaThread "Notification Thread"        daemon [_thread_blocked, id=23112, stack(0x00000058b3c00000,0x00000058b3d00000) (1024K)]
  0x000001b3178dd450 JavaThread "Common-Cleaner"             daemon [_thread_blocked, id=23796, stack(0x00000058b3d00000,0x00000058b3e00000) (1024K)]
  0x000001b35d277100 JavaThread "ReaderThread"                      [_thread_in_native, id=25436, stack(0x00000058b3e00000,0x00000058b3f00000) (1024K)]
  0x000001b35fd0a8c0 JavaThread "PostgreSQL-JDBC-Cleaner"    daemon [_thread_blocked, id=30504, stack(0x00000058b4800000,0x00000058b4900000) (1024K)]
  0x000001b31794a4f0 JavaThread "HikariPool-1 housekeeper"   daemon [_thread_blocked, id=22220, stack(0x00000058b4900000,0x00000058b4a00000) (1024K)]
  0x000001b35e197770 JavaThread "HikariPool-1 connection adder" daemon [_thread_in_native, id=16976, stack(0x00000058b4a00000,0x00000058b4b00000) (1024K)]
Total: 15

Other Threads:
  0x000001b317601850 VMThread "VM Thread"                           [id=6832, stack(0x00000058b3300000,0x00000058b3400000) (1024K)]
  0x000001b3175e77b0 WatcherThread "VM Periodic Task Thread"        [id=20764, stack(0x00000058b3200000,0x00000058b3300000) (1024K)]
  0x000001b37c243620 WorkerThread "GC Thread#0"                     [id=19792, stack(0x00000058b2d00000,0x00000058b2e00000) (1024K)]
  0x000001b35da153b0 WorkerThread "GC Thread#1"                     [id=24224, stack(0x00000058b3f00000,0x00000058b4000000) (1024K)]
  0x000001b35d907300 WorkerThread "GC Thread#2"                     [id=10884, stack(0x00000058b4000000,0x00000058b4100000) (1024K)]
  0x000001b35d907ac0 WorkerThread "GC Thread#3"                     [id=20984, stack(0x00000058b4100000,0x00000058b4200000) (1024K)]
  0x000001b35da34290 WorkerThread "GC Thread#4"                     [id=4484, stack(0x00000058b4200000,0x00000058b4300000) (1024K)]
  0x000001b35da38790 WorkerThread "GC Thread#5"                     [id=4108, stack(0x00000058b4300000,0x00000058b4400000) (1024K)]
  0x000001b35e2bc000 WorkerThread "GC Thread#6"                     [id=23340, stack(0x00000058b4400000,0x00000058b4500000) (1024K)]
  0x000001b35e2bc3b0 WorkerThread "GC Thread#7"                     [id=27164, stack(0x00000058b4500000,0x00000058b4600000) (1024K)]
  0x000001b37c24c250 ConcurrentGCThread "G1 Main Marker"            [id=6588, stack(0x00000058b2e00000,0x00000058b2f00000) (1024K)]
  0x000001b37c24cd60 WorkerThread "G1 Conc#0"                       [id=21656, stack(0x00000058b2f00000,0x00000058b3000000) (1024K)]
  0x000001b35e5bf830 WorkerThread "G1 Conc#1"                       [id=24128, stack(0x00000058b4700000,0x00000058b4800000) (1024K)]
  0x000001b3174c10a0 ConcurrentGCThread "G1 Refine#0"               [id=15176, stack(0x00000058b3000000,0x00000058b3100000) (1024K)]
  0x000001b37c2a5b20 ConcurrentGCThread "G1 Service"                [id=10816, stack(0x00000058b3100000,0x00000058b3200000) (1024K)]
Total: 15

Threads with active compile tasks:
C2 CompilerThread0  24784 4842       4       org.springframework.beans.factory.support.AbstractBeanFactory::isTypeMatch (745 bytes)
Total: 1

VM state: not at safepoint (normal execution)

VM Mutex/Monitor currently owned by a thread: None

Heap address: 0x00000000c1e00000, size: 994 MB, Compressed Oops mode: 32-bit

CDS archive(s) mapped at: [0x000001b318000000-0x000001b318c60000-0x000001b318c60000), size 12976128, SharedBaseAddress: 0x000001b318000000, ArchiveRelocationMode: 1.
Compressed class space mapped at: 0x000001b319000000-0x000001b359000000, reserved size: 1073741824
Narrow klass base: 0x000001b318000000, Narrow klass shift: 0, Narrow klass range: 0x41000000

GC Precious Log:
 CardTable entry size: 512
 Card Set container configuration: InlinePtr #cards 5 size 8 Array Of Cards #cards 12 size 40 Howl #buckets 4 coarsen threshold 1843 Howl Bitmap #cards 512 size 80 coarsen threshold 460 Card regions per heap region 1 cards per card region 2048
 CPUs: 8 total, 8 available
 Memory: 3974M
 Large Page Support: Disabled
 NUMA Support: Disabled
 Compressed Oops: Enabled (32-bit)
 Heap Region Size: 1M
 Heap Min Capacity: 8M
 Heap Initial Capacity: 64M
 Heap Max Capacity: 994M
 Pre-touch: Disabled
 Parallel Workers: 8
 Concurrent Workers: 2
 Concurrent Refinement Workers: 8
 Periodic GC: Disabled

Heap:
 garbage-first heap   total reserved 1017856K, committed 52224K, used 34348K [0x00000000c1e00000, 0x0000000100000000)
  region size 1024K, 10 young (10240K), 2 survivors (2048K)
 Metaspace       used 42681K, committed 43200K, reserved 1114112K
  class space    used 5744K, committed 5952K, reserved 1048576K

Heap Regions: E=young(eden), S=young(survivor), O=old, HS=humongous(starts), HC=humongous(continues), CS=collection set, F=free, TAMS=top-at-mark-start, PB=parsable bottom
|   0|0x00000000c1e00000, 0x00000000c1f00000, 0x00000000c1f00000|100%|HS|  |TAMS 0x00000000c1e00000| PB 0x00000000c1e00000| Complete |  0
|   1|0x00000000c1f00000, 0x00000000c2000000, 0x00000000c2000000|100%| O|  |TAMS 0x00000000c1f00000| PB 0x00000000c1f00000| Untracked |  0
|   2|0x00000000c2000000, 0x00000000c2100000, 0x00000000c2100000|100%| O|  |TAMS 0x00000000c2000000| PB 0x00000000c2000000| Untracked |  0
|   3|0x00000000c2100000, 0x00000000c2200000, 0x00000000c2200000|100%| O|  |TAMS 0x00000000c2100000| PB 0x00000000c2100000| Untracked |  0
|   4|0x00000000c2200000, 0x00000000c2300000, 0x00000000c2300000|100%| O|  |TAMS 0x00000000c2200000| PB 0x00000000c2200000| Untracked |  0
|   5|0x00000000c2300000, 0x00000000c2400000, 0x00000000c2400000|100%| O|  |TAMS 0x00000000c2300000| PB 0x00000000c2300000| Untracked |  0
|   6|0x00000000c2400000, 0x00000000c2500000, 0x00000000c2500000|100%| O|  |TAMS 0x00000000c2400000| PB 0x00000000c2400000| Untracked |  0
|   7|0x00000000c2500000, 0x00000000c2600000, 0x00000000c2600000|100%| O|  |TAMS 0x00000000c2500000| PB 0x00000000c2500000| Untracked |  0
|   8|0x00000000c2600000, 0x00000000c2700000, 0x00000000c2700000|100%| O|  |TAMS 0x00000000c2600000| PB 0x00000000c2600000| Untracked |  0
|   9|0x00000000c2700000, 0x00000000c2800000, 0x00000000c2800000|100%| O|  |TAMS 0x00000000c2700000| PB 0x00000000c2700000| Untracked |  0
|  10|0x00000000c2800000, 0x00000000c2900000, 0x00000000c2900000|100%| O|  |TAMS 0x00000000c2800000| PB 0x00000000c2800000| Untracked |  0
|  11|0x00000000c2900000, 0x00000000c2a00000, 0x00000000c2a00000|100%| O|  |TAMS 0x00000000c2900000| PB 0x00000000c2900000| Untracked |  0
|  12|0x00000000c2a00000, 0x00000000c2b00000, 0x00000000c2b00000|100%| O|  |TAMS 0x00000000c2a00000| PB 0x00000000c2a00000| Untracked |  0
|  13|0x00000000c2b00000, 0x00000000c2c00000, 0x00000000c2c00000|100%| O|  |TAMS 0x00000000c2b00000| PB 0x00000000c2b00000| Untracked |  0
|  14|0x00000000c2c00000, 0x00000000c2c00000, 0x00000000c2d00000|  0%| F|  |TAMS 0x00000000c2c00000| PB 0x00000000c2c00000| Untracked |  0
|  15|0x00000000c2d00000, 0x00000000c2e00000, 0x00000000c2e00000|100%| O|  |TAMS 0x00000000c2d00000| PB 0x00000000c2d00000| Untracked |  0
|  16|0x00000000c2e00000, 0x00000000c2f00000, 0x00000000c2f00000|100%| O|  |TAMS 0x00000000c2e00000| PB 0x00000000c2e00000| Untracked |  0
|  17|0x00000000c2f00000, 0x00000000c3000000, 0x00000000c3000000|100%| O|  |TAMS 0x00000000c2f00000| PB 0x00000000c2f00000| Untracked |  0
|  18|0x00000000c3000000, 0x00000000c3100000, 0x00000000c3100000|100%| O|  |TAMS 0x00000000c3000000| PB 0x00000000c3000000| Untracked |  0
|  19|0x00000000c3100000, 0x00000000c3200000, 0x00000000c3200000|100%| O|  |TAMS 0x00000000c3100000| PB 0x00000000c3100000| Untracked |  0
|  20|0x00000000c3200000, 0x00000000c3300000, 0x00000000c3300000|100%| O|  |TAMS 0x00000000c3200000| PB 0x00000000c3200000| Untracked |  0
|  21|0x00000000c3300000, 0x00000000c3400000, 0x00000000c3400000|100%| O|  |TAMS 0x00000000c3300000| PB 0x00000000c3300000| Untracked |  0
|  22|0x00000000c3400000, 0x00000000c3500000, 0x00000000c3500000|100%| O|  |TAMS 0x00000000c3400000| PB 0x00000000c3400000| Untracked |  0
|  23|0x00000000c3500000, 0x00000000c3600000, 0x00000000c3600000|100%| O|  |TAMS 0x00000000c3500000| PB 0x00000000c3500000| Untracked |  0
|  24|0x00000000c3600000, 0x00000000c3700000, 0x00000000c3700000|100%| O|  |TAMS 0x00000000c3600000| PB 0x00000000c3600000| Untracked |  0
|  25|0x00000000c3700000, 0x00000000c37e2980, 0x00000000c3800000| 88%| O|  |TAMS 0x00000000c3700000| PB 0x00000000c3700000| Untracked |  0
|  26|0x00000000c3800000, 0x00000000c3800000, 0x00000000c3900000|  0%| F|  |TAMS 0x00000000c3800000| PB 0x00000000c3800000| Untracked |  0
|  27|0x00000000c3900000, 0x00000000c3900000, 0x00000000c3a00000|  0%| F|  |TAMS 0x00000000c3900000| PB 0x00000000c3900000| Untracked |  0
|  28|0x00000000c3a00000, 0x00000000c3a00000, 0x00000000c3b00000|  0%| F|  |TAMS 0x00000000c3a00000| PB 0x00000000c3a00000| Untracked |  0
|  29|0x00000000c3b00000, 0x00000000c3b00000, 0x00000000c3c00000|  0%| F|  |TAMS 0x00000000c3b00000| PB 0x00000000c3b00000| Untracked |  0
|  30|0x00000000c3c00000, 0x00000000c3c00000, 0x00000000c3d00000|  0%| F|  |TAMS 0x00000000c3c00000| PB 0x00000000c3c00000| Untracked |  0
|  31|0x00000000c3d00000, 0x00000000c3da8900, 0x00000000c3e00000| 65%| S|CS|TAMS 0x00000000c3d00000| PB 0x00000000c3d00000| Complete |  0
|  32|0x00000000c3e00000, 0x00000000c3f00000, 0x00000000c3f00000|100%| S|CS|TAMS 0x00000000c3e00000| PB 0x00000000c3e00000| Complete |  0
|  33|0x00000000c3f00000, 0x00000000c3f00000, 0x00000000c4000000|  0%| F|  |TAMS 0x00000000c3f00000| PB 0x00000000c3f00000| Untracked |  0
|  34|0x00000000c4000000, 0x00000000c4000000, 0x00000000c4100000|  0%| F|  |TAMS 0x00000000c4000000| PB 0x00000000c4000000| Untracked |  0
|  35|0x00000000c4100000, 0x00000000c4100000, 0x00000000c4200000|  0%| F|  |TAMS 0x00000000c4100000| PB 0x00000000c4100000| Untracked |  0
|  36|0x00000000c4200000, 0x00000000c4200000, 0x00000000c4300000|  0%| F|  |TAMS 0x00000000c4200000| PB 0x00000000c4200000| Untracked |  0
|  37|0x00000000c4300000, 0x00000000c4300000, 0x00000000c4400000|  0%| F|  |TAMS 0x00000000c4300000| PB 0x00000000c4300000| Untracked |  0
|  38|0x00000000c4400000, 0x00000000c4400000, 0x00000000c4500000|  0%| F|  |TAMS 0x00000000c4400000| PB 0x00000000c4400000| Untracked |  0
|  39|0x00000000c4500000, 0x00000000c4500000, 0x00000000c4600000|  0%| F|  |TAMS 0x00000000c4500000| PB 0x00000000c4500000| Untracked |  0
|  40|0x00000000c4600000, 0x00000000c4600000, 0x00000000c4700000|  0%| F|  |TAMS 0x00000000c4600000| PB 0x00000000c4600000| Untracked |  0
|  41|0x00000000c4700000, 0x00000000c4700000, 0x00000000c4800000|  0%| F|  |TAMS 0x00000000c4700000| PB 0x00000000c4700000| Untracked |  0
|  42|0x00000000c4800000, 0x00000000c4800000, 0x00000000c4900000|  0%| F|  |TAMS 0x00000000c4800000| PB 0x00000000c4800000| Untracked |  0
|  43|0x00000000c4900000, 0x00000000c49b8320, 0x00000000c4a00000| 71%| E|  |TAMS 0x00000000c4900000| PB 0x00000000c4900000| Complete |  0
|  44|0x00000000c4a00000, 0x00000000c4b00000, 0x00000000c4b00000|100%| E|CS|TAMS 0x00000000c4a00000| PB 0x00000000c4a00000| Complete |  0
|  45|0x00000000c4b00000, 0x00000000c4c00000, 0x00000000c4c00000|100%| E|CS|TAMS 0x00000000c4b00000| PB 0x00000000c4b00000| Complete |  0
|  46|0x00000000c4c00000, 0x00000000c4d00000, 0x00000000c4d00000|100%| E|CS|TAMS 0x00000000c4c00000| PB 0x00000000c4c00000| Complete |  0
|  47|0x00000000c4d00000, 0x00000000c4e00000, 0x00000000c4e00000|100%| E|CS|TAMS 0x00000000c4d00000| PB 0x00000000c4d00000| Complete |  0
|  60|0x00000000c5a00000, 0x00000000c5b00000, 0x00000000c5b00000|100%| E|CS|TAMS 0x00000000c5a00000| PB 0x00000000c5a00000| Complete |  0
|  62|0x00000000c5c00000, 0x00000000c5d00000, 0x00000000c5d00000|100%| E|CS|TAMS 0x00000000c5c00000| PB 0x00000000c5c00000| Complete |  0
|  63|0x00000000c5d00000, 0x00000000c5e00000, 0x00000000c5e00000|100%| E|CS|TAMS 0x00000000c5d00000| PB 0x00000000c5d00000| Complete |  0

Card table byte_map: [0x000001b37c7f0000,0x000001b37c9f0000] _byte_map_base: 0x000001b37c1e1000

Marking Bits: (CMBitMap*) 0x000001b37c243d30
 Bits: [0x000001b37c9f0000, 0x000001b37d978000)

Polling page: 0x000001b37b9b0000

Metaspace:

Usage:
  Non-class:     36.07 MB used.
      Class:      5.61 MB used.
       Both:     41.68 MB used.

Virtual space:
  Non-class space:       64.00 MB reserved,      36.38 MB ( 57%) committed,  1 nodes.
      Class space:        1.00 GB reserved,       5.81 MB ( <1%) committed,  1 nodes.
             Both:        1.06 GB reserved,      42.19 MB (  4%) committed. 

Chunk freelists:
   Non-Class:  11.00 MB
       Class:  10.02 MB
        Both:  21.02 MB

MaxMetaspaceSize: unlimited
CompressedClassSpaceSize: 1.00 GB
Initial GC threshold: 21.00 MB
Current GC threshold: 59.19 MB
CDS: on
 - commit_granule_bytes: 65536.
 - commit_granule_words: 8192.
 - virtual_space_node_default_size: 8388608.
 - enlarge_chunks_in_place: 1.
 - use_allocation_guard: 0.


Internal statistics:

num_allocs_failed_limit: 6.
num_arena_births: 680.
num_arena_deaths: 0.
num_vsnodes_births: 2.
num_vsnodes_deaths: 0.
num_space_committed: 675.
num_space_uncommitted: 0.
num_chunks_returned_to_freelist: 6.
num_chunks_taken_from_freelist: 2200.
num_chunk_merges: 6.
num_chunk_splits: 1517.
num_chunks_enlarged: 1118.
num_inconsistent_stats: 0.

CodeHeap 'non-profiled nmethods': size=120000Kb used=2559Kb max_used=2559Kb free=117440Kb
 bounds [0x000001b30fd60000, 0x000001b30ffe0000, 0x000001b317290000]
CodeHeap 'profiled nmethods': size=120000Kb used=9326Kb max_used=9477Kb free=110674Kb
 bounds [0x000001b308290000, 0x000001b308be0000, 0x000001b30f7c0000]
CodeHeap 'non-nmethods': size=5760Kb used=1919Kb max_used=2007Kb free=3840Kb
 bounds [0x000001b30f7c0000, 0x000001b30fa30000, 0x000001b30fd60000]
 total_blobs=5292 nmethods=4603 adapters=592
 compilation: enabled
              stopped_count=0, restarted_count=0
 full_count=0

Compilation events (20 events):
Event: 24.443 Thread 0x000001b31762d6d0 4978       2       java.lang.StringBuilder::append (8 bytes)
Event: 24.443 Thread 0x000001b31762d6d0 nmethod 4978 0x000001b3084a8310 code [0x000001b3084a84a0, 0x000001b3084a85d0]
Event: 24.447 Thread 0x000001b31762d6d0 4979       2       org.springframework.core.SerializableTypeWrapper$MethodInvokeTypeProvider::getType (57 bytes)
Event: 24.449 Thread 0x000001b31762d6d0 nmethod 4979 0x000001b3084a7690 code [0x000001b3084a78e0, 0x000001b3084a7f38]
Event: 24.449 Thread 0x000001b31762d6d0 4980       2       java.util.Formatter$Conversion::isValid (358 bytes)
Event: 24.450 Thread 0x000001b31762d6d0 nmethod 4980 0x000001b3084a7310 code [0x000001b3084a74a0, 0x000001b3084a7618]
Event: 24.450 Thread 0x000001b31762d6d0 4981       2       java.util.Formatter$FormatSpecifier::<init> (68 bytes)
Event: 24.450 Thread 0x000001b31762d6d0 nmethod 4981 0x000001b3084a6d90 code [0x000001b3084a6f60, 0x000001b3084a71a8]
Event: 24.465 Thread 0x000001b31762d6d0 4982       2       org.springframework.core.MethodParameter::<init> (35 bytes)
Event: 24.467 Thread 0x000001b31762d6d0 nmethod 4982 0x000001b3084a6410 code [0x000001b3084a6600, 0x000001b3084a6ae8]
Event: 24.477 Thread 0x000001b31762d6d0 4983       3       org.springframework.transaction.interceptor.TransactionAttributeSourcePointcut::matches (27 bytes)
Event: 24.477 Thread 0x000001b31762d6d0 nmethod 4983 0x000001b3084a5e10 code [0x000001b3084a5fc0, 0x000001b3084a62f8]
Event: 24.477 Thread 0x000001b31762d6d0 4984       3       org.springframework.util.ReflectionUtils::isObjectMethod (40 bytes)
Event: 24.478 Thread 0x000001b31762d6d0 nmethod 4984 0x000001b3084a5410 code [0x000001b3084a5620, 0x000001b3084a5c28]
Event: 24.478 Thread 0x000001b31762d6d0 4985       3       org.springframework.transaction.interceptor.AbstractFallbackTransactionAttributeSource::getTransactionAttribute (176 bytes)
Event: 24.481 Thread 0x000001b31762d6d0 nmethod 4985 0x000001b308353410 code [0x000001b308353740, 0x000001b308354c90]
Event: 24.484 Thread 0x000001b31762d6d0 4986   !   2       jdk.proxy2.$Proxy24::annotationType (29 bytes)
Event: 24.484 Thread 0x000001b31762d6d0 nmethod 4986 0x000001b3084a4e10 code [0x000001b3084a4fe0, 0x000001b3084a5270]
Event: 24.484 Thread 0x000001b31762d6d0 4987   !   2       jdk.proxy2.$Proxy104::annotationType (29 bytes)
Event: 24.485 Thread 0x000001b31762d6d0 nmethod 4987 0x000001b3084a4810 code [0x000001b3084a49e0, 0x000001b3084a4c70]

GC Heap History (20 events):
Event: 8.168 GC heap before
{Heap before GC invocations=1 (full 0):
 garbage-first heap   total reserved 1017856K, committed 65536K, used 35241K [0x00000000c1e00000, 0x0000000100000000)
  region size 1024K, 30 young (30720K), 3 survivors (3072K)
 Metaspace       used 11911K, committed 12224K, reserved 1114112K
  class space    used 1587K, committed 1728K, reserved 1048576K
}
Event: 8.186 GC heap after
{Heap after GC invocations=2 (full 0):
 garbage-first heap   total reserved 1017856K, committed 65536K, used 10340K [0x00000000c1e00000, 0x0000000100000000)
  region size 1024K, 3 young (3072K), 3 survivors (3072K)
 Metaspace       used 11911K, committed 12224K, reserved 1114112K
  class space    used 1587K, committed 1728K, reserved 1048576K
}
Event: 10.237 GC heap before
{Heap before GC invocations=2 (full 0):
 garbage-first heap   total reserved 1017856K, committed 65536K, used 40036K [0x00000000c1e00000, 0x0000000100000000)
  region size 1024K, 33 young (33792K), 3 survivors (3072K)
 Metaspace       used 20659K, committed 20992K, reserved 1114112K
  class space    used 2747K, committed 2880K, reserved 1048576K
}
Event: 10.249 GC heap after
{Heap after GC invocations=3 (full 0):
 garbage-first heap   total reserved 1017856K, committed 65536K, used 13459K [0x00000000c1e00000, 0x0000000100000000)
  region size 1024K, 3 young (3072K), 3 survivors (3072K)
 Metaspace       used 20659K, committed 20992K, reserved 1114112K
  class space    used 2747K, committed 2880K, reserved 1048576K
}
Event: 10.442 GC heap before
{Heap before GC invocations=3 (full 0):
 garbage-first heap   total reserved 1017856K, committed 65536K, used 15507K [0x00000000c1e00000, 0x0000000100000000)
  region size 1024K, 6 young (6144K), 3 survivors (3072K)
 Metaspace       used 21235K, committed 21504K, reserved 1114112K
  class space    used 2809K, committed 2944K, reserved 1048576K
}
Event: 10.452 GC heap after
{Heap after GC invocations=4 (full 0):
 garbage-first heap   total reserved 1017856K, committed 65536K, used 13758K [0x00000000c1e00000, 0x0000000100000000)
  region size 1024K, 1 young (1024K), 1 survivors (1024K)
 Metaspace       used 21235K, committed 21504K, reserved 1114112K
  class space    used 2809K, committed 2944K, reserved 1048576K
}
Event: 12.655 GC heap before
{Heap before GC invocations=5 (full 0):
 garbage-first heap   total reserved 1017856K, committed 48128K, used 47550K [0x00000000c1e00000, 0x0000000100000000)
  region size 1024K, 34 young (34816K), 1 survivors (1024K)
 Metaspace       used 27151K, committed 27584K, reserved 1114112K
  class space    used 3518K, committed 3712K, reserved 1048576K
}
Event: 12.663 GC heap after
{Heap after GC invocations=6 (full 0):
 garbage-first heap   total reserved 1017856K, committed 52224K, used 17099K [0x00000000c1e00000, 0x0000000100000000)
  region size 1024K, 4 young (4096K), 4 survivors (4096K)
 Metaspace       used 27151K, committed 27584K, reserved 1114112K
  class space    used 3518K, committed 3712K, reserved 1048576K
}
Event: 14.418 GC heap before
{Heap before GC invocations=6 (full 0):
 garbage-first heap   total reserved 1017856K, committed 52224K, used 40651K [0x00000000c1e00000, 0x0000000100000000)
  region size 1024K, 27 young (27648K), 4 survivors (4096K)
 Metaspace       used 29779K, committed 30080K, reserved 1114112K
  class space    used 3891K, committed 4032K, reserved 1048576K
}
Event: 14.433 GC heap after
{Heap after GC invocations=7 (full 0):
 garbage-first heap   total reserved 1017856K, committed 52224K, used 19793K [0x00000000c1e00000, 0x0000000100000000)
  region size 1024K, 3 young (3072K), 3 survivors (3072K)
 Metaspace       used 29779K, committed 30080K, reserved 1114112K
  class space    used 3891K, committed 4032K, reserved 1048576K
}
Event: 16.334 GC heap before
{Heap before GC invocations=7 (full 0):
 garbage-first heap   total reserved 1017856K, committed 52224K, used 42321K [0x00000000c1e00000, 0x0000000100000000)
  region size 1024K, 25 young (25600K), 3 survivors (3072K)
 Metaspace       used 32302K, committed 32704K, reserved 1114112K
  class space    used 4241K, committed 4416K, reserved 1048576K
}
Event: 16.344 GC heap after
{Heap after GC invocations=8 (full 0):
 garbage-first heap   total reserved 1017856K, committed 52224K, used 21752K [0x00000000c1e00000, 0x0000000100000000)
  region size 1024K, 2 young (2048K), 2 survivors (2048K)
 Metaspace       used 32302K, committed 32704K, reserved 1114112K
  class space    used 4241K, committed 4416K, reserved 1048576K
}
Event: 18.145 GC heap before
{Heap before GC invocations=8 (full 0):
 garbage-first heap   total reserved 1017856K, committed 52224K, used 43256K [0x00000000c1e00000, 0x0000000100000000)
  region size 1024K, 23 young (23552K), 2 survivors (2048K)
 Metaspace       used 35139K, committed 35520K, reserved 1114112K
  class space    used 4635K, committed 4800K, reserved 1048576K
}
Event: 18.152 GC heap after
{Heap after GC invocations=9 (full 0):
 garbage-first heap   total reserved 1017856K, committed 52224K, used 23531K [0x00000000c1e00000, 0x0000000100000000)
  region size 1024K, 2 young (2048K), 2 survivors (2048K)
 Metaspace       used 35139K, committed 35520K, reserved 1114112K
  class space    used 4635K, committed 4800K, reserved 1048576K
}
Event: 18.531 GC heap before
{Heap before GC invocations=9 (full 0):
 garbage-first heap   total reserved 1017856K, committed 52224K, used 27627K [0x00000000c1e00000, 0x0000000100000000)
  region size 1024K, 7 young (7168K), 2 survivors (2048K)
 Metaspace       used 35852K, committed 36288K, reserved 1114112K
  class space    used 4746K, committed 4928K, reserved 1048576K
}
Event: 18.539 GC heap after
{Heap after GC invocations=10 (full 0):
 garbage-first heap   total reserved 1017856K, committed 52224K, used 24289K [0x00000000c1e00000, 0x0000000100000000)
  region size 1024K, 3 young (3072K), 3 survivors (3072K)
 Metaspace       used 35852K, committed 36288K, reserved 1114112K
  class space    used 4746K, committed 4928K, reserved 1048576K
}
Event: 21.623 GC heap before
{Heap before GC invocations=11 (full 0):
 garbage-first heap   total reserved 1017856K, committed 52224K, used 43745K [0x00000000c1e00000, 0x0000000100000000)
  region size 1024K, 22 young (22528K), 3 survivors (3072K)
 Metaspace       used 38628K, committed 39104K, reserved 1114112K
  class space    used 5140K, committed 5376K, reserved 1048576K
}
Event: 21.635 GC heap after
{Heap after GC invocations=12 (full 0):
 garbage-first heap   total reserved 1017856K, committed 52224K, used 26049K [0x00000000c1e00000, 0x0000000100000000)
  region size 1024K, 3 young (3072K), 3 survivors (3072K)
 Metaspace       used 38628K, committed 39104K, reserved 1114112K
  class space    used 5140K, committed 5376K, reserved 1048576K
}
Event: 23.818 GC heap before
{Heap before GC invocations=12 (full 0):
 garbage-first heap   total reserved 1017856K, committed 52224K, used 44481K [0x00000000c1e00000, 0x0000000100000000)
  region size 1024K, 21 young (21504K), 3 survivors (3072K)
 Metaspace       used 41321K, committed 41920K, reserved 1114112K
  class space    used 5541K, committed 5824K, reserved 1048576K
}
Event: 23.837 GC heap after
{Heap after GC invocations=13 (full 0):
 garbage-first heap   total reserved 1017856K, committed 52224K, used 27180K [0x00000000c1e00000, 0x0000000100000000)
  region size 1024K, 2 young (2048K), 2 survivors (2048K)
 Metaspace       used 41321K, committed 41920K, reserved 1114112K
  class space    used 5541K, committed 5824K, reserved 1048576K
}

Dll operation events (11 events):
Event: 0.051 Loaded shared library C:\Program Files\Java\jdk-22\bin\java.dll
Event: 0.300 Loaded shared library C:\Program Files\Java\jdk-22\bin\jsvml.dll
Event: 1.497 Loaded shared library C:\Program Files\Java\jdk-22\bin\net.dll
Event: 1.505 Loaded shared library C:\Program Files\Java\jdk-22\bin\nio.dll
Event: 1.528 Loaded shared library C:\Program Files\Java\jdk-22\bin\zip.dll
Event: 2.334 Loaded shared library C:\Program Files\Java\jdk-22\bin\jimage.dll
Event: 2.547 Loaded shared library C:\Program Files\Java\jdk-22\bin\extnet.dll
Event: 8.855 Loaded shared library C:\Program Files\Java\jdk-22\bin\le.dll
Event: 13.891 Loaded shared library C:\Program Files\Java\jdk-22\bin\sunmscapi.dll
Event: 20.464 Loaded shared library C:\Program Files\Java\jdk-22\bin\management.dll
Event: 20.473 Loaded shared library C:\Program Files\Java\jdk-22\bin\management_ext.dll

Deoptimization events (20 events):
Event: 23.043 Thread 0x000001b37c207ef0 DEOPT PACKING pc=0x000001b308297b1c sp=0x00000058b2cf7c50
Event: 23.043 Thread 0x000001b37c207ef0 DEOPT UNPACKING pc=0x000001b30f814e42 sp=0x00000058b2cf7128 mode 0
Event: 23.179 Thread 0x000001b37c207ef0 DEOPT PACKING pc=0x000001b3086e1e9c sp=0x00000058b2cfa490
Event: 23.179 Thread 0x000001b37c207ef0 DEOPT UNPACKING pc=0x000001b30f814e42 sp=0x00000058b2cf99b0 mode 0
Event: 23.328 Thread 0x000001b37c207ef0 Uncommon trap: trap_request=0xffffff45 fr.pc=0x000001b30febf360 relative=0x00000000000002c0
Event: 23.328 Thread 0x000001b37c207ef0 Uncommon trap: reason=unstable_if action=reinterpret pc=0x000001b30febf360 method=java.util.ArrayList.indexOfRange(Ljava/lang/Object;II)I @ 7 c2
Event: 23.328 Thread 0x000001b37c207ef0 DEOPT PACKING pc=0x000001b30febf360 sp=0x00000058b2cfaa90
Event: 23.328 Thread 0x000001b37c207ef0 DEOPT UNPACKING pc=0x000001b30f8146a2 sp=0x00000058b2cfaa10 mode 2
Event: 23.385 Thread 0x000001b37c207ef0 Uncommon trap: trap_request=0xffffff45 fr.pc=0x000001b30ffb3478 relative=0x00000000000063f8
Event: 23.385 Thread 0x000001b37c207ef0 Uncommon trap: reason=unstable_if action=reinterpret pc=0x000001b30ffb3478 method=org.springframework.core.annotation.AnnotationsScanner.processMethodHierarchy(Ljava/lang/Object;[ILjava/lang/Class;Lorg/springframework/core/annotation/AnnotationsProcessor;
Event: 23.385 Thread 0x000001b37c207ef0 DEOPT PACKING pc=0x000001b30ffb3478 sp=0x00000058b2cf83d0
Event: 23.385 Thread 0x000001b37c207ef0 DEOPT UNPACKING pc=0x000001b30f8146a2 sp=0x00000058b2cf8408 mode 2
Event: 23.923 Thread 0x000001b37c207ef0 Uncommon trap: trap_request=0xffffff45 fr.pc=0x000001b30ff4bf54 relative=0x0000000000001154
Event: 23.923 Thread 0x000001b37c207ef0 Uncommon trap: reason=unstable_if action=reinterpret pc=0x000001b30ff4bf54 method=java.util.concurrent.ConcurrentHashMap.computeIfAbsent(Ljava/lang/Object;Ljava/util/function/Function;)Ljava/lang/Object; @ 123 c2
Event: 23.923 Thread 0x000001b37c207ef0 DEOPT PACKING pc=0x000001b30ff4bf54 sp=0x00000058b2cfa680
Event: 23.923 Thread 0x000001b37c207ef0 DEOPT UNPACKING pc=0x000001b30f8146a2 sp=0x00000058b2cfa610 mode 2
Event: 24.178 Thread 0x000001b37c207ef0 Uncommon trap: trap_request=0xfffffff4 fr.pc=0x000001b30ff25014 relative=0x00000000000001d4
Event: 24.178 Thread 0x000001b37c207ef0 Uncommon trap: reason=null_check action=make_not_entrant pc=0x000001b30ff25014 method=org.springframework.util.ClassUtils.isAssignable(Ljava/lang/Class;Ljava/lang/Class;)Z @ 14 c2
Event: 24.178 Thread 0x000001b37c207ef0 DEOPT PACKING pc=0x000001b30ff25014 sp=0x00000058b2cfa7e0
Event: 24.178 Thread 0x000001b37c207ef0 DEOPT UNPACKING pc=0x000001b30f8146a2 sp=0x00000058b2cfa780 mode 2

Classes loaded (20 events):
Event: 23.603 Loading class java/lang/classfile/ClassBuilder
Event: 23.604 Loading class java/lang/classfile/ClassFileBuilder
Event: 23.604 Loading class java/lang/classfile/ClassFileBuilder done
Event: 23.604 Loading class java/lang/classfile/ClassBuilder done
Event: 23.605 Loading class java/lang/classfile/ClassElement
Event: 23.605 Loading class java/lang/classfile/ClassFileElement
Event: 23.605 Loading class java/lang/classfile/ClassFileElement done
Event: 23.605 Loading class java/lang/classfile/ClassElement done
Event: 23.966 Loading class java/lang/Package$1PackageInfoProxy
Event: 23.967 Loading class java/lang/Package$1PackageInfoProxy done
Event: 24.208 Loading class java/lang/Character$UnicodeBlock
Event: 24.211 Loading class java/lang/Character$Subset
Event: 24.212 Loading class java/lang/Character$Subset done
Event: 24.215 Loading class java/lang/Character$UnicodeBlock done
Event: 24.238 Loading class java/util/regex/Pattern$LookBehindEndNode
Event: 24.238 Loading class java/util/regex/Pattern$LookBehindEndNode done
Event: 24.239 Loading class java/util/regex/Pattern$NotBehind
Event: 24.239 Loading class java/util/regex/Pattern$NotBehind done
Event: 24.307 Loading class java/util/regex/Pattern$Behind
Event: 24.307 Loading class java/util/regex/Pattern$Behind done

Classes unloaded (0 events):
No events

Classes redefined (0 events):
No events

Internal exceptions (20 events):
Event: 20.234 Thread 0x000001b37c207ef0 Implicit null exception at 0x000001b30fe6b3b6 to 0x000001b30fe6b984
Event: 20.282 Thread 0x000001b37c207ef0 Exception <a 'java/lang/NoSuchMethodError'{0x00000000c3ec9e60}: method resolution failed> (0x00000000c3ec9e60) 
thrown [s\open\src\hotspot\share\prims\methodHandles.cpp, line 1146]
Event: 21.879 Thread 0x000001b37c207ef0 Exception <a 'java/lang/NoSuchMethodError'{0x00000000c5a583e8}: 'java.lang.Object java.lang.invoke.DirectMethodHandle$Holder.invokeStaticInit(java.lang.Object, java.lang.Object, java.lang.Object, java.lang.Object)'> (0x00000000c5a583e8) 
thrown [s\open\src\hotspot\share\interpreter\linkResolver.cpp, line 774]
Event: 21.989 Thread 0x000001b37c207ef0 Exception <a 'java/lang/IncompatibleClassChangeError'{0x00000000c4c30e20}: Found class java.lang.Object, but interface was expected> (0x00000000c4c30e20) 
thrown [s\open\src\hotspot\share\interpreter\linkResolver.cpp, line 841]
Event: 22.092 Thread 0x000001b37c207ef0 Exception <a 'java/lang/IncompatibleClassChangeError'{0x00000000c4b313c8}: Found class java.lang.Object, but interface was expected> (0x00000000c4b313c8) 
thrown [s\open\src\hotspot\share\interpreter\linkResolver.cpp, line 841]
Event: 22.097 Thread 0x000001b37c207ef0 Exception <a 'java/lang/NoSuchMethodError'{0x00000000c4b4ec98}: 'java.lang.Object java.lang.invoke.DirectMethodHandle$Holder.invokeVirtual(java.lang.Object, java.lang.Object, java.lang.Object, java.lang.Object, java.lang.Object)'> (0x00000000c4b4ec98) 
thrown [s\open\src\hotspot\share\interpreter\linkResolver.cpp, line 774]
Event: 22.157 Thread 0x000001b37c207ef0 Exception <a 'java/lang/IncompatibleClassChangeError'{0x00000000c4a0d558}: Found class java.lang.Object, but interface was expected> (0x00000000c4a0d558) 
thrown [s\open\src\hotspot\share\interpreter\linkResolver.cpp, line 841]
Event: 22.320 Thread 0x000001b37c207ef0 Exception <a 'java/lang/NoSuchMethodError'{0x00000000c499c1f8}: 'java.lang.Object java.lang.invoke.DirectMethodHandle$Holder.invokeVirtual(java.lang.Object, java.lang.Object, java.lang.Object, java.lang.Object, java.lang.Object, java.lang.Object, java.lang.Object)'> (0x00000000c499c1f8) 
thrown [s\open\src\hotspot\share\interpreter\linkResolver.cpp, line 774]
Event: 22.389 Thread 0x000001b37c207ef0 Exception <a 'java/lang/IncompatibleClassChangeError'{0x00000000c483dce8}: Found class java.lang.Object, but interface was expected> (0x00000000c483dce8) 
thrown [s\open\src\hotspot\share\interpreter\linkResolver.cpp, line 841]
Event: 22.564 Thread 0x000001b37c207ef0 Exception <a 'java/lang/NoSuchMethodError'{0x00000000c47b5c30}: 'java.lang.Object java.lang.invoke.DirectMethodHandle$Holder.invokeVirtual(java.lang.Object, java.lang.Object, java.lang.Object, java.lang.Object, java.lang.Object, java.lang.Object)'> (0x00000000c47b5c30) 
thrown [s\open\src\hotspot\share\interpreter\linkResolver.cpp, line 774]
Event: 22.726 Thread 0x000001b37c207ef0 Exception <a 'java/lang/NoSuchMethodError'{0x00000000c4556170}: 'java.lang.Object java.lang.invoke.Invokers$Holder.invoke_MT(java.lang.Object, java.lang.Object, java.lang.Object, java.lang.Object, java.lang.Object, java.lang.Object, java.lang.Object, java.lang.Object, java.lang.Object)'> (0x00000000c4556170) 
thrown [s\open\src\hotspot\share\interpreter\linkResolver.cpp, line 774]
Event: 23.328 Thread 0x000001b37c207ef0 Implicit null exception at 0x000001b30febf0e5 to 0x000001b30febf340
Event: 23.509 Thread 0x000001b37c207ef0 Exception <a 'java/lang/IncompatibleClassChangeError'{0x00000000c41ca248}: Found class java.lang.Object, but interface was expected> (0x00000000c41ca248) 
thrown [s\open\src\hotspot\share\interpreter\linkResolver.cpp, line 841]
Event: 23.511 Thread 0x000001b37c207ef0 Exception <a 'java/lang/IncompatibleClassChangeError'{0x00000000c41d69c8}: Found class java.lang.Object, but interface was expected> (0x00000000c41d69c8) 
thrown [s\open\src\hotspot\share\interpreter\linkResolver.cpp, line 841]
Event: 23.528 Thread 0x000001b37c207ef0 Exception <a 'java/lang/IncompatibleClassChangeError'{0x00000000c41ffc20}: Found class java.lang.Object, but interface was expected> (0x00000000c41ffc20) 
thrown [s\open\src\hotspot\share\interpreter\linkResolver.cpp, line 841]
Event: 23.922 Thread 0x000001b37c207ef0 Exception <a 'java/lang/IncompatibleClassChangeError'{0x00000000c5c0bee8}: Found class java.lang.Object, but interface was expected> (0x00000000c5c0bee8) 
thrown [s\open\src\hotspot\share\interpreter\linkResolver.cpp, line 841]
Event: 23.968 Thread 0x000001b37c207ef0 Exception <a 'java/lang/NoSuchMethodError'{0x00000000c5c6c1e0}: 'void java.lang.invoke.DirectMethodHandle$Holder.invokeSpecial(java.lang.Object, java.lang.Object, java.lang.Object, java.lang.Object, java.lang.Object, java.lang.Object, java.lang.Object)'> (0x00000000c5c6c1e0) 
thrown [s\open\src\hotspot\share\interpreter\linkResolver.cpp, line 774]
Event: 24.199 Thread 0x000001b37c207ef0 Exception <a 'java/lang/IncompatibleClassChangeError'{0x00000000c5ad5fe0}: Found class java.lang.Object, but interface was expected> (0x00000000c5ad5fe0) 
thrown [s\open\src\hotspot\share\interpreter\linkResolver.cpp, line 841]
Event: 24.351 Thread 0x000001b37c207ef0 Exception <a 'java/lang/NoSuchMethodError'{0x00000000c4c6feb8}: 'java.lang.Object java.lang.invoke.DirectMethodHandle$Holder.invokeStatic(java.lang.Object, java.lang.Object, int, java.lang.Object)'> (0x00000000c4c6feb8) 
thrown [s\open\src\hotspot\share\interpreter\linkResolver.cpp, line 774]
Event: 24.353 Thread 0x000001b37c207ef0 Exception <a 'java/lang/NoSuchMethodError'{0x00000000c4c769a8}: 'java.lang.Object java.lang.invoke.DirectMethodHandle$Holder.newInvokeSpecial(java.lang.Object, java.lang.Object, int)'> (0x00000000c4c769a8) 
thrown [s\open\src\hotspot\share\interpreter\linkResolver.cpp, line 774]

ZGC Phase Switch (0 events):
No events

VM Operations (20 events):
Event: 18.531 Executing VM operation: CollectForMetadataAllocation (Metadata GC Threshold)
Event: 18.539 Executing VM operation: CollectForMetadataAllocation (Metadata GC Threshold) done
Event: 18.593 Executing VM operation: G1PauseRemark
Event: 18.627 Executing VM operation: G1PauseRemark done
Event: 18.645 Executing VM operation: G1PauseCleanup
Event: 18.645 Executing VM operation: G1PauseCleanup done
Event: 19.659 Executing VM operation: Cleanup
Event: 19.659 Executing VM operation: Cleanup done
Event: 20.667 Executing VM operation: Cleanup
Event: 20.667 Executing VM operation: Cleanup done
Event: 21.623 Executing VM operation: G1CollectForAllocation (G1 Evacuation Pause)
Event: 21.636 Executing VM operation: G1CollectForAllocation (G1 Evacuation Pause) done
Event: 22.647 Executing VM operation: Cleanup
Event: 22.647 Executing VM operation: Cleanup done
Event: 23.178 Executing VM operation: HandshakeAllThreads (Deoptimize)
Event: 23.178 Executing VM operation: HandshakeAllThreads (Deoptimize) done
Event: 23.818 Executing VM operation: G1CollectForAllocation (G1 Evacuation Pause)
Event: 23.837 Executing VM operation: G1CollectForAllocation (G1 Evacuation Pause) done
Event: 23.978 Executing VM operation: HandshakeAllThreads (Deoptimize)
Event: 23.978 Executing VM operation: HandshakeAllThreads (Deoptimize) done

Memory protections (0 events):
No events

Nmethod flushes (20 events):
Event: 18.626 Thread 0x000001b317601850 flushing  nmethod 0x000001b308568190
Event: 18.626 Thread 0x000001b317601850 flushing  nmethod 0x000001b308568490
Event: 18.626 Thread 0x000001b317601850 flushing  nmethod 0x000001b308568810
Event: 18.626 Thread 0x000001b317601850 flushing  nmethod 0x000001b308576610
Event: 18.626 Thread 0x000001b317601850 flushing  nmethod 0x000001b30857eb10
Event: 18.626 Thread 0x000001b317601850 flushing  nmethod 0x000001b30857fc10
Event: 18.626 Thread 0x000001b317601850 flushing  nmethod 0x000001b3085a0590
Event: 18.626 Thread 0x000001b317601850 flushing  nmethod 0x000001b308610790
Event: 18.626 Thread 0x000001b317601850 flushing  nmethod 0x000001b308698690
Event: 18.626 Thread 0x000001b317601850 flushing  nmethod 0x000001b3086bc990
Event: 18.626 Thread 0x000001b317601850 flushing  nmethod 0x000001b3086bcf90
Event: 18.626 Thread 0x000001b317601850 flushing  nmethod 0x000001b3086c3f10
Event: 18.626 Thread 0x000001b317601850 flushing  nmethod 0x000001b3086c4910
Event: 18.626 Thread 0x000001b317601850 flushing  nmethod 0x000001b3086c5a90
Event: 18.626 Thread 0x000001b317601850 flushing  nmethod 0x000001b3086c5e90
Event: 18.626 Thread 0x000001b317601850 flushing  nmethod 0x000001b3086c6d90
Event: 18.626 Thread 0x000001b317601850 flushing  nmethod 0x000001b3086c7590
Event: 18.626 Thread 0x000001b317601850 flushing  nmethod 0x000001b3086c7c10
Event: 18.626 Thread 0x000001b317601850 flushing  nmethod 0x000001b308712410
Event: 18.626 Thread 0x000001b317601850 flushing  nmethod 0x000001b308713310

Events (19 events):
Event: 0.115 Thread 0x000001b37c207ef0 Thread added: 0x000001b37c207ef0
Event: 0.244 Thread 0x000001b37c207ef0 Thread added: 0x000001b31761f9b0
Event: 0.244 Thread 0x000001b37c207ef0 Thread added: 0x000001b3176206d0
Event: 0.249 Thread 0x000001b37c207ef0 Thread added: 0x000001b3176230c0
Event: 0.249 Thread 0x000001b37c207ef0 Thread added: 0x000001b317623b20
Event: 0.252 Thread 0x000001b37c207ef0 Thread added: 0x000001b317624580
Event: 0.252 Thread 0x000001b37c207ef0 Thread added: 0x000001b317625e70
Event: 0.252 Thread 0x000001b37c207ef0 Thread added: 0x000001b317626c00
Event: 0.254 Thread 0x000001b37c207ef0 Thread added: 0x000001b31762d6d0
Event: 1.453 Thread 0x000001b37c207ef0 Thread added: 0x000001b3178cf640
Event: 1.478 Thread 0x000001b37c207ef0 Thread added: 0x000001b3178dd450
Event: 2.573 Thread 0x000001b37c207ef0 Thread added: 0x000001b35d277100
Event: 8.707 Thread 0x000001b37c207ef0 Thread added: 0x000001b35dc322c0
Event: 12.243 Thread 0x000001b37c207ef0 Thread added: 0x000001b35d379bb0
Event: 12.419 Thread 0x000001b35d379bb0 Thread exited: 0x000001b35d379bb0
Event: 13.947 Thread 0x000001b35dc322c0 Thread exited: 0x000001b35dc322c0
Event: 21.675 Thread 0x000001b37c207ef0 Thread added: 0x000001b35fd0a8c0
Event: 21.782 Thread 0x000001b37c207ef0 Thread added: 0x000001b31794a4f0
Event: 21.904 Thread 0x000001b31794a4f0 Thread added: 0x000001b35e197770


Dynamic libraries:
0x00007ff753d80000 - 0x00007ff753d90000 	C:\Program Files\Java\jdk-22\bin\java.exe
0x00007fff08d50000 - 0x00007fff08f67000 	C:\WINDOWS\SYSTEM32\ntdll.dll
0x00007fff06e50000 - 0x00007fff06f14000 	C:\WINDOWS\System32\KERNEL32.DLL
0x00007fff06310000 - 0x00007fff066e3000 	C:\WINDOWS\System32\KERNELBASE.dll
0x00007fff06080000 - 0x00007fff06191000 	C:\WINDOWS\System32\ucrtbase.dll
0x00007ffef57f0000 - 0x00007ffef5807000 	C:\Program Files\Java\jdk-22\bin\jli.dll
0x00007fff07aa0000 - 0x00007fff07c51000 	C:\WINDOWS\System32\USER32.dll
0x00007fff05f80000 - 0x00007fff05fa6000 	C:\WINDOWS\System32\win32u.dll
0x00007fff07150000 - 0x00007fff07179000 	C:\WINDOWS\System32\GDI32.dll
0x00007fff05e60000 - 0x00007fff05f7b000 	C:\WINDOWS\System32\gdi32full.dll
0x00007fff05fb0000 - 0x00007fff0604a000 	C:\WINDOWS\System32\msvcp_win.dll
0x00007ffeec9e0000 - 0x00007ffeecc78000 	C:\WINDOWS\WinSxS\amd64_microsoft.windows.common-controls_6595b64144ccf1df_6.0.22621.5124_none_270e8f4f7386d69d\COMCTL32.dll
0x00007fff073a0000 - 0x00007fff07447000 	C:\WINDOWS\System32\msvcrt.dll
0x00007ffeedf30000 - 0x00007ffeedf4b000 	C:\Program Files\Java\jdk-22\bin\VCRUNTIME140.dll
0x00007fff06c30000 - 0x00007fff06c61000 	C:\WINDOWS\System32\IMM32.DLL
0x00007ffefc470000 - 0x00007ffefc47c000 	C:\Program Files\Java\jdk-22\bin\vcruntime140_1.dll
0x00007ffecbca0000 - 0x00007ffecbd2e000 	C:\Program Files\Java\jdk-22\bin\msvcp140.dll
0x00007ffe9b0d0000 - 0x00007ffe9be19000 	C:\Program Files\Java\jdk-22\bin\server\jvm.dll
0x00007fff06b70000 - 0x00007fff06c21000 	C:\WINDOWS\System32\ADVAPI32.dll
0x00007fff07210000 - 0x00007fff072b8000 	C:\WINDOWS\System32\sechost.dll
0x00007fff06050000 - 0x00007fff06078000 	C:\WINDOWS\System32\bcrypt.dll
0x00007fff07970000 - 0x00007fff07a84000 	C:\WINDOWS\System32\RPCRT4.dll
0x00007fff07c60000 - 0x00007fff07cd1000 	C:\WINDOWS\System32\WS2_32.dll
0x00007fff05d30000 - 0x00007fff05d7d000 	C:\WINDOWS\SYSTEM32\POWRPROF.dll
0x00007ffefcf60000 - 0x00007ffefcf94000 	C:\WINDOWS\SYSTEM32\WINMM.dll
0x00007ffefcf50000 - 0x00007ffefcf5a000 	C:\WINDOWS\SYSTEM32\VERSION.dll
0x00007fff05d10000 - 0x00007fff05d23000 	C:\WINDOWS\SYSTEM32\UMPDC.dll
0x00007fff04df0000 - 0x00007fff04e08000 	C:\WINDOWS\SYSTEM32\kernel.appcore.dll
0x00007ffeed390000 - 0x00007ffeed39a000 	C:\Program Files\Java\jdk-22\bin\jimage.dll
0x00007fff037f0000 - 0x00007fff03a22000 	C:\WINDOWS\SYSTEM32\DBGHELP.DLL
0x00007fff07f10000 - 0x00007fff082a2000 	C:\WINDOWS\System32\combase.dll
0x00007fff072c0000 - 0x00007fff07397000 	C:\WINDOWS\System32\OLEAUT32.dll
0x00007ffeedec0000 - 0x00007ffeedef2000 	C:\WINDOWS\SYSTEM32\dbgcore.DLL
0x00007fff06970000 - 0x00007fff069eb000 	C:\WINDOWS\System32\bcryptPrimitives.dll
0x00007ffeeab60000 - 0x00007ffeeab7e000 	C:\Program Files\Java\jdk-22\bin\java.dll
0x00007fff08470000 - 0x00007fff08d06000 	C:\WINDOWS\System32\SHELL32.dll
0x00007fff06830000 - 0x00007fff0696f000 	C:\WINDOWS\System32\wintypes.dll
0x00007fff06f90000 - 0x00007fff07131000 	C:\WINDOWS\System32\ole32.dll
0x00007fff03d30000 - 0x00007fff0464a000 	C:\WINDOWS\SYSTEM32\windows.storage.dll
0x00007fff06a60000 - 0x00007fff06b6a000 	C:\WINDOWS\System32\SHCORE.dll
0x00007fff069f0000 - 0x00007fff06a53000 	C:\WINDOWS\System32\shlwapi.dll
0x00007fff05d90000 - 0x00007fff05dbb000 	C:\WINDOWS\SYSTEM32\profapi.dll
0x00007ffeb8ff0000 - 0x00007ffeb90c7000 	C:\Program Files\Java\jdk-22\bin\jsvml.dll
0x00007ffeec240000 - 0x00007ffeec250000 	C:\Program Files\Java\jdk-22\bin\net.dll
0x00007fff052c0000 - 0x00007fff0532a000 	C:\WINDOWS\system32\mswsock.dll
0x00007ffeea9d0000 - 0x00007ffeea9e6000 	C:\Program Files\Java\jdk-22\bin\nio.dll
0x00007ffee8290000 - 0x00007ffee82a7000 	C:\Program Files\Java\jdk-22\bin\zip.dll
0x00007fff048b0000 - 0x00007fff048dd000 	C:\WINDOWS\SYSTEM32\IPHLPAPI.DLL
0x00007fff07200000 - 0x00007fff07209000 	C:\WINDOWS\System32\NSI.dll
0x00007ffee6d00000 - 0x00007ffee6d09000 	C:\Program Files\Java\jdk-22\bin\extnet.dll
0x00007ffed1f40000 - 0x00007ffed1f4b000 	C:\Program Files\Java\jdk-22\bin\le.dll
0x00007ffed1c30000 - 0x00007ffed1c3e000 	C:\Program Files\Java\jdk-22\bin\sunmscapi.dll
0x00007fff061a0000 - 0x00007fff06307000 	C:\WINDOWS\System32\CRYPT32.dll
0x00007fff05720000 - 0x00007fff0574d000 	C:\WINDOWS\SYSTEM32\ncrypt.dll
0x00007fff056e0000 - 0x00007fff05717000 	C:\WINDOWS\SYSTEM32\NTASN1.dll
0x00007fff04920000 - 0x00007fff04a22000 	C:\WINDOWS\SYSTEM32\DNSAPI.dll
0x00007ffef9720000 - 0x00007ffef972a000 	C:\Windows\System32\rasadhlp.dll
0x00007ffefa750000 - 0x00007ffefa7d3000 	C:\WINDOWS\System32\fwpuclnt.dll
0x00007ffecf800000 - 0x00007ffecf80a000 	C:\Program Files\Java\jdk-22\bin\management.dll
0x00007ffecf5e0000 - 0x00007ffecf5eb000 	C:\Program Files\Java\jdk-22\bin\management_ext.dll
0x00007fff07140000 - 0x00007fff07148000 	C:\WINDOWS\System32\PSAPI.DLL

dbghelp: loaded successfully - version: 4.0.5 - missing functions: none
symbol engine: initialized successfully - sym options: 0x614 - pdb path: .;C:\Program Files\Java\jdk-22\bin;C:\WINDOWS\SYSTEM32;C:\WINDOWS\WinSxS\amd64_microsoft.windows.common-controls_6595b64144ccf1df_6.0.22621.5124_none_270e8f4f7386d69d;C:\Program Files\Java\jdk-22\bin\server

VM Arguments:
jvm_args: -ea -XX:+ShowCodeDetailsInExceptionMessages -Dfile.encoding=UTF-8 
java_command: org.eclipse.jdt.internal.junit.runner.RemoteTestRunner -version 3 -port 64435 -testLoaderClass org.eclipse.jdt.internal.junit5.runner.JUnit5TestLoader -loaderpluginname org.eclipse.jdt.junit5.runtime -testNameFile C:\Users\lemof\AppData\Local\Temp\testNames2654342550844907149.txt
java_class_path (initial): c:\Dossier_racine\cantine\bin\main;c:\Dossier_racine\cantine\bin\test;c:\Dossier_racine\cantine\bin\default;c:\Users\lemof\.gradle\caches\modules-2\files-2.1\org.projectlombok\lombok\1.18.36\5a30490a6e14977d97d9c73c924c1f1b5311ea95\lombok-1.18.36.jar;c:\Users\lemof\.gradle\caches\modules-2\files-2.1\org.springframework.boot\spring-boot-starter-actuator\3.4.4\e574e9f17229988e61095b738102991e7f72fed\spring-boot-starter-actuator-3.4.4.jar;c:\Users\lemof\.gradle\caches\modules-2\files-2.1\org.springframework.boot\spring-boot-starter-data-jdbc\3.4.4\d640ae78444b62e35e03c378278cc75886f054f8\spring-boot-starter-data-jdbc-3.4.4.jar;c:\Users\lemof\.gradle\caches\modules-2\files-2.1\org.springframework.boot\spring-boot-starter-web\3.4.4\441c0c71f38783c1d34b8bac5f06f1fa6b103274\spring-boot-starter-web-3.4.4.jar;c:\Users\lemof\.gradle\caches\modules-2\files-2.1\org.springframework.boot\spring-boot-starter-thymeleaf\3.4.4\7518201f82759df8d0b2c4c1e45a1fcb4780ea90\spring-boot-starter-thymeleaf-3.4.4.jar;c:\Users\lemof\.gradle\caches\modules-2\files-2.1\nz.net.ultraq.thymeleaf\thymeleaf-layout-dialect\3.3.0\275da01788302e514c0549a4db5fa6b29ef84ba6\thymeleaf-layout-dialect-3.3.0.jar;c:\Users\lemof\.gradle\caches\modules-2\files-2.1\jakarta.inject\jakarta.inject-api\2.0.1\4c28afe1991a941d7702fe1362c365f0a8641d1e\jakarta.inject-api-2.0.1.jar;c:\Users\lemof\.gradle\caches\modules-2\files-2.1\org.springframework.boot\spring-boot-starter-validation\3.4.4\fa0bc381ac02704bb56631c13e33c3be437aa5c\spring-boot-starter-validation-3.4.4.jar;c:\Users\lemof\.gradle\caches\modules-2\files-2.1\org.springframework.boot\spring-boot-starter-security\3.4.4\796c83e0f08979c87b62d19d7d956d1ea453f4cd\spring-boot-starter-security-3.4.4.jar;c:\Users\lemof\.gradle\caches\modules-2\files-2.1\org.thymeleaf.extras\thymeleaf-extras-springsecurity6\3.1.3.RELEASE\f2a9e9505b145d22a52047460c74fb8200f2cb23\thymeleaf-extras-springsecurity6-3.1.3.RELEASE.jar;c:\Users\lemof\.gradle\caches\modules-2\files-2.1\org.springframework.boot\spring-boot-starter-jdbc\3.4.4\c1059487b20babd2e0552d285d64d3cb655d0c4d\spring-boot-starter-jdbc-3.4.4.jar;c:\Users\lemof\.gradle\caches\modules-2\files-2.1\org.springframework.boot\spring-boot-starter-json\3.4.4\7f7ca72abcab50661b7b5d23f63b3bc2375bb2b3\spring-boot-starter-json-3.4.4.jar;c:\Users\lemof\.gradle\caches\modules-2\files-2.1\org.springframework.boot\spring-boot-starter\3.4.4\6ad00ebe69a28a5c1c97f80f81920d65e0e4250b\spring-boot-starter-3.4.4.jar;c:\Users\lemof\.gradle\caches\modules-2\files-2.1\org.springframework.boot\spring-boot-actuator-autoconfigure\3.4.4\d27aab003c7e79cf330117be5daaedecd8a9ebf6\spring-boot-actuator-autoconfigure-3.4.4.jar;c:\Users\lemof\.gradle\caches\modules-2\files-2.1\io.micrometer\micrometer-jakarta9\1.14.5\a8dcc8fd9d7eba30fa27d6026e439c3c917a80bb\micrometer-jakarta9-1.14.5.jar;c:\Users\lemof\.gradle\caches\modules-2\files-2.1\org.springframework\spring-webmvc\6.2.5\db8f1171041d7091f3de80cffdfb9d6c5fbf3015\spring-webmvc-6.2.5.jar;c:\Users\lemof\.gradle\caches\modules-2\files-2.1\org.springframework.security\spring-security-web\6.4.4\b33b3eba22ef5242caef0cf3c0575b0cc303519b\spring-security-web-6.4.4.jar;c:\Users\lemof\.gradle\caches\modules-2\files-2.1\org.springframework\spring-web\6.2.5\b42d2c0acbe05bad4c849883aa8816c25b6c1d94\spring-web-6.2.5.jar;c:\Users\lemof\.gradle\caches\modules-2\files-2.1\io.micrometer\micrometer-core\1.14.5\219117417c2893a62bfe84ea70c4ef8d1ea2da5e\micrometer-core-1.14.5.jar;c:\Users\lemof\.gradle\caches\modules-2\files-2.1\org.springframework.data\spring-data-jdbc\3.4.4\23bdac8dbe381b59b7b8b579df0b926f9505947c\spring-data-jdbc-3.4.4.jar;c:\Users\lemof\.gradle\caches\modules-2\files-2.1\org.springframework.security\spring-security-config\6.4.4\2bb5d949fc3b935a88c701555fdc3af3d0381228\spring-security-config-6.4.4.jar;c:\Users\lemof\.gradle\caches\modules-2\files-2.1\org.springframework.boot\spring-boot-autoconfigure\3.4.4\5ebc8c0682374768ee6eac9acf12f41e76762207\spring-boot-autoconfigure-3.4.4.jar;c:\Users\lemof\.gradle\caches\modules-2\files-2.1\org.springframework.boot\spring-boot-actuator\3.4.4\299e82b115220a6b36797a4259e506b67d2ee2d5\spring-boot-actuator-3.4.4.jar;c:\Users\lemof\.gradle\caches\modules-2\files-2.1\org.springframework.boot\spring-boot\3.4.4\f9dbe14c2e5e35a2cd27156802ea6b7c42ab34fd\spring-boot-3.4.4.jar;c:\Users\lemof\.gradle\caches\modules-2\files-2.1\org.springframework.data\spring-data-relational\3.4.4\912290aa03c55ce5edc7f260e131e67c730b2ddb\spring-data-relational-3.4.4.jar;c:\Users\lemof\.gradle\caches\modules-2\files-2.1\org.springframework.security\spring-security-core\6.4.4\adccc33ba9baf99b4e42436424a4013f89a8806a\spring-security-core-6.4.4.jar;c:\Users\lemof\.gradle\caches\modules-2\files-2.1\org.springframework\spring-context\6.2.5\237de0c3afca2099ab497cc7464726c02b8ab5c5\spring-context-6.2.5.jar;c:\Users\lemof\.gradle\caches\modules-2\files-2.1\io.micrometer\micrometer-observation\1.14.5\b23dff6bf07a29f67fdae8f3f3f8f1c78fa7b126\micrometer-observation-1.14.5.jar;c:\Users\lemof\.gradle\caches\modules-2\files-2.1\org.springframework.boot\spring-boot-starter-tomcat\3.4.4\4b18ac49cf13ef2c9a98418ebd8fc212a5259da9\spring-boot-starter-tomcat-3.4.4.jar;c:\Users\lemof\.gradle\caches\modules-2\files-2.1\org.thymeleaf\thymeleaf-spring6\3.1.3.RELEASE\4b276ea2bd536a18e44b40ff1d9f4848965ff59c\thymeleaf-spring6-3.1.3.RELEASE.jar;c:\Users\lemof\.gradle\caches\modules-2\files-2.1\org.apache.groovy\groovy\4.0.26\1031daf8a73986def8b43c9bbf5d67671eb26553\groovy-4.0.26.jar;c:\Users\lemof\.gradle\caches\modules-2\files-2.1\org.apache.tomcat.embed\tomcat-embed-el\10.1.39\88ff05c768c4654097ab0a9f2b49368a0877ad76\tomcat-embed-el-10.1.39.jar;c:\Users\lemof\.gradle\caches\modules-2\files-2.1\org.hibernate.validator\hibernate-validator\8.0.2.Final\220e64815dd87535525331de20570017f899eb13\hibernate-validator-8.0.2.Final.jar;c:\Users\lemof\.gradle\caches\modules-2\files-2.1\org.springframework\spring-aop\6.2.5\9f436be65bf45ee8643d93e6823d6c81e8f9f91a\spring-aop-6.2.5.jar;c:\Users\lemof\.gradle\caches\modules-2\files-2.1\com.zaxxer\HikariCP\5.1.0\8c96e36c14461fc436bb02b264b96ef3ca5dca8c\HikariCP-5.1.0.jar;c:\Users\lemof\.gradle\caches\modules-2\files-2.1\org.springframework.data\spring-data-commons\3.4.4\24bb91254820f1dd3087ae95667e9bb0a6942b23\spring-data-commons-3.4.4.jar;c:\Users\lemof\.gradle\caches\modules-2\files-2.1\org.thymeleaf\thymeleaf\3.1.3.RELEASE\51474f2a90b282ee97dabcd159c7faf24790f373\thymeleaf-3.1.3.RELEASE.jar;c:\Users\lemof\.gradle\caches\modules-2\files-2.1\org.springframework.boot\spring-boot-starter-logging\3.4.4\1a7bbfd57e0b2d0bde8ffd6aa7a0ebd94e4b0aed\spring-boot-starter-logging-3.4.4.jar;c:\Users\lemof\.gradle\caches\modules-2\files-2.1\ch.qos.logback\logback-classic\1.5.18\fc371f3fc97a639de2d67947cffb7518ec5e3d40\logback-classic-1.5.18.jar;c:\Users\lemof\.gradle\caches\modules-2\files-2.1\org.apache.logging.log4j\log4j-to-slf4j\2.24.3\da1143e2a2531ee1c2d90baa98eb50a28a39d5a7\log4j-to-slf4j-2.24.3.jar;c:\Users\lemof\.gradle\caches\modules-2\files-2.1\org.slf4j\jul-to-slf4j\2.0.17\524cb6ccc2b68a57604750e1ab8b13b5a786a6aa\jul-to-slf4j-2.0.17.jar;c:\Users\lemof\.gradle\caches\modules-2\files-2.1\org.slf4j\slf4j-api\2.0.17\d9e58ac9c7779ba3bf8142aff6c830617a7fe60f\slf4j-api-2.0.17.jar;c:\Users\lemof\.gradle\caches\modules-2\files-2.1\jakarta.annotation\jakarta.annotation-api\2.1.1\48b9bda22b091b1f48b13af03fe36db3be6e1ae3\jakarta.annotation-api-2.1.1.jar;c:\Users\lemof\.gradle\caches\modules-2\files-2.1\org.springframework\spring-jdbc\6.2.5\6eef7c5ac8266aa308522568d98669d82e8ef61f\spring-jdbc-6.2.5.jar;c:\Users\lemof\.gradle\caches\modules-2\files-2.1\org.springframework\spring-tx\6.2.5\99ecc1c976f58ad63df7205e18eac628f2f1fa9a\spring-tx-6.2.5.jar;c:\Users\lemof\.gradle\caches\modules-2\files-2.1\org.springframework\spring-beans\6.2.5\6f8eb671d9905da5a73bc9ab7e703e9fed6a0c3f\spring-beans-6.2.5.jar;c:\Users\lemof\.gradle\caches\modules-2\files-2.1\org.springframework\spring-expression\6.2.5\cb39181911dabe3b3d9992c4b4da38468726ea72\spring-expression-6.2.5.jar;c:\Users\lemof\.gradle\caches\modules-2\files-2.1\org.springframework\spring-core\6.2.5\d6786db7122037bf605e54e3b35f262a19b8d502\spring-core-6.2.5.jar;c:\Users\lemof\.gradle\caches\modules-2\files-2.1\org.yaml\snakeyaml\2.3\936b36210e27320f920536f695cf1af210c44586\snakeyaml-2.3.jar;c:\Users\lemof\.gradle\caches\modules-2\files-2.1\io.micrometer\micrometer-commons\1.14.5\6201a40489ccedc9539c5f7a2c84e9e64702bf10\micrometer-commons-1.14.5.jar;c:\Users\lemof\.gradle\caches\modules-2\files-2.1\com.fasterxml.jackson.datatype\jackson-datatype-jsr310\2.18.3\cc57924cccf42fc852081c36215272f84ffcd991\jackson-datatype-jsr310-2.18.3.jar;c:\Users\lemof\.gradle\caches\modules-2\files-2.1\com.fasterxml.jackson.module\jackson-module-parameter-names\2.18.3\fa63ae5eb3956b1a6d7a7ead2b513af89dea22e7\jackson-module-parameter-names-2.18.3.jar;c:\Users\lemof\.gradle\caches\modules-2\files-2.1\com.fasterxml.jackson.core\jackson-annotations\2.18.3\7fa21cf7da4598f8240e4ebd9779249622af1acd\jackson-annotations-2.18.3.jar;c:\Users\lemof\.gradle\caches\modules-2\files-2.1\com.fasterxml.jackson.core\jackson-core\2.18.3\78f80c259268200e588aa204dd97ecf09b76916e\jackson-core-2.18.3.jar;c:\Users\lemof\.gradle\caches\modules-2\files-2.1\com.fasterxml.jackson.datatype\jackson-datatype-jdk8\2.18.3\621558295660935134b171ce2b0d9ad6842ec2ff\jackson-datatype-jdk8-2.18.3.jar;c:\Users\lemof\.gradle\caches\modules-2\files-2.1\com.fasterxml.jackson.core\jackson-databind\2.18.3\537e3886263e3b3464385040453e92567fd509e2\jackson-databind-2.18.3.jar;c:\Users\lemof\.gradle\caches\modules-2\files-2.1\org.apache.tomcat.embed\tomcat-embed-websocket\10.1.39\abf50abbbae651f95dfcf9fae05f919bfa9b7046\tomcat-embed-websocket-10.1.39.jar;c:\Users\lemof\.gradle\caches\modules-2\files-2.1\org.apache.tomcat.embed\tomcat-embed-core\10.1.39\f6acead04214d5aaea82c2639392208df33b3abe\tomcat-embed-core-10.1.39.jar;c:\Users\lemof\.gradle\caches\modules-2\files-2.1\jakarta.validation\jakarta.validation-api\3.0.2\92b6631659ba35ca09e44874d3eb936edfeee532\jakarta.validation-api-3.0.2.jar;c:\Users\lemof\.gradle\caches\modules-2\files-2.1\org.jboss.logging\jboss-logging\3.6.1.Final\886afbb445b4016a37c8960a7aef6ebd769ce7e5\jboss-logging-3.6.1.Final.jar;c:\Users\lemof\.gradle\caches\modules-2\files-2.1\com.fasterxml\classmate\1.7.0\e98374da1f2143ac8e6e0a95036994bb19137a3\classmate-1.7.0.jar;c:\Users\lemof\.gradle\caches\modules-2\files-2.1\org.springframework\spring-jcl\6.2.5\1b8db3715dc78bd18b60869458d5ee8829ad8e99\spring-jcl-6.2.5.jar;c:\Users\lemof\.gradle\caches\modules-2\files-2.1\org.attoparser\attoparser\2.0.7.RELEASE\e5d0e988d9124139d645bb5872b24dfa23e283cc\attoparser-2.0.7.RELEASE.jar;c:\Users\lemof\.gradle\caches\modules-2\files-2.1\org.unbescape\unbescape\1.1.6.RELEASE\7b90360afb2b860e09e8347112800d12c12b2a13\unbescape-1.1.6.RELEASE.jar;c:\Users\lemof\.gradle\caches\modules-2\files-2.1\org.springframework.security\spring-security-crypto\6.4.4\914088f7c73375ee02cbe69c159b6460dc2f346b\spring-security-crypto-6.4.4.jar;c:\Users\lemof\.gradle\caches\modules-2\files-2.1\ch.qos.logback\logback-core\1.5.18\6c0375624f6f36b4e089e2488ba21334a11ef13f\logback-core-1.5.18.jar;c:\Users\lemof\.gradle\caches\modules-2\files-2.1\org.apache.logging.log4j\log4j-api\2.24.3\b02c125db8b6d295adf72ae6e71af5d83bce2370\log4j-api-2.24.3.jar;c:\Users\lemof\.gradle\caches\modules-2\files-2.1\org.springframework.boot\spring-boot-devtools\3.4.4\b38a49884355d30ca86583e724e4d348bc0b4e74\spring-boot-devtools-3.4.4.jar;c:\Users\lemof\.gradle\caches\modules-2\files-2.1\org.postgresql\postgresql\42.7.5\747897987b86c741fb8b56f6b81929ae1e6e4b46\postgresql-42.7.5.jar;c:\Users\lemof\.gradle\caches\modules-2\files-2.1\nz.net.ultraq.groovy\groovy-extensions\2.1.0\c869dc033867e8861957ff3ff4e1ce0a00260e3a\groovy-extensions-2.1.0.jar;c:\Users\lemof\.gradle\caches\modules-2\files-2.1\nz.net.ultraq.thymeleaf\thymeleaf-expression-processor\3.2.0\566d36d35ba24120e8cef0d55869868e042785cf\thymeleaf-expression-processor-3.2.0.jar;c:\Users\lemof\.gradle\caches\modules-2\files-2.1\org.checkerframework\checker-qual\3.48.3\c48effe7d78de3cf5e8a98c614281ec6a2466a77\checker-qual-3.48.3.jar;c:\Users\lemof\.gradle\caches\modules-2\files-2.1\ognl\ognl\3.3.4\1904789bdd96f226ad252a02f230be1015f4462b\ognl-3.3.4.jar;c:\Users\lemof\.gradle\caches\modules-2\files-2.1\org.hdrhistogram\HdrHistogram\2.2.2\7959933ebcc0f05b2eaa5af0a0c8689fa257b15c\HdrHistogram-2.2.2.jar;c:\Users\lemof\.gradle\caches\modules-2\files-2.1\org.latencyutils\LatencyUtils\2.0.3\769c0b82cb2421c8256300e907298a9410a2a3d3\LatencyUtils-2.0.3.jar;c:\Users\lemof\.gradle\caches\modules-2\files-2.1\org.javassist\javassist\3.29.0-GA\d3959fa7e00bf04dbe519228a23213d2afb625d8\javassist-3.29.0-GA.jar;c:\Users\lemof\.gradle\caches\modules-2\files-2.1\org.springframework.boot\spring-boot-starter-test\3.4.4\4cb1fd0bdc34459bf389df17620e339897d1439c\spring-boot-starter-test-3.4.4.jar;c:\Users\lemof\.gradle\caches\modules-2\files-2.1\org.springframework.boot\spring-boot-test-autoconfigure\3.4.4\3d799c8cd92eed0d0624de08fec52ab01a638e51\spring-boot-test-autoconfigure-3.4.4.jar;c:\Users\lemof\.gradle\caches\modules-2\files-2.1\org.springframework.boot\spring-boot-test\3.4.4\cc93446b14f050793c57ecd74a066ecf9ebac96b\spring-boot-test-3.4.4.jar;c:\Users\lemof\.gradle\caches\modules-2\files-2.1\com.jayway.jsonpath\json-path\2.9.0\37fe2217f577b0b68b18e62c4d17a8858ecf9b69\json-path-2.9.0.jar;c:\Users\lemof\.gradle\caches\modules-2\files-2.1\jakarta.xml.bind\jakarta.xml.bind-api\4.0.2\6cd5a999b834b63238005b7144136379dc36cad2\jakarta.xml.bind-api-4.0.2.jar;c:\Users\lemof\.gradle\caches\modules-2\files-2.1\net.minidev\json-smart\2.5.2\95d166b18f95907be0f46cdb9e1c0695eed03387\json-smart-2.5.2.jar;c:\Users\lemof\.gradle\caches\modules-2\files-2.1\org.assertj\assertj-core\3.26.3\d26263eb7524252d98e602fc6942996a3195e29\assertj-core-3.26.3.jar;c:\Users\lemof\.gradle\caches\modules-2\files-2.1\org.awaitility\awaitility\4.2.2\7336242073ebf83fe034e42b46a403c5501b63c9\awaitility-4.2.2.jar;c:\Users\lemof\.gradle\caches\modules-2\files-2.1\org.hamcrest\hamcrest\2.2\1820c0968dba3a11a1b30669bb1f01978a91dedc\hamcrest-2.2.jar;c:\Users\lemof\.gradle\caches\modules-2\files-2.1\org.junit.jupiter\junit-jupiter-params\5.11.4\e4c86fbe2a39c60c6b87260ef7f7e7c1a1906481\junit-jupiter-params-5.11.4.jar;c:\Users\lemof\.gradle\caches\modules-2\files-2.1\org.junit.jupiter\junit-jupiter-api\5.11.4\308315b28e667db4091b2ba1f7aa220d1ddadb97\junit-jupiter-api-5.11.4.jar;c:\Users\lemof\.gradle\caches\modules-2\files-2.1\org.junit.platform\junit-platform-commons\1.11.4\8898eea3ed0da2641548d602c3e308804f166303\junit-platform-commons-1.11.4.jar;c:\Users\lemof\.gradle\caches\modules-2\files-2.1\org.junit.jupiter\junit-jupiter\5.11.4\a699f024a4a4706b36bddbeb42d499aff9e09379\junit-jupiter-5.11.4.jar;c:\Users\lemof\.gradle\caches\modules-2\files-2.1\org.mockito\mockito-junit-jupiter\5.14.2\3cfc377d4bb9fe729f3dd9098d9a9b27da58324a\mockito-junit-jupiter-5.14.2.jar;c:\Users\lemof\.gradle\caches\modules-2\files-2.1\org.mockito\mockito-core\5.14.2\f7bf936008d7664e2002c3faf0c02071c8d10e7c\mockito-core-5.14.2.jar;c:\Users\lemof\.gradle\caches\modules-2\files-2.1\org.skyscreamer\jsonassert\1.5.3\aaa43e0823d2a0e106e8754d6a9c4ab24e05e9bc\jsonassert-1.5.3.jar;c:\Users\lemof\.gradle\caches\modules-2\files-2.1\org.springframework\spring-test\6.2.5\4db580c1808ae17efab33dee218320a66adfade6\spring-test-6.2.5.jar;c:\Users\lemof\.gradle\caches\modules-2\files-2.1\org.xmlunit\xmlunit-core\2.10.0\1355088731b4ec2107ff7f319f0d7445d916bab\xmlunit-core-2.10.0.jar;c:\Users\lemof\.gradle\caches\modules-2\files-2.1\jakarta.activation\jakarta.activation-api\2.1.3\fa165bd70cda600368eee31555222776a46b881f\jakarta.activation-api-2.1.3.jar;c:\Users\lemof\.gradle\caches\modules-2\files-2.1\net.minidev\accessors-smart\2.5.2\ce16fd235cfee48e67eda33e684423bba09f7d07\accessors-smart-2.5.2.jar;c:\Users\lemof\.gradle\caches\modules-2\files-2.1\net.bytebuddy\byte-buddy\1.15.11\f61886478e0f9ee4c21d09574736f0ff45e0a46c\byte-buddy-1.15.11.jar;c:\Users\lemof\.gradle\caches\modules-2\files-2.1\net.bytebuddy\byte-buddy-agent\1.15.11\a38b16385e867f59a641330f0362ebe742788ed8\byte-buddy-agent-1.15.11.jar;c:\Users\lemof\.gradle\caches\modules-2\files-2.1\com.vaadin.external.google\android-json\0.0.20131108.vaadin1\fa26d351fe62a6a17f5cda1287c1c6110dec413f\android-json-0.0.20131108.vaadin1.jar;c:\Users\lemof\.gradle\caches\modules-2\files-2.1\org.ow2.asm\asm\9.7.1\f0ed132a49244b042cd0e15702ab9f2ce3cc8436\asm-9.7.1.jar;c:\Users\lemof\.gradle\caches\modules-2\files-2.1\org.opentest4j\opentest4j\1.3.0\152ea56b3a72f655d4fd677fc0ef2596c3dd5e6e\opentest4j-1.3.0.jar;c:\Users\lemof\.gradle\caches\modules-2\files-2.1\org.apiguardian\apiguardian-api\1.1.2\a231e0d844d2721b0fa1b238006d15c6ded6842a\apiguardian-api-1.1.2.jar;c:\Users\lemof\.gradle\caches\modules-2\files-2.1\org.junit.jupiter\junit-jupiter-engine\5.11.4\dc10ec209623986a68ea07f67cdc7d2a65a60355\junit-jupiter-engine-5.11.4.jar;c:\Users\lemof\.gradle\caches\modules-2\files-2.1\org.junit.platform\junit-platform-engine\1.11.4\21f61b123ad6ac8f7e73971bff3a096c8d8e1cd0\junit-platform-engine-1.11.4.jar;c:\Users\lemof\.gradle\caches\modules-2\files-2.1\org.junit.platform\junit-platform-launcher\1.11.4\3d83c201899d8c5e74e1a5d628eab900342a0e48\junit-platform-launcher-1.11.4.jar;c:\Users\lemof\.gradle\caches\modules-2\files-2.1\org.objenesis\objenesis\3.3\1049c09f1de4331e8193e579448d0916d75b7631\objenesis-3.3.jar;c:\dev25-Dev-Appli\VSCode-devappli\data\user-data\User\globalStorage\redhat.java\1.42.2025041008\config_win\org.eclipse.osgi\119\0\.cp;c:\dev25-Dev-Appli\VSCode-devappli\data\user-data\User\globalStorage\redhat.java\1.42.2025041008\config_win\org.eclipse.osgi\56\0\.cp
Launcher Type: SUN_STANDARD

[Global flags]
     intx CICompilerCount                          = 4                                         {product} {ergonomic}
     uint ConcGCThreads                            = 2                                         {product} {ergonomic}
     uint G1ConcRefinementThreads                  = 8                                         {product} {ergonomic}
   size_t G1HeapRegionSize                         = 1048576                                   {product} {ergonomic}
   size_t InitialHeapSize                          = 67108864                                  {product} {ergonomic}
   size_t MarkStackSize                            = 4194304                                   {product} {ergonomic}
   size_t MaxHeapSize                              = 1042284544                                {product} {ergonomic}
   size_t MaxNewSize                               = 624951296                                 {product} {ergonomic}
   size_t MinHeapDeltaBytes                        = 1048576                                   {product} {ergonomic}
   size_t MinHeapSize                              = 8388608                                   {product} {ergonomic}
    uintx NonNMethodCodeHeapSize                   = 5839372                                {pd product} {ergonomic}
    uintx NonProfiledCodeHeapSize                  = 122909434                              {pd product} {ergonomic}
    uintx ProfiledCodeHeapSize                     = 122909434                              {pd product} {ergonomic}
    uintx ReservedCodeCacheSize                    = 251658240                              {pd product} {ergonomic}
     bool SegmentedCodeCache                       = true                                      {product} {ergonomic}
     bool ShowCodeDetailsInExceptionMessages       = true                                   {manageable} {command line}
   size_t SoftMaxHeapSize                          = 1042284544                             {manageable} {ergonomic}
     bool UseCompressedOops                        = true                           {product lp64_product} {ergonomic}
     bool UseG1GC                                  = true                                      {product} {ergonomic}
     bool UseLargePagesIndividualAllocation        = false                                  {pd product} {ergonomic}

Logging:
Log output configuration:
 #0: stdout all=warning uptime,level,tags foldmultilines=false
 #1: stderr all=off uptime,level,tags foldmultilines=false

Environment Variables:
PATH=C:\Program Files\Common Files\Oracle\Java\javapath;C:\Program Files (x86)\VMware\VMware Workstation\bin\;C:\WINDOWS\system32;C:\WINDOWS;C:\WINDOWS\System32\Wbem;C:\WINDOWS\System32\WindowsPowerShell\v1.0\;C:\WINDOWS\System32\OpenSSH\;C:\MinGW\bin;C:\Program Files\Git\cmd;C:\Program Files\Docker\Docker\resources\bin;C:\ProgramData\chocolatey\bin;C:\Program Files\dotnet\;C:\Users\lemof\AppData\Local\Programs\Python\Launcher\;C:\Users\lemof\AppData\Local\Microsoft\WindowsApps;C:\Users\lemof\AppData\Local\Programs\Microsoft VS Code\bin;C:\MinGW\bin;C:\ProgramData\lemof\GitHubDesktop\bin;C:\Users\lemof\AppData\Local\GitHubDesktop\bin;C:\Users\lemof\AppData\Local\JetBrains\IntelliJ IDEA 2024.2.1\bin;;C:\Users\lemof\AppData\Local\Programs\Python\Python312\Scripts;;C:\Program Files\JetBrains\PyCharm 2024.3.1.1\bin;
USERNAME=lemof
OS=Windows_NT
PROCESSOR_IDENTIFIER=Intel64 Family 6 Model 142 Stepping 10, GenuineIntel
TMP=C:\Users\lemof\AppData\Local\Temp
TEMP=C:\Users\lemof\AppData\Local\Temp




Periodic native trim disabled

---------------  S Y S T E M  ---------------

OS:
 Windows 11 , 64 bit Build 22621 (10.0.22621.5124)
OS uptime: 0 days 22:40 hours
Hyper-V role detected

CPU: total 8 (initial active 8) (4 cores per cpu, 2 threads per core) family 6 model 142 stepping 10 microcode 0xf6, cx8, cmov, fxsr, ht, mmx, 3dnowpref, sse, sse2, sse3, ssse3, sse4.1, sse4.2, popcnt, lzcnt, tsc, tscinvbit, avx, avx2, aes, erms, clmul, bmi1, bmi2, rtm, adx, fma, vzeroupper, clflush, clflushopt, hv, rdtscp, f16c
Processor Information for all 8 processors :
  Max Mhz: 2112, Current Mhz: 1910, Mhz Limit: 1900

Memory: 4k page, system-wide physical 3974M (143M free)
TotalPageFile size 16262M (AvailPageFile size 6M)
current process WorkingSet (physical memory assigned to process): 183M, peak: 192M
current process commit charge ("private bytes"): 238M, peak: 240M

vm_info: Java HotSpot(TM) 64-Bit Server VM (22.0.2+9-70) for windows-amd64 JRE (22.0.2+9-70), built on 2024-06-04T16:52:23Z by "mach5one" with MS VC++ 17.6 (VS2022)

END.
